<?xml version="1.0" encoding="UTF-8" ?>
<testsuite tests="1" failures="0" name="org.codemaster.shoppingbackend.test.CartLineTestCase" time="0.673" errors="1" skipped="0">
  <properties>
[...]
</properties>
  <testcase classname="org.codemaster.shoppingbackend.test.CartLineTestCase" name="testUpdateCartLine" time="0.673">
    <error type="java.lang.NullPointerException">java.lang.NullPointerException
	at org.codemaster.shoppingbackend.test.CartLineTestCase.testUpdateCartLine(CartLineTestCase.java:43)
	at java.base/jdk.internal.reflect.NativeMethodAccessorImpl.invoke0(Native Method)
	at java.base/jdk.internal.reflect.NativeMethodAccessorImpl.invoke(NativeMethodAccessorImpl.java:62)
	at java.base/jdk.internal.reflect.DelegatingMethodAccessorImpl.invoke(DelegatingMethodAccessorImpl.java:43)
	at java.base/java.lang.reflect.Method.invoke(Method.java:564)
	at org.junit.runners.model.FrameworkMethod$1.runReflectiveCall(FrameworkMethod.java:50)
	at org.junit.internal.runners.model.ReflectiveCallable.run(ReflectiveCallable.java:12)
	at org.junit.runners.model.FrameworkMethod.invokeExplosively(FrameworkMethod.java:47)
	at org.junit.internal.runners.statements.InvokeMethod.evaluate(InvokeMethod.java:17)
	at org.junit.runners.ParentRunner.runLeaf(ParentRunner.java:325)
	at org.junit.runners.BlockJUnit4ClassRunner.runChild(BlockJUnit4ClassRunner.java:78)
	at org.junit.runners.BlockJUnit4ClassRunner.runChild(BlockJUnit4ClassRunner.java:57)
	at org.junit.runners.ParentRunner$3.run(ParentRunner.java:290)
	at org.junit.runners.ParentRunner$1.schedule(ParentRunner.java:71)
	at org.junit.runners.ParentRunner.runChildren(ParentRunner.java:288)
	at org.junit.runners.ParentRunner.access$000(ParentRunner.java:58)
	at org.junit.runners.ParentRunner$2.evaluate(ParentRunner.java:268)
	at org.junit.internal.runners.statements.RunBefores.evaluate(RunBefores.java:26)
	at org.junit.runners.ParentRunner.run(ParentRunner.java:363)
	at org.apache.maven.surefire.junit4.JUnit4Provider.execute(JUnit4Provider.java:252)
	at org.apache.maven.surefire.junit4.JUnit4Provider.executeTestSet(JUnit4Provider.java:141)
	at org.apache.maven.surefire.junit4.JUnit4Provider.invoke(JUnit4Provider.java:112)
	at java.base/jdk.internal.reflect.NativeMethodAccessorImpl.invoke0(Native Method)
	at java.base/jdk.internal.reflect.NativeMethodAccessorImpl.invoke(NativeMethodAccessorImpl.java:62)
	at java.base/jdk.internal.reflect.DelegatingMethodAccessorImpl.invoke(DelegatingMethodAccessorImpl.java:43)
	at java.base/java.lang.reflect.Method.invoke(Method.java:564)
	at org.apache.maven.surefire.util.ReflectionUtils.invokeMethodWithArray(ReflectionUtils.java:189)
	at org.apache.maven.surefire.booter.ProviderFactory$ProviderProxy.invoke(ProviderFactory.java:165)
	at org.apache.maven.surefire.booter.ProviderFactory.invokeProvider(ProviderFactory.java:85)
	at org.apache.maven.surefire.booter.ForkedBooter.runSuitesInProcess(ForkedBooter.java:115)
	at org.apache.maven.surefire.booter.ForkedBooter.main(ForkedBooter.java:75)
</error>
    <system-out>17:26:05.971 [main] DEBUG org.springframework.core.env.StandardEnvironment - Adding PropertySource &apos;systemProperties&apos; with lowest search precedence
17:26:06.016 [main] DEBUG org.springframework.core.env.StandardEnvironment - Adding PropertySource &apos;systemEnvironment&apos; with lowest search precedence
17:26:06.027 [main] DEBUG org.springframework.core.env.StandardEnvironment - Initialized StandardEnvironment with PropertySources [MapPropertySource@943870983 {name=&apos;systemProperties&apos;, properties={sun.desktop=windows, awt.toolkit=sun.awt.windows.WToolkit, java.specification.version=9, file.encoding.pkg=sun.io, sun.cpu.isalist=amd64, sun.jnu.encoding=Cp1252, java.class.path=C:\Users\burha\eclipse-workspace\shoppingbackend\target\test-classes;C:\Users\burha\eclipse-workspace\shoppingbackend\target\classes;C:\Users\burha\.m2\repository\junit\junit\4.12\junit-4.12.jar;C:\Users\burha\.m2\repository\org\hamcrest\hamcrest-core\1.3\hamcrest-core-1.3.jar;C:\Users\burha\.m2\repository\org\springframework\spring-core\5.0.2.RELEASE\spring-core-5.0.2.RELEASE.jar;C:\Users\burha\.m2\repository\org\springframework\spring-jcl\5.0.2.RELEASE\spring-jcl-5.0.2.RELEASE.jar;C:\Users\burha\.m2\repository\commons-logging\commons-logging\1.2\commons-logging-1.2.jar;C:\Users\burha\.m2\repository\org\springframework\spring-context\5.0.2.RELEASE\spring-context-5.0.2.RELEASE.jar;C:\Users\burha\.m2\repository\org\springframework\spring-aop\5.0.2.RELEASE\spring-aop-5.0.2.RELEASE.jar;C:\Users\burha\.m2\repository\org\springframework\spring-beans\5.0.2.RELEASE\spring-beans-5.0.2.RELEASE.jar;C:\Users\burha\.m2\repository\org\springframework\spring-expression\5.0.2.RELEASE\spring-expression-5.0.2.RELEASE.jar;C:\Users\burha\.m2\repository\org\springframework\spring-web\5.0.2.RELEASE\spring-web-5.0.2.RELEASE.jar;C:\Users\burha\.m2\repository\org\springframework\spring-orm\5.0.2.RELEASE\spring-orm-5.0.2.RELEASE.jar;C:\Users\burha\.m2\repository\org\springframework\spring-jdbc\5.0.2.RELEASE\spring-jdbc-5.0.2.RELEASE.jar;C:\Users\burha\.m2\repository\org\springframework\spring-tx\5.0.2.RELEASE\spring-tx-5.0.2.RELEASE.jar;C:\Users\burha\.m2\repository\com\h2database\h2\1.4.196\h2-1.4.196.jar;C:\Users\burha\.m2\repository\org\hibernate\hibernate-core\5.2.12.Final\hibernate-core-5.2.12.Final.jar;C:\Users\burha\.m2\repository\org\jboss\logging\jboss-logging\3.3.0.Final\jboss-logging-3.3.0.Final.jar;C:\Users\burha\.m2\repository\org\hibernate\javax\persistence\hibernate-jpa-2.1-api\1.0.0.Final\hibernate-jpa-2.1-api-1.0.0.Final.jar;C:\Users\burha\.m2\repository\org\javassist\javassist\3.20.0-GA\javassist-3.20.0-GA.jar;C:\Users\burha\.m2\repository\antlr\antlr\2.7.7\antlr-2.7.7.jar;C:\Users\burha\.m2\repository\org\jboss\spec\javax\transaction\jboss-transaction-api_1.2_spec\1.0.1.Final\jboss-transaction-api_1.2_spec-1.0.1.Final.jar;C:\Users\burha\.m2\repository\org\jboss\jandex\2.0.3.Final\jandex-2.0.3.Final.jar;C:\Users\burha\.m2\repository\com\fasterxml\classmate\1.3.0\classmate-1.3.0.jar;C:\Users\burha\.m2\repository\dom4j\dom4j\1.6.1\dom4j-1.6.1.jar;C:\Users\burha\.m2\repository\org\hibernate\common\hibernate-commons-annotations\5.0.1.Final\hibernate-commons-annotations-5.0.1.Final.jar;C:\Users\burha\.m2\repository\org\apache\commons\commons-dbcp2\2.1.1\commons-dbcp2-2.1.1.jar;C:\Users\burha\.m2\repository\org\apache\commons\commons-pool2\2.4.2\commons-pool2-2.4.2.jar;C:\Users\burha\.m2\repository\com\fasterxml\jackson\core\jackson-databind\2.9.2\jackson-databind-2.9.2.jar;C:\Users\burha\.m2\repository\com\fasterxml\jackson\core\jackson-core\2.9.2\jackson-core-2.9.2.jar;C:\Users\burha\.m2\repository\com\fasterxml\jackson\core\jackson-annotations\2.9.2\jackson-annotations-2.9.2.jar;C:\Users\burha\.m2\repository\ch\qos\logback\logback-classic\1.2.1\logback-classic-1.2.1.jar;C:\Users\burha\.m2\repository\ch\qos\logback\logback-core\1.2.1\logback-core-1.2.1.jar;C:\Users\burha\.m2\repository\org\slf4j\slf4j-api\1.7.22\slf4j-api-1.7.22.jar;C:\Users\burha\.m2\repository\org\slf4j\jcl-over-slf4j\1.7.24\jcl-over-slf4j-1.7.24.jar;C:\Users\burha\.m2\repository\org\hibernate\hibernate-validator\5.4.1.Final\hibernate-validator-5.4.1.Final.jar;C:\Users\burha\.m2\repository\javax\validation\validation-api\1.1.0.Final\validation-api-1.1.0.Final.jar;C:\Users\burha\.m2\repository\javax\xml\bind\jaxb-api\2.3.0\jaxb-api-2.3.0.jar;C:\Users\burha\.m2\repository\org\eclipse\persistence\eclipselink\2.7.0\eclipselink-2.7.0.jar;C:\Users\burha\.m2\repository\org\eclipse\persistence\javax.persistence\2.2.0\javax.persistence-2.2.0.jar;C:\Users\burha\.m2\repository\org\eclipse\persistence\commonj.sdo\2.1.1\commonj.sdo-2.1.1.jar;C:\Users\burha\.m2\repository\org\glassfish\javax.json\1.0.4\javax.json-1.0.4.jar;, java.vm.vendor=Oracle Corporation, sun.arch.data.model=64, user.variant=, java.vendor.url=http://java.oracle.com/, user.timezone=Asia/Calcutta, os.name=Windows 10, java.vm.specification.version=9, sun.java.launcher=SUN_STANDARD, user.country=IN, sun.boot.library.path=C:\Program Files\Java\jdk-9.0.1\bin, sun.java.command=C:\Users\burha\eclipse-workspace\shoppingbackend\target\surefire\surefirebooter9984604139632362257.jar C:\Users\burha\eclipse-workspace\shoppingbackend\target\surefire\surefire12498105600398127685tmp C:\Users\burha\eclipse-workspace\shoppingbackend\target\surefire\surefire_015710395096518565385tmp, jdk.debug=release, surefire.test.class.path=C:\Users\burha\eclipse-workspace\shoppingbackend\target\test-classes;C:\Users\burha\eclipse-workspace\shoppingbackend\target\classes;C:\Users\burha\.m2\repository\junit\junit\4.12\junit-4.12.jar;C:\Users\burha\.m2\repository\org\hamcrest\hamcrest-core\1.3\hamcrest-core-1.3.jar;C:\Users\burha\.m2\repository\org\springframework\spring-core\5.0.2.RELEASE\spring-core-5.0.2.RELEASE.jar;C:\Users\burha\.m2\repository\org\springframework\spring-jcl\5.0.2.RELEASE\spring-jcl-5.0.2.RELEASE.jar;C:\Users\burha\.m2\repository\commons-logging\commons-logging\1.2\commons-logging-1.2.jar;C:\Users\burha\.m2\repository\org\springframework\spring-context\5.0.2.RELEASE\spring-context-5.0.2.RELEASE.jar;C:\Users\burha\.m2\repository\org\springframework\spring-aop\5.0.2.RELEASE\spring-aop-5.0.2.RELEASE.jar;C:\Users\burha\.m2\repository\org\springframework\spring-beans\5.0.2.RELEASE\spring-beans-5.0.2.RELEASE.jar;C:\Users\burha\.m2\repository\org\springframework\spring-expression\5.0.2.RELEASE\spring-expression-5.0.2.RELEASE.jar;C:\Users\burha\.m2\repository\org\springframework\spring-web\5.0.2.RELEASE\spring-web-5.0.2.RELEASE.jar;C:\Users\burha\.m2\repository\org\springframework\spring-orm\5.0.2.RELEASE\spring-orm-5.0.2.RELEASE.jar;C:\Users\burha\.m2\repository\org\springframework\spring-jdbc\5.0.2.RELEASE\spring-jdbc-5.0.2.RELEASE.jar;C:\Users\burha\.m2\repository\org\springframework\spring-tx\5.0.2.RELEASE\spring-tx-5.0.2.RELEASE.jar;C:\Users\burha\.m2\repository\com\h2database\h2\1.4.196\h2-1.4.196.jar;C:\Users\burha\.m2\repository\org\hibernate\hibernate-core\5.2.12.Final\hibernate-core-5.2.12.Final.jar;C:\Users\burha\.m2\repository\org\jboss\logging\jboss-logging\3.3.0.Final\jboss-logging-3.3.0.Final.jar;C:\Users\burha\.m2\repository\org\hibernate\javax\persistence\hibernate-jpa-2.1-api\1.0.0.Final\hibernate-jpa-2.1-api-1.0.0.Final.jar;C:\Users\burha\.m2\repository\org\javassist\javassist\3.20.0-GA\javassist-3.20.0-GA.jar;C:\Users\burha\.m2\repository\antlr\antlr\2.7.7\antlr-2.7.7.jar;C:\Users\burha\.m2\repository\org\jboss\spec\javax\transaction\jboss-transaction-api_1.2_spec\1.0.1.Final\jboss-transaction-api_1.2_spec-1.0.1.Final.jar;C:\Users\burha\.m2\repository\org\jboss\jandex\2.0.3.Final\jandex-2.0.3.Final.jar;C:\Users\burha\.m2\repository\com\fasterxml\classmate\1.3.0\classmate-1.3.0.jar;C:\Users\burha\.m2\repository\dom4j\dom4j\1.6.1\dom4j-1.6.1.jar;C:\Users\burha\.m2\repository\org\hibernate\common\hibernate-commons-annotations\5.0.1.Final\hibernate-commons-annotations-5.0.1.Final.jar;C:\Users\burha\.m2\repository\org\apache\commons\commons-dbcp2\2.1.1\commons-dbcp2-2.1.1.jar;C:\Users\burha\.m2\repository\org\apache\commons\commons-pool2\2.4.2\commons-pool2-2.4.2.jar;C:\Users\burha\.m2\repository\com\fasterxml\jackson\core\jackson-databind\2.9.2\jackson-databind-2.9.2.jar;C:\Users\burha\.m2\repository\com\fasterxml\jackson\core\jackson-core\2.9.2\jackson-core-2.9.2.jar;C:\Users\burha\.m2\repository\com\fasterxml\jackson\core\jackson-annotations\2.9.2\jackson-annotations-2.9.2.jar;C:\Users\burha\.m2\repository\ch\qos\logback\logback-classic\1.2.1\logback-classic-1.2.1.jar;C:\Users\burha\.m2\repository\ch\qos\logback\logback-core\1.2.1\logback-core-1.2.1.jar;C:\Users\burha\.m2\repository\org\slf4j\slf4j-api\1.7.22\slf4j-api-1.7.22.jar;C:\Users\burha\.m2\repository\org\slf4j\jcl-over-slf4j\1.7.24\jcl-over-slf4j-1.7.24.jar;C:\Users\burha\.m2\repository\org\hibernate\hibernate-validator\5.4.1.Final\hibernate-validator-5.4.1.Final.jar;C:\Users\burha\.m2\repository\javax\validation\validation-api\1.1.0.Final\validation-api-1.1.0.Final.jar;C:\Users\burha\.m2\repository\javax\xml\bind\jaxb-api\2.3.0\jaxb-api-2.3.0.jar;C:\Users\burha\.m2\repository\org\eclipse\persistence\eclipselink\2.7.0\eclipselink-2.7.0.jar;C:\Users\burha\.m2\repository\org\eclipse\persistence\javax.persistence\2.2.0\javax.persistence-2.2.0.jar;C:\Users\burha\.m2\repository\org\eclipse\persistence\commonj.sdo\2.1.1\commonj.sdo-2.1.1.jar;C:\Users\burha\.m2\repository\org\glassfish\javax.json\1.0.4\javax.json-1.0.4.jar;, sun.cpu.endian=little, user.home=C:\Users\burha, user.language=en, java.specification.vendor=Oracle Corporation, java.home=C:\Program Files\Java\jdk-9.0.1, file.separator=\, basedir=C:\Users\burha\eclipse-workspace\shoppingbackend, java.vm.compressedOopsMode=32-bit, line.separator=
, java.vm.specification.vendor=Oracle Corporation, java.specification.name=Java Platform API Specification, java.awt.graphicsenv=sun.awt.Win32GraphicsEnvironment, surefire.real.class.path=C:\Users\burha\eclipse-workspace\shoppingbackend\target\surefire\surefirebooter9984604139632362257.jar, user.script=, sun.management.compiler=HotSpot 64-Bit Tiered Compilers, java.runtime.version=9.0.1+11, user.name=burha, path.separator=;, os.version=10.0, java.runtime.name=Java(TM) SE Runtime Environment, file.encoding=Cp1252, java.vm.name=Java HotSpot(TM) 64-Bit Server VM, localRepository=C:\Users\burha\.m2\repository, java.vendor.url.bug=http://bugreport.java.com/bugreport/, java.io.tmpdir=C:\Users\burha\AppData\Local\Temp\, java.version=9.0.1, user.dir=C:\Users\burha\eclipse-workspace\shoppingbackend, os.arch=amd64, java.vm.specification.name=Java Virtual Machine Specification, java.awt.printerjob=sun.awt.windows.WPrinterJob, sun.os.patch.level=, java.library.path=C:\Program Files\Java\jdk-9.0.1\bin;C:\WINDOWS\Sun\Java\bin;C:\WINDOWS\system32;C:\WINDOWS;C:\ProgramData\Oracle\Java\javapath;C:\WINDOWS\system32;C:\WINDOWS;C:\WINDOWS\System32\Wbem;C:\WINDOWS\System32\WindowsPowerShell\v1.0\;C:\Users\burha\AppData\Local\Microsoft\WindowsApps;;., java.vm.info=mixed mode, java.vendor=Oracle Corporation, java.vm.version=9.0.1+11, sun.io.unicode.encoding=UnicodeLittle, java.class.version=53.0}}, SystemEnvironmentPropertySource@1136419747 {name=&apos;systemEnvironment&apos;, properties={JAVA=C:\Program Files\Java\jdk-9.0.1, PATH=C:\ProgramData\Oracle\Java\javapath;C:\WINDOWS\system32;C:\WINDOWS;C:\WINDOWS\System32\Wbem;C:\WINDOWS\System32\WindowsPowerShell\v1.0\;C:\Users\burha\AppData\Local\Microsoft\WindowsApps;, USERDOMAIN_ROAMINGPROFILE=DESKTOP-OEA2D0R, LOCALAPPDATA=C:\Users\burha\AppData\Local, PROCESSOR_LEVEL=6, SYSTEMDRIVE=C:, COMMONPROGRAMFILES(X86)=C:\Program Files (x86)\Common Files, USERDOMAIN=DESKTOP-OEA2D0R, LOGONSERVER=\\DESKTOP-OEA2D0R, PROMPT=$P$G, SESSIONNAME=Console, ALLUSERSPROFILE=C:\ProgramData, PROGRAMFILES(X86)=C:\Program Files (x86), PROCESSOR_ARCHITECTURE=AMD64, PROGRAMFILES=C:\Program Files, =C:=C:\Users\burha\eclipse-workspace\shoppingbackend, APPDATA=C:\Users\burha\AppData\Roaming, PSMODULEPATH=C:\Program Files\WindowsPowerShell\Modules;C:\WINDOWS\system32\WindowsPowerShell\v1.0\Modules, PROGRAMW6432=C:\Program Files, PROGRAMDATA=C:\ProgramData, SYSTEMROOT=C:\WINDOWS, USERNAME=burha, ONEDRIVE=C:\Users\burha\OneDrive, PATHEXT=.COM;.EXE;.BAT;.CMD;.VBS;.VBE;.JS;.JSE;.WSF;.WSH;.MSC, OS=Windows_NT, COMMONPROGRAMW6432=C:\Program Files\Common Files, COMPUTERNAME=DESKTOP-OEA2D0R, COMMONPROGRAMFILES=C:\Program Files\Common Files, COMSPEC=C:\WINDOWS\system32\cmd.exe, PROCESSOR_REVISION=2a07, WINDIR=C:\WINDOWS, HOMEPATH=\Users\burha, TEMP=C:\Users\burha\AppData\Local\Temp, HOMEDRIVE=C:, PROCESSOR_IDENTIFIER=Intel64 Family 6 Model 42 Stepping 7, GenuineIntel, USERPROFILE=C:\Users\burha, TMP=C:\Users\burha\AppData\Local\Temp, PUBLIC=C:\Users\Public, NUMBER_OF_PROCESSORS=4, =::=::\}}]
17:26:06.521 [main] DEBUG org.springframework.core.io.support.PathMatchingResourcePatternResolver - Resolved classpath location [org/codemaster/] to resources [URL [file:/C:/Users/burha/eclipse-workspace/shoppingbackend/target/test-classes/org/codemaster/], URL [file:/C:/Users/burha/eclipse-workspace/shoppingbackend/target/classes/org/codemaster/]]
17:26:06.527 [main] DEBUG org.springframework.core.io.support.PathMatchingResourcePatternResolver - Looking for matching resources in directory tree [C:\Users\burha\eclipse-workspace\shoppingbackend\target\test-classes\org\codemaster]
17:26:06.529 [main] DEBUG org.springframework.core.io.support.PathMatchingResourcePatternResolver - Searching directory [C:\Users\burha\eclipse-workspace\shoppingbackend\target\test-classes\org\codemaster] for files matching pattern [C:/Users/burha/eclipse-workspace/shoppingbackend/target/test-classes/org/codemaster/**/*.class]
17:26:06.545 [main] DEBUG org.springframework.core.io.support.PathMatchingResourcePatternResolver - Searching directory [C:\Users\burha\eclipse-workspace\shoppingbackend\target\test-classes\org\codemaster\shoppingbackend] for files matching pattern [C:/Users/burha/eclipse-workspace/shoppingbackend/target/test-classes/org/codemaster/**/*.class]
17:26:06.551 [main] DEBUG org.springframework.core.io.support.PathMatchingResourcePatternResolver - Searching directory [C:\Users\burha\eclipse-workspace\shoppingbackend\target\test-classes\org\codemaster\shoppingbackend\test] for files matching pattern [C:/Users/burha/eclipse-workspace/shoppingbackend/target/test-classes/org/codemaster/**/*.class]
17:26:06.602 [main] DEBUG org.springframework.core.io.support.PathMatchingResourcePatternResolver - Looking for matching resources in directory tree [C:\Users\burha\eclipse-workspace\shoppingbackend\target\classes\org\codemaster]
17:26:06.607 [main] DEBUG org.springframework.core.io.support.PathMatchingResourcePatternResolver - Searching directory [C:\Users\burha\eclipse-workspace\shoppingbackend\target\classes\org\codemaster] for files matching pattern [C:/Users/burha/eclipse-workspace/shoppingbackend/target/classes/org/codemaster/**/*.class]
17:26:06.611 [main] DEBUG org.springframework.core.io.support.PathMatchingResourcePatternResolver - Searching directory [C:\Users\burha\eclipse-workspace\shoppingbackend\target\classes\org\codemaster\shoppingbackend] for files matching pattern [C:/Users/burha/eclipse-workspace/shoppingbackend/target/classes/org/codemaster/**/*.class]
17:26:06.620 [main] DEBUG org.springframework.core.io.support.PathMatchingResourcePatternResolver - Searching directory [C:\Users\burha\eclipse-workspace\shoppingbackend\target\classes\org\codemaster\shoppingbackend\config] for files matching pattern [C:/Users/burha/eclipse-workspace/shoppingbackend/target/classes/org/codemaster/**/*.class]
17:26:06.651 [main] DEBUG org.springframework.core.io.support.PathMatchingResourcePatternResolver - Searching directory [C:\Users\burha\eclipse-workspace\shoppingbackend\target\classes\org\codemaster\shoppingbackend\dao] for files matching pattern [C:/Users/burha/eclipse-workspace/shoppingbackend/target/classes/org/codemaster/**/*.class]
17:26:06.671 [main] DEBUG org.springframework.core.io.support.PathMatchingResourcePatternResolver - Searching directory [C:\Users\burha\eclipse-workspace\shoppingbackend\target\classes\org\codemaster\shoppingbackend\daoimpl] for files matching pattern [C:/Users/burha/eclipse-workspace/shoppingbackend/target/classes/org/codemaster/**/*.class]
17:26:06.774 [main] DEBUG org.springframework.core.io.support.PathMatchingResourcePatternResolver - Searching directory [C:\Users\burha\eclipse-workspace\shoppingbackend\target\classes\org\codemaster\shoppingbackend\dto] for files matching pattern [C:/Users/burha/eclipse-workspace/shoppingbackend/target/classes/org/codemaster/**/*.class]
17:26:06.834 [main] DEBUG org.springframework.core.io.support.PathMatchingResourcePatternResolver - Resolved location pattern [classpath*:org/codemaster/**/*.class] to resources [file [C:\Users\burha\eclipse-workspace\shoppingbackend\target\test-classes\org\codemaster\shoppingbackend\AppTest.class], file [C:\Users\burha\eclipse-workspace\shoppingbackend\target\test-classes\org\codemaster\shoppingbackend\test\CartLineTestCase.class], file [C:\Users\burha\eclipse-workspace\shoppingbackend\target\test-classes\org\codemaster\shoppingbackend\test\UserTestCase.class], file [C:\Users\burha\eclipse-workspace\shoppingbackend\target\classes\org\codemaster\shoppingbackend\App.class], file [C:\Users\burha\eclipse-workspace\shoppingbackend\target\classes\org\codemaster\shoppingbackend\config\HibernateConfig.class], file [C:\Users\burha\eclipse-workspace\shoppingbackend\target\classes\org\codemaster\shoppingbackend\dao\CartLineDAO.class], file [C:\Users\burha\eclipse-workspace\shoppingbackend\target\classes\org\codemaster\shoppingbackend\dao\CategoryDAO.class], file [C:\Users\burha\eclipse-workspace\shoppingbackend\target\classes\org\codemaster\shoppingbackend\dao\ProductDAO.class], file [C:\Users\burha\eclipse-workspace\shoppingbackend\target\classes\org\codemaster\shoppingbackend\dao\UserDAO.class], file [C:\Users\burha\eclipse-workspace\shoppingbackend\target\classes\org\codemaster\shoppingbackend\daoimpl\CartLineDAOImpl.class], file [C:\Users\burha\eclipse-workspace\shoppingbackend\target\classes\org\codemaster\shoppingbackend\daoimpl\CategoryDAOImpl.class], file [C:\Users\burha\eclipse-workspace\shoppingbackend\target\classes\org\codemaster\shoppingbackend\daoimpl\ProductDAOImpl.class], file [C:\Users\burha\eclipse-workspace\shoppingbackend\target\classes\org\codemaster\shoppingbackend\daoimpl\UserDAOImpl.class], file [C:\Users\burha\eclipse-workspace\shoppingbackend\target\classes\org\codemaster\shoppingbackend\dto\Address.class], file [C:\Users\burha\eclipse-workspace\shoppingbackend\target\classes\org\codemaster\shoppingbackend\dto\Cart.class], file [C:\Users\burha\eclipse-workspace\shoppingbackend\target\classes\org\codemaster\shoppingbackend\dto\CartLine.class], file [C:\Users\burha\eclipse-workspace\shoppingbackend\target\classes\org\codemaster\shoppingbackend\dto\Category.class], file [C:\Users\burha\eclipse-workspace\shoppingbackend\target\classes\org\codemaster\shoppingbackend\dto\OrderDetail.class], file [C:\Users\burha\eclipse-workspace\shoppingbackend\target\classes\org\codemaster\shoppingbackend\dto\OrderItem.class], file [C:\Users\burha\eclipse-workspace\shoppingbackend\target\classes\org\codemaster\shoppingbackend\dto\Product.class], file [C:\Users\burha\eclipse-workspace\shoppingbackend\target\classes\org\codemaster\shoppingbackend\dto\User.class]]
17:26:07.312 [main] DEBUG org.springframework.context.annotation.ClassPathBeanDefinitionScanner - Identified candidate component class: file [C:\Users\burha\eclipse-workspace\shoppingbackend\target\classes\org\codemaster\shoppingbackend\config\HibernateConfig.class]
17:26:07.350 [main] DEBUG org.springframework.context.annotation.ClassPathBeanDefinitionScanner - Identified candidate component class: file [C:\Users\burha\eclipse-workspace\shoppingbackend\target\classes\org\codemaster\shoppingbackend\daoimpl\CartLineDAOImpl.class]
17:26:07.356 [main] DEBUG org.springframework.context.annotation.ClassPathBeanDefinitionScanner - Identified candidate component class: file [C:\Users\burha\eclipse-workspace\shoppingbackend\target\classes\org\codemaster\shoppingbackend\daoimpl\CategoryDAOImpl.class]
17:26:07.363 [main] DEBUG org.springframework.context.annotation.ClassPathBeanDefinitionScanner - Identified candidate component class: file [C:\Users\burha\eclipse-workspace\shoppingbackend\target\classes\org\codemaster\shoppingbackend\daoimpl\ProductDAOImpl.class]
17:26:07.374 [main] DEBUG org.springframework.context.annotation.ClassPathBeanDefinitionScanner - Identified candidate component class: file [C:\Users\burha\eclipse-workspace\shoppingbackend\target\classes\org\codemaster\shoppingbackend\daoimpl\UserDAOImpl.class]
17:26:07.405 [main] DEBUG org.springframework.context.annotation.ClassPathBeanDefinitionScanner - Identified candidate component class: file [C:\Users\burha\eclipse-workspace\shoppingbackend\target\classes\org\codemaster\shoppingbackend\dto\Product.class]
17:26:07.442 [main] INFO org.springframework.context.annotation.AnnotationConfigApplicationContext - Refreshing org.springframework.context.annotation.AnnotationConfigApplicationContext@72057ecf: startup date [Thu Dec 07 17:26:07 IST 2017]; root of context hierarchy
17:26:07.443 [main] DEBUG org.springframework.context.annotation.AnnotationConfigApplicationContext - Bean factory for org.springframework.context.annotation.AnnotationConfigApplicationContext@72057ecf: org.springframework.beans.factory.support.DefaultListableBeanFactory@f736069: defining beans [org.springframework.context.annotation.internalConfigurationAnnotationProcessor,org.springframework.context.annotation.internalAutowiredAnnotationProcessor,org.springframework.context.annotation.internalRequiredAnnotationProcessor,org.springframework.context.annotation.internalPersistenceAnnotationProcessor,org.springframework.context.event.internalEventListenerProcessor,org.springframework.context.event.internalEventListenerFactory,hibernateConfig,cartLineDAO,categoryDAO,productDAO,userDAO,product]; root of factory hierarchy
17:26:07.485 [main] DEBUG org.springframework.beans.factory.support.DefaultListableBeanFactory - Creating shared instance of singleton bean &apos;org.springframework.context.annotation.internalConfigurationAnnotationProcessor&apos;
17:26:07.485 [main] DEBUG org.springframework.beans.factory.support.DefaultListableBeanFactory - Creating instance of bean &apos;org.springframework.context.annotation.internalConfigurationAnnotationProcessor&apos;
17:26:07.538 [main] DEBUG org.springframework.beans.factory.support.DefaultListableBeanFactory - Eagerly caching bean &apos;org.springframework.context.annotation.internalConfigurationAnnotationProcessor&apos; to allow for resolving potential circular references
17:26:07.542 [main] DEBUG org.springframework.beans.factory.support.DefaultListableBeanFactory - Finished creating instance of bean &apos;org.springframework.context.annotation.internalConfigurationAnnotationProcessor&apos;
17:26:07.598 [main] DEBUG org.springframework.core.io.support.PathMatchingResourcePatternResolver - Resolved classpath location [org/codemaster/] to resources [URL [file:/C:/Users/burha/eclipse-workspace/shoppingbackend/target/test-classes/org/codemaster/], URL [file:/C:/Users/burha/eclipse-workspace/shoppingbackend/target/classes/org/codemaster/]]
17:26:07.599 [main] DEBUG org.springframework.core.io.support.PathMatchingResourcePatternResolver - Looking for matching resources in directory tree [C:\Users\burha\eclipse-workspace\shoppingbackend\target\test-classes\org\codemaster]
17:26:07.600 [main] DEBUG org.springframework.core.io.support.PathMatchingResourcePatternResolver - Searching directory [C:\Users\burha\eclipse-workspace\shoppingbackend\target\test-classes\org\codemaster] for files matching pattern [C:/Users/burha/eclipse-workspace/shoppingbackend/target/test-classes/org/codemaster/**/*.class]
17:26:07.607 [main] DEBUG org.springframework.core.io.support.PathMatchingResourcePatternResolver - Searching directory [C:\Users\burha\eclipse-workspace\shoppingbackend\target\test-classes\org\codemaster\shoppingbackend] for files matching pattern [C:/Users/burha/eclipse-workspace/shoppingbackend/target/test-classes/org/codemaster/**/*.class]
17:26:07.611 [main] DEBUG org.springframework.core.io.support.PathMatchingResourcePatternResolver - Searching directory [C:\Users\burha\eclipse-workspace\shoppingbackend\target\test-classes\org\codemaster\shoppingbackend\test] for files matching pattern [C:/Users/burha/eclipse-workspace/shoppingbackend/target/test-classes/org/codemaster/**/*.class]
17:26:07.615 [main] DEBUG org.springframework.core.io.support.PathMatchingResourcePatternResolver - Looking for matching resources in directory tree [C:\Users\burha\eclipse-workspace\shoppingbackend\target\classes\org\codemaster]
17:26:07.618 [main] DEBUG org.springframework.core.io.support.PathMatchingResourcePatternResolver - Searching directory [C:\Users\burha\eclipse-workspace\shoppingbackend\target\classes\org\codemaster] for files matching pattern [C:/Users/burha/eclipse-workspace/shoppingbackend/target/classes/org/codemaster/**/*.class]
17:26:07.619 [main] DEBUG org.springframework.core.io.support.PathMatchingResourcePatternResolver - Searching directory [C:\Users\burha\eclipse-workspace\shoppingbackend\target\classes\org\codemaster\shoppingbackend] for files matching pattern [C:/Users/burha/eclipse-workspace/shoppingbackend/target/classes/org/codemaster/**/*.class]
17:26:07.623 [main] DEBUG org.springframework.core.io.support.PathMatchingResourcePatternResolver - Searching directory [C:\Users\burha\eclipse-workspace\shoppingbackend\target\classes\org\codemaster\shoppingbackend\config] for files matching pattern [C:/Users/burha/eclipse-workspace/shoppingbackend/target/classes/org/codemaster/**/*.class]
17:26:07.624 [main] DEBUG org.springframework.core.io.support.PathMatchingResourcePatternResolver - Searching directory [C:\Users\burha\eclipse-workspace\shoppingbackend\target\classes\org\codemaster\shoppingbackend\dao] for files matching pattern [C:/Users/burha/eclipse-workspace/shoppingbackend/target/classes/org/codemaster/**/*.class]
17:26:07.629 [main] DEBUG org.springframework.core.io.support.PathMatchingResourcePatternResolver - Searching directory [C:\Users\burha\eclipse-workspace\shoppingbackend\target\classes\org\codemaster\shoppingbackend\daoimpl] for files matching pattern [C:/Users/burha/eclipse-workspace/shoppingbackend/target/classes/org/codemaster/**/*.class]
17:26:07.647 [main] DEBUG org.springframework.core.io.support.PathMatchingResourcePatternResolver - Searching directory [C:\Users\burha\eclipse-workspace\shoppingbackend\target\classes\org\codemaster\shoppingbackend\dto] for files matching pattern [C:/Users/burha/eclipse-workspace/shoppingbackend/target/classes/org/codemaster/**/*.class]
17:26:07.653 [main] DEBUG org.springframework.core.io.support.PathMatchingResourcePatternResolver - Resolved location pattern [classpath*:org/codemaster/**/*.class] to resources [file [C:\Users\burha\eclipse-workspace\shoppingbackend\target\test-classes\org\codemaster\shoppingbackend\AppTest.class], file [C:\Users\burha\eclipse-workspace\shoppingbackend\target\test-classes\org\codemaster\shoppingbackend\test\CartLineTestCase.class], file [C:\Users\burha\eclipse-workspace\shoppingbackend\target\test-classes\org\codemaster\shoppingbackend\test\UserTestCase.class], file [C:\Users\burha\eclipse-workspace\shoppingbackend\target\classes\org\codemaster\shoppingbackend\App.class], file [C:\Users\burha\eclipse-workspace\shoppingbackend\target\classes\org\codemaster\shoppingbackend\config\HibernateConfig.class], file [C:\Users\burha\eclipse-workspace\shoppingbackend\target\classes\org\codemaster\shoppingbackend\dao\CartLineDAO.class], file [C:\Users\burha\eclipse-workspace\shoppingbackend\target\classes\org\codemaster\shoppingbackend\dao\CategoryDAO.class], file [C:\Users\burha\eclipse-workspace\shoppingbackend\target\classes\org\codemaster\shoppingbackend\dao\ProductDAO.class], file [C:\Users\burha\eclipse-workspace\shoppingbackend\target\classes\org\codemaster\shoppingbackend\dao\UserDAO.class], file [C:\Users\burha\eclipse-workspace\shoppingbackend\target\classes\org\codemaster\shoppingbackend\daoimpl\CartLineDAOImpl.class], file [C:\Users\burha\eclipse-workspace\shoppingbackend\target\classes\org\codemaster\shoppingbackend\daoimpl\CategoryDAOImpl.class], file [C:\Users\burha\eclipse-workspace\shoppingbackend\target\classes\org\codemaster\shoppingbackend\daoimpl\ProductDAOImpl.class], file [C:\Users\burha\eclipse-workspace\shoppingbackend\target\classes\org\codemaster\shoppingbackend\daoimpl\UserDAOImpl.class], file [C:\Users\burha\eclipse-workspace\shoppingbackend\target\classes\org\codemaster\shoppingbackend\dto\Address.class], file [C:\Users\burha\eclipse-workspace\shoppingbackend\target\classes\org\codemaster\shoppingbackend\dto\Cart.class], file [C:\Users\burha\eclipse-workspace\shoppingbackend\target\classes\org\codemaster\shoppingbackend\dto\CartLine.class], file [C:\Users\burha\eclipse-workspace\shoppingbackend\target\classes\org\codemaster\shoppingbackend\dto\Category.class], file [C:\Users\burha\eclipse-workspace\shoppingbackend\target\classes\org\codemaster\shoppingbackend\dto\OrderDetail.class], file [C:\Users\burha\eclipse-workspace\shoppingbackend\target\classes\org\codemaster\shoppingbackend\dto\OrderItem.class], file [C:\Users\burha\eclipse-workspace\shoppingbackend\target\classes\org\codemaster\shoppingbackend\dto\Product.class], file [C:\Users\burha\eclipse-workspace\shoppingbackend\target\classes\org\codemaster\shoppingbackend\dto\User.class]]
17:26:07.660 [main] DEBUG org.springframework.context.annotation.ClassPathBeanDefinitionScanner - Identified candidate component class: file [C:\Users\burha\eclipse-workspace\shoppingbackend\target\classes\org\codemaster\shoppingbackend\daoimpl\CartLineDAOImpl.class]
17:26:07.661 [main] DEBUG org.springframework.context.annotation.ClassPathBeanDefinitionScanner - Identified candidate component class: file [C:\Users\burha\eclipse-workspace\shoppingbackend\target\classes\org\codemaster\shoppingbackend\daoimpl\CategoryDAOImpl.class]
17:26:07.664 [main] DEBUG org.springframework.context.annotation.ClassPathBeanDefinitionScanner - Identified candidate component class: file [C:\Users\burha\eclipse-workspace\shoppingbackend\target\classes\org\codemaster\shoppingbackend\daoimpl\ProductDAOImpl.class]
17:26:07.665 [main] DEBUG org.springframework.context.annotation.ClassPathBeanDefinitionScanner - Identified candidate component class: file [C:\Users\burha\eclipse-workspace\shoppingbackend\target\classes\org\codemaster\shoppingbackend\daoimpl\UserDAOImpl.class]
17:26:07.669 [main] DEBUG org.springframework.context.annotation.ClassPathBeanDefinitionScanner - Identified candidate component class: file [C:\Users\burha\eclipse-workspace\shoppingbackend\target\classes\org\codemaster\shoppingbackend\dto\Product.class]
17:26:07.965 [main] DEBUG org.springframework.context.annotation.ConfigurationClassBeanDefinitionReader - Registered bean definition for imported class &apos;org.springframework.transaction.annotation.ProxyTransactionManagementConfiguration&apos;
17:26:07.969 [main] DEBUG org.springframework.context.annotation.ConfigurationClassBeanDefinitionReader - Registering bean definition for @Bean method org.springframework.transaction.annotation.ProxyTransactionManagementConfiguration.org.springframework.transaction.config.internalTransactionAdvisor()
17:26:07.970 [main] DEBUG org.springframework.context.annotation.ConfigurationClassBeanDefinitionReader - Registering bean definition for @Bean method org.springframework.transaction.annotation.ProxyTransactionManagementConfiguration.transactionAttributeSource()
17:26:07.970 [main] DEBUG org.springframework.context.annotation.ConfigurationClassBeanDefinitionReader - Registering bean definition for @Bean method org.springframework.transaction.annotation.ProxyTransactionManagementConfiguration.transactionInterceptor()
17:26:07.972 [main] DEBUG org.springframework.context.annotation.ConfigurationClassBeanDefinitionReader - Registering bean definition for @Bean method org.springframework.transaction.annotation.ProxyTransactionManagementConfiguration.org.springframework.transaction.config.internalTransactionalEventListenerFactory()
17:26:07.974 [main] DEBUG org.springframework.context.annotation.ConfigurationClassBeanDefinitionReader - Registering bean definition for @Bean method org.codemaster.shoppingbackend.config.HibernateConfig.dataSource()
17:26:07.974 [main] DEBUG org.springframework.context.annotation.ConfigurationClassBeanDefinitionReader - Registering bean definition for @Bean method org.codemaster.shoppingbackend.config.HibernateConfig.getSessionFactory()
17:26:07.974 [main] DEBUG org.springframework.context.annotation.ConfigurationClassBeanDefinitionReader - Registering bean definition for @Bean method org.codemaster.shoppingbackend.config.HibernateConfig.getTransactionManager()
17:26:08.194 [main] DEBUG org.springframework.context.annotation.ConfigurationClassEnhancer - Successfully enhanced org.codemaster.shoppingbackend.config.HibernateConfig; enhanced class name is: org.codemaster.shoppingbackend.config.HibernateConfig$$EnhancerBySpringCGLIB$$c51d169c
17:26:08.196 [main] DEBUG org.springframework.context.annotation.ConfigurationClassPostProcessor - Replacing bean definition &apos;hibernateConfig&apos; existing class &apos;org.codemaster.shoppingbackend.config.HibernateConfig&apos; with enhanced class &apos;org.codemaster.shoppingbackend.config.HibernateConfig$$EnhancerBySpringCGLIB$$c51d169c&apos;
17:26:08.213 [main] DEBUG org.springframework.context.annotation.ConfigurationClassEnhancer - Successfully enhanced org.springframework.transaction.annotation.ProxyTransactionManagementConfiguration; enhanced class name is: org.springframework.transaction.annotation.ProxyTransactionManagementConfiguration$$EnhancerBySpringCGLIB$$c14d738
17:26:08.214 [main] DEBUG org.springframework.context.annotation.ConfigurationClassPostProcessor - Replacing bean definition &apos;org.springframework.transaction.annotation.ProxyTransactionManagementConfiguration&apos; existing class &apos;org.springframework.transaction.annotation.ProxyTransactionManagementConfiguration&apos; with enhanced class &apos;org.springframework.transaction.annotation.ProxyTransactionManagementConfiguration$$EnhancerBySpringCGLIB$$c14d738&apos;
17:26:08.219 [main] DEBUG org.springframework.beans.factory.support.DefaultListableBeanFactory - Creating shared instance of singleton bean &apos;org.springframework.context.annotation.internalAutowiredAnnotationProcessor&apos;
17:26:08.219 [main] DEBUG org.springframework.beans.factory.support.DefaultListableBeanFactory - Creating instance of bean &apos;org.springframework.context.annotation.internalAutowiredAnnotationProcessor&apos;
17:26:08.221 [main] DEBUG org.springframework.beans.factory.support.DefaultListableBeanFactory - Eagerly caching bean &apos;org.springframework.context.annotation.internalAutowiredAnnotationProcessor&apos; to allow for resolving potential circular references
17:26:08.360 [main] DEBUG org.springframework.beans.factory.support.DefaultListableBeanFactory - Finished creating instance of bean &apos;org.springframework.context.annotation.internalAutowiredAnnotationProcessor&apos;
17:26:08.360 [main] DEBUG org.springframework.beans.factory.support.DefaultListableBeanFactory - Creating shared instance of singleton bean &apos;org.springframework.context.annotation.internalRequiredAnnotationProcessor&apos;
17:26:08.361 [main] DEBUG org.springframework.beans.factory.support.DefaultListableBeanFactory - Creating instance of bean &apos;org.springframework.context.annotation.internalRequiredAnnotationProcessor&apos;
17:26:08.363 [main] DEBUG org.springframework.beans.factory.support.DefaultListableBeanFactory - Eagerly caching bean &apos;org.springframework.context.annotation.internalRequiredAnnotationProcessor&apos; to allow for resolving potential circular references
17:26:08.376 [main] DEBUG org.springframework.beans.factory.support.DefaultListableBeanFactory - Finished creating instance of bean &apos;org.springframework.context.annotation.internalRequiredAnnotationProcessor&apos;
17:26:08.376 [main] DEBUG org.springframework.beans.factory.support.DefaultListableBeanFactory - Creating shared instance of singleton bean &apos;org.springframework.context.annotation.internalPersistenceAnnotationProcessor&apos;
17:26:08.376 [main] DEBUG org.springframework.beans.factory.support.DefaultListableBeanFactory - Creating instance of bean &apos;org.springframework.context.annotation.internalPersistenceAnnotationProcessor&apos;
17:26:08.376 [main] DEBUG org.springframework.beans.factory.support.DefaultListableBeanFactory - Eagerly caching bean &apos;org.springframework.context.annotation.internalPersistenceAnnotationProcessor&apos; to allow for resolving potential circular references
17:26:08.407 [main] DEBUG org.springframework.beans.factory.support.DefaultListableBeanFactory - Finished creating instance of bean &apos;org.springframework.context.annotation.internalPersistenceAnnotationProcessor&apos;
17:26:08.407 [main] DEBUG org.springframework.beans.factory.support.DefaultListableBeanFactory - Creating shared instance of singleton bean &apos;org.springframework.aop.config.internalAutoProxyCreator&apos;
17:26:08.408 [main] DEBUG org.springframework.beans.factory.support.DefaultListableBeanFactory - Creating instance of bean &apos;org.springframework.aop.config.internalAutoProxyCreator&apos;
17:26:08.440 [main] DEBUG org.springframework.beans.factory.support.DefaultListableBeanFactory - Eagerly caching bean &apos;org.springframework.aop.config.internalAutoProxyCreator&apos; to allow for resolving potential circular references
17:26:08.520 [main] DEBUG org.springframework.beans.factory.support.DefaultListableBeanFactory - Finished creating instance of bean &apos;org.springframework.aop.config.internalAutoProxyCreator&apos;
17:26:08.526 [main] DEBUG org.springframework.context.annotation.AnnotationConfigApplicationContext - Unable to locate MessageSource with name &apos;messageSource&apos;: using default [org.springframework.context.support.DelegatingMessageSource@27eedb64]
17:26:08.537 [main] DEBUG org.springframework.context.annotation.AnnotationConfigApplicationContext - Unable to locate ApplicationEventMulticaster with name &apos;applicationEventMulticaster&apos;: using default [org.springframework.context.event.SimpleApplicationEventMulticaster@539d019]
17:26:08.541 [main] DEBUG org.springframework.beans.factory.support.DefaultListableBeanFactory - Pre-instantiating singletons in org.springframework.beans.factory.support.DefaultListableBeanFactory@f736069: defining beans [org.springframework.context.annotation.internalConfigurationAnnotationProcessor,org.springframework.context.annotation.internalAutowiredAnnotationProcessor,org.springframework.context.annotation.internalRequiredAnnotationProcessor,org.springframework.context.annotation.internalPersistenceAnnotationProcessor,org.springframework.context.event.internalEventListenerProcessor,org.springframework.context.event.internalEventListenerFactory,hibernateConfig,cartLineDAO,categoryDAO,productDAO,userDAO,product,org.springframework.transaction.annotation.ProxyTransactionManagementConfiguration,org.springframework.transaction.config.internalTransactionAdvisor,transactionAttributeSource,transactionInterceptor,org.springframework.transaction.config.internalTransactionalEventListenerFactory,dataSource,getSessionFactory,getTransactionManager,org.springframework.aop.config.internalAutoProxyCreator]; root of factory hierarchy
17:26:08.546 [main] DEBUG org.springframework.beans.factory.support.DefaultListableBeanFactory - Returning cached instance of singleton bean &apos;org.springframework.context.annotation.internalConfigurationAnnotationProcessor&apos;
17:26:08.547 [main] DEBUG org.springframework.beans.factory.support.DefaultListableBeanFactory - Returning cached instance of singleton bean &apos;org.springframework.context.annotation.internalAutowiredAnnotationProcessor&apos;
17:26:08.548 [main] DEBUG org.springframework.beans.factory.support.DefaultListableBeanFactory - Returning cached instance of singleton bean &apos;org.springframework.context.annotation.internalRequiredAnnotationProcessor&apos;
17:26:08.548 [main] DEBUG org.springframework.beans.factory.support.DefaultListableBeanFactory - Returning cached instance of singleton bean &apos;org.springframework.context.annotation.internalPersistenceAnnotationProcessor&apos;
17:26:08.549 [main] DEBUG org.springframework.beans.factory.support.DefaultListableBeanFactory - Creating shared instance of singleton bean &apos;org.springframework.context.event.internalEventListenerProcessor&apos;
17:26:08.549 [main] DEBUG org.springframework.beans.factory.support.DefaultListableBeanFactory - Creating instance of bean &apos;org.springframework.context.event.internalEventListenerProcessor&apos;
17:26:08.556 [main] DEBUG org.springframework.beans.factory.support.DefaultListableBeanFactory - Eagerly caching bean &apos;org.springframework.context.event.internalEventListenerProcessor&apos; to allow for resolving potential circular references
17:26:08.567 [main] DEBUG org.springframework.beans.factory.support.DefaultListableBeanFactory - Creating shared instance of singleton bean &apos;org.springframework.transaction.config.internalTransactionAdvisor&apos;
17:26:08.567 [main] DEBUG org.springframework.beans.factory.support.DefaultListableBeanFactory - Creating instance of bean &apos;org.springframework.transaction.config.internalTransactionAdvisor&apos;
17:26:08.578 [main] DEBUG org.springframework.beans.factory.support.DefaultListableBeanFactory - Creating shared instance of singleton bean &apos;org.springframework.transaction.annotation.ProxyTransactionManagementConfiguration&apos;
17:26:08.581 [main] DEBUG org.springframework.beans.factory.support.DefaultListableBeanFactory - Creating instance of bean &apos;org.springframework.transaction.annotation.ProxyTransactionManagementConfiguration&apos;
17:26:08.612 [main] DEBUG org.springframework.beans.factory.annotation.InjectionMetadata - Registered injected element on class [org.springframework.transaction.annotation.ProxyTransactionManagementConfiguration$$EnhancerBySpringCGLIB$$c14d738]: AutowiredMethodElement for void org.springframework.transaction.annotation.AbstractTransactionManagementConfiguration.setConfigurers(java.util.Collection)
17:26:08.614 [main] DEBUG org.springframework.beans.factory.support.DefaultListableBeanFactory - Eagerly caching bean &apos;org.springframework.transaction.annotation.ProxyTransactionManagementConfiguration&apos; to allow for resolving potential circular references
17:26:08.616 [main] DEBUG org.springframework.beans.factory.annotation.InjectionMetadata - Processing injected element of bean &apos;org.springframework.transaction.annotation.ProxyTransactionManagementConfiguration&apos;: AutowiredMethodElement for void org.springframework.transaction.annotation.AbstractTransactionManagementConfiguration.setConfigurers(java.util.Collection)
17:26:08.712 [main] DEBUG org.springframework.beans.factory.support.DefaultListableBeanFactory - Returning cached instance of singleton bean &apos;org.springframework.context.annotation.ConfigurationClassPostProcessor.importRegistry&apos;
17:26:08.713 [main] DEBUG org.springframework.aop.framework.autoproxy.BeanFactoryAdvisorRetrievalHelper - Skipping currently created advisor &apos;org.springframework.transaction.config.internalTransactionAdvisor&apos;
17:26:08.720 [main] DEBUG org.springframework.beans.factory.support.DefaultListableBeanFactory - Finished creating instance of bean &apos;org.springframework.transaction.annotation.ProxyTransactionManagementConfiguration&apos;
17:26:08.779 [main] DEBUG org.springframework.beans.factory.support.DefaultListableBeanFactory - Creating shared instance of singleton bean &apos;transactionAttributeSource&apos;
17:26:08.780 [main] DEBUG org.springframework.beans.factory.support.DefaultListableBeanFactory - Creating instance of bean &apos;transactionAttributeSource&apos;
17:26:08.780 [main] DEBUG org.springframework.beans.factory.support.DefaultListableBeanFactory - Returning cached instance of singleton bean &apos;org.springframework.transaction.annotation.ProxyTransactionManagementConfiguration&apos;
17:26:08.796 [main] DEBUG org.springframework.beans.factory.support.DefaultListableBeanFactory - Eagerly caching bean &apos;transactionAttributeSource&apos; to allow for resolving potential circular references
17:26:08.805 [main] DEBUG org.springframework.aop.framework.autoproxy.BeanFactoryAdvisorRetrievalHelper - Skipping currently created advisor &apos;org.springframework.transaction.config.internalTransactionAdvisor&apos;
17:26:08.810 [main] DEBUG org.springframework.beans.factory.support.DefaultListableBeanFactory - Finished creating instance of bean &apos;transactionAttributeSource&apos;
17:26:08.813 [main] DEBUG org.springframework.beans.factory.support.DefaultListableBeanFactory - Creating shared instance of singleton bean &apos;transactionInterceptor&apos;
17:26:08.815 [main] DEBUG org.springframework.beans.factory.support.DefaultListableBeanFactory - Creating instance of bean &apos;transactionInterceptor&apos;
17:26:08.825 [main] DEBUG org.springframework.beans.factory.support.DefaultListableBeanFactory - Returning cached instance of singleton bean &apos;org.springframework.transaction.annotation.ProxyTransactionManagementConfiguration&apos;
17:26:08.846 [main] DEBUG org.springframework.beans.factory.support.DefaultListableBeanFactory - Returning cached instance of singleton bean &apos;transactionAttributeSource&apos;
17:26:08.861 [main] DEBUG org.springframework.beans.factory.support.DefaultListableBeanFactory - Eagerly caching bean &apos;transactionInterceptor&apos; to allow for resolving potential circular references
17:26:08.875 [main] DEBUG org.springframework.beans.factory.support.DefaultListableBeanFactory - Invoking afterPropertiesSet() on bean with name &apos;transactionInterceptor&apos;
17:26:08.876 [main] DEBUG org.springframework.beans.factory.support.DefaultListableBeanFactory - Finished creating instance of bean &apos;transactionInterceptor&apos;
17:26:08.880 [main] DEBUG org.springframework.beans.factory.support.DefaultListableBeanFactory - Eagerly caching bean &apos;org.springframework.transaction.config.internalTransactionAdvisor&apos; to allow for resolving potential circular references
17:26:08.903 [main] DEBUG org.springframework.beans.factory.support.DefaultListableBeanFactory - Finished creating instance of bean &apos;org.springframework.transaction.config.internalTransactionAdvisor&apos;
17:26:08.913 [main] DEBUG org.springframework.beans.factory.support.DefaultListableBeanFactory - Finished creating instance of bean &apos;org.springframework.context.event.internalEventListenerProcessor&apos;
17:26:08.927 [main] DEBUG org.springframework.beans.factory.support.DefaultListableBeanFactory - Creating shared instance of singleton bean &apos;org.springframework.context.event.internalEventListenerFactory&apos;
17:26:08.928 [main] DEBUG org.springframework.beans.factory.support.DefaultListableBeanFactory - Creating instance of bean &apos;org.springframework.context.event.internalEventListenerFactory&apos;
17:26:08.929 [main] DEBUG org.springframework.beans.factory.support.DefaultListableBeanFactory - Eagerly caching bean &apos;org.springframework.context.event.internalEventListenerFactory&apos; to allow for resolving potential circular references
17:26:08.942 [main] DEBUG org.springframework.beans.factory.support.DefaultListableBeanFactory - Returning cached instance of singleton bean &apos;org.springframework.transaction.config.internalTransactionAdvisor&apos;
17:26:08.944 [main] DEBUG org.springframework.beans.factory.support.DefaultListableBeanFactory - Finished creating instance of bean &apos;org.springframework.context.event.internalEventListenerFactory&apos;
17:26:08.951 [main] DEBUG org.springframework.beans.factory.support.DefaultListableBeanFactory - Creating shared instance of singleton bean &apos;hibernateConfig&apos;
17:26:08.953 [main] DEBUG org.springframework.beans.factory.support.DefaultListableBeanFactory - Creating instance of bean &apos;hibernateConfig&apos;
17:26:08.957 [main] DEBUG org.springframework.beans.factory.support.DefaultListableBeanFactory - Eagerly caching bean &apos;hibernateConfig&apos; to allow for resolving potential circular references
17:26:08.981 [main] DEBUG org.springframework.beans.factory.support.DefaultListableBeanFactory - Returning cached instance of singleton bean &apos;org.springframework.transaction.config.internalTransactionAdvisor&apos;
17:26:09.020 [main] DEBUG org.springframework.beans.factory.support.DefaultListableBeanFactory - Finished creating instance of bean &apos;hibernateConfig&apos;
17:26:09.047 [main] DEBUG org.springframework.beans.factory.support.DefaultListableBeanFactory - Creating shared instance of singleton bean &apos;cartLineDAO&apos;
17:26:09.049 [main] DEBUG org.springframework.beans.factory.support.DefaultListableBeanFactory - Creating instance of bean &apos;cartLineDAO&apos;
17:26:09.056 [main] DEBUG org.springframework.beans.factory.annotation.InjectionMetadata - Registered injected element on class [org.codemaster.shoppingbackend.daoimpl.CartLineDAOImpl]: AutowiredFieldElement for private org.hibernate.SessionFactory org.codemaster.shoppingbackend.daoimpl.CartLineDAOImpl.sessionFactory
17:26:09.056 [main] DEBUG org.springframework.beans.factory.support.DefaultListableBeanFactory - Eagerly caching bean &apos;cartLineDAO&apos; to allow for resolving potential circular references
17:26:09.078 [main] DEBUG org.springframework.beans.factory.annotation.InjectionMetadata - Processing injected element of bean &apos;cartLineDAO&apos;: AutowiredFieldElement for private org.hibernate.SessionFactory org.codemaster.shoppingbackend.daoimpl.CartLineDAOImpl.sessionFactory
17:26:09.079 [main] DEBUG org.springframework.core.annotation.AnnotationUtils - Failed to meta-introspect annotation [interface org.springframework.beans.factory.annotation.Autowired]: java.lang.IllegalArgumentException: Annotation must not be null
17:26:09.082 [main] DEBUG org.springframework.beans.factory.support.DefaultListableBeanFactory - Creating shared instance of singleton bean &apos;getSessionFactory&apos;
17:26:09.082 [main] DEBUG org.springframework.beans.factory.support.DefaultListableBeanFactory - Creating instance of bean &apos;getSessionFactory&apos;
17:26:09.084 [main] DEBUG org.springframework.beans.factory.support.DefaultListableBeanFactory - Returning cached instance of singleton bean &apos;hibernateConfig&apos;
17:26:09.094 [main] DEBUG org.springframework.beans.factory.support.DefaultListableBeanFactory - Creating shared instance of singleton bean &apos;dataSource&apos;
17:26:09.095 [main] DEBUG org.springframework.beans.factory.support.DefaultListableBeanFactory - Creating instance of bean &apos;dataSource&apos;
17:26:09.095 [main] DEBUG org.springframework.beans.factory.support.DefaultListableBeanFactory - Returning cached instance of singleton bean &apos;hibernateConfig&apos;
17:26:09.405 [main] DEBUG org.springframework.beans.factory.support.DefaultListableBeanFactory - Eagerly caching bean &apos;dataSource&apos; to allow for resolving potential circular references
17:26:09.609 [main] DEBUG org.springframework.beans.factory.support.DefaultListableBeanFactory - Returning cached instance of singleton bean &apos;org.springframework.transaction.config.internalTransactionAdvisor&apos;
17:26:09.686 [main] DEBUG org.springframework.beans.factory.support.DefaultListableBeanFactory - Finished creating instance of bean &apos;dataSource&apos;
17:26:09.689 [main] DEBUG org.springframework.beans.factory.support.DefaultListableBeanFactory - Autowiring by type from bean name &apos;getSessionFactory&apos; via factory method to bean named &apos;dataSource&apos;
17:26:09.910 [main] DEBUG org.jboss.logging - Logging Provider: org.jboss.logging.Slf4jLoggerProvider
17:26:09.989 [main] DEBUG org.hibernate.integrator.internal.IntegratorServiceImpl - Adding Integrator [org.hibernate.cfg.beanvalidation.BeanValidationIntegrator].
17:26:10.008 [main] DEBUG org.hibernate.integrator.internal.IntegratorServiceImpl - Adding Integrator [org.hibernate.secure.spi.JaccIntegrator].
17:26:10.038 [main] DEBUG org.hibernate.integrator.internal.IntegratorServiceImpl - Adding Integrator [org.hibernate.cache.internal.CollectionCacheInvalidator].
17:26:10.802 [main] INFO org.hibernate.Version - HHH000412: Hibernate Core {5.2.12.Final}
17:26:10.804 [main] INFO org.hibernate.cfg.Environment - HHH000206: hibernate.properties not found
17:26:10.835 [main] DEBUG org.springframework.core.io.support.PathMatchingResourcePatternResolver - Resolved classpath location [org/codemaster/] to resources [URL [file:/C:/Users/burha/eclipse-workspace/shoppingbackend/target/test-classes/org/codemaster/], URL [file:/C:/Users/burha/eclipse-workspace/shoppingbackend/target/classes/org/codemaster/]]
17:26:10.835 [main] DEBUG org.springframework.core.io.support.PathMatchingResourcePatternResolver - Looking for matching resources in directory tree [C:\Users\burha\eclipse-workspace\shoppingbackend\target\test-classes\org\codemaster]
17:26:10.835 [main] DEBUG org.springframework.core.io.support.PathMatchingResourcePatternResolver - Searching directory [C:\Users\burha\eclipse-workspace\shoppingbackend\target\test-classes\org\codemaster] for files matching pattern [C:/Users/burha/eclipse-workspace/shoppingbackend/target/test-classes/org/codemaster/**/*.class]
17:26:10.835 [main] DEBUG org.springframework.core.io.support.PathMatchingResourcePatternResolver - Searching directory [C:\Users\burha\eclipse-workspace\shoppingbackend\target\test-classes\org\codemaster\shoppingbackend] for files matching pattern [C:/Users/burha/eclipse-workspace/shoppingbackend/target/test-classes/org/codemaster/**/*.class]
17:26:10.835 [main] DEBUG org.springframework.core.io.support.PathMatchingResourcePatternResolver - Searching directory [C:\Users\burha\eclipse-workspace\shoppingbackend\target\test-classes\org\codemaster\shoppingbackend\test] for files matching pattern [C:/Users/burha/eclipse-workspace/shoppingbackend/target/test-classes/org/codemaster/**/*.class]
17:26:10.835 [main] DEBUG org.springframework.core.io.support.PathMatchingResourcePatternResolver - Looking for matching resources in directory tree [C:\Users\burha\eclipse-workspace\shoppingbackend\target\classes\org\codemaster]
17:26:10.835 [main] DEBUG org.springframework.core.io.support.PathMatchingResourcePatternResolver - Searching directory [C:\Users\burha\eclipse-workspace\shoppingbackend\target\classes\org\codemaster] for files matching pattern [C:/Users/burha/eclipse-workspace/shoppingbackend/target/classes/org/codemaster/**/*.class]
17:26:10.851 [main] DEBUG org.springframework.core.io.support.PathMatchingResourcePatternResolver - Searching directory [C:\Users\burha\eclipse-workspace\shoppingbackend\target\classes\org\codemaster\shoppingbackend] for files matching pattern [C:/Users/burha/eclipse-workspace/shoppingbackend/target/classes/org/codemaster/**/*.class]
17:26:10.851 [main] DEBUG org.springframework.core.io.support.PathMatchingResourcePatternResolver - Searching directory [C:\Users\burha\eclipse-workspace\shoppingbackend\target\classes\org\codemaster\shoppingbackend\config] for files matching pattern [C:/Users/burha/eclipse-workspace/shoppingbackend/target/classes/org/codemaster/**/*.class]
17:26:10.851 [main] DEBUG org.springframework.core.io.support.PathMatchingResourcePatternResolver - Searching directory [C:\Users\burha\eclipse-workspace\shoppingbackend\target\classes\org\codemaster\shoppingbackend\dao] for files matching pattern [C:/Users/burha/eclipse-workspace/shoppingbackend/target/classes/org/codemaster/**/*.class]
17:26:10.851 [main] DEBUG org.springframework.core.io.support.PathMatchingResourcePatternResolver - Searching directory [C:\Users\burha\eclipse-workspace\shoppingbackend\target\classes\org\codemaster\shoppingbackend\daoimpl] for files matching pattern [C:/Users/burha/eclipse-workspace/shoppingbackend/target/classes/org/codemaster/**/*.class]
17:26:10.851 [main] DEBUG org.springframework.core.io.support.PathMatchingResourcePatternResolver - Searching directory [C:\Users\burha\eclipse-workspace\shoppingbackend\target\classes\org\codemaster\shoppingbackend\dto] for files matching pattern [C:/Users/burha/eclipse-workspace/shoppingbackend/target/classes/org/codemaster/**/*.class]
17:26:10.866 [main] DEBUG org.springframework.core.io.support.PathMatchingResourcePatternResolver - Resolved location pattern [classpath*:org/codemaster/**/*.class] to resources [file [C:\Users\burha\eclipse-workspace\shoppingbackend\target\test-classes\org\codemaster\shoppingbackend\AppTest.class], file [C:\Users\burha\eclipse-workspace\shoppingbackend\target\test-classes\org\codemaster\shoppingbackend\test\CartLineTestCase.class], file [C:\Users\burha\eclipse-workspace\shoppingbackend\target\test-classes\org\codemaster\shoppingbackend\test\UserTestCase.class], file [C:\Users\burha\eclipse-workspace\shoppingbackend\target\classes\org\codemaster\shoppingbackend\App.class], file [C:\Users\burha\eclipse-workspace\shoppingbackend\target\classes\org\codemaster\shoppingbackend\config\HibernateConfig.class], file [C:\Users\burha\eclipse-workspace\shoppingbackend\target\classes\org\codemaster\shoppingbackend\dao\CartLineDAO.class], file [C:\Users\burha\eclipse-workspace\shoppingbackend\target\classes\org\codemaster\shoppingbackend\dao\CategoryDAO.class], file [C:\Users\burha\eclipse-workspace\shoppingbackend\target\classes\org\codemaster\shoppingbackend\dao\ProductDAO.class], file [C:\Users\burha\eclipse-workspace\shoppingbackend\target\classes\org\codemaster\shoppingbackend\dao\UserDAO.class], file [C:\Users\burha\eclipse-workspace\shoppingbackend\target\classes\org\codemaster\shoppingbackend\daoimpl\CartLineDAOImpl.class], file [C:\Users\burha\eclipse-workspace\shoppingbackend\target\classes\org\codemaster\shoppingbackend\daoimpl\CategoryDAOImpl.class], file [C:\Users\burha\eclipse-workspace\shoppingbackend\target\classes\org\codemaster\shoppingbackend\daoimpl\ProductDAOImpl.class], file [C:\Users\burha\eclipse-workspace\shoppingbackend\target\classes\org\codemaster\shoppingbackend\daoimpl\UserDAOImpl.class], file [C:\Users\burha\eclipse-workspace\shoppingbackend\target\classes\org\codemaster\shoppingbackend\dto\Address.class], file [C:\Users\burha\eclipse-workspace\shoppingbackend\target\classes\org\codemaster\shoppingbackend\dto\Cart.class], file [C:\Users\burha\eclipse-workspace\shoppingbackend\target\classes\org\codemaster\shoppingbackend\dto\CartLine.class], file [C:\Users\burha\eclipse-workspace\shoppingbackend\target\classes\org\codemaster\shoppingbackend\dto\Category.class], file [C:\Users\burha\eclipse-workspace\shoppingbackend\target\classes\org\codemaster\shoppingbackend\dto\OrderDetail.class], file [C:\Users\burha\eclipse-workspace\shoppingbackend\target\classes\org\codemaster\shoppingbackend\dto\OrderItem.class], file [C:\Users\burha\eclipse-workspace\shoppingbackend\target\classes\org\codemaster\shoppingbackend\dto\Product.class], file [C:\Users\burha\eclipse-workspace\shoppingbackend\target\classes\org\codemaster\shoppingbackend\dto\User.class]]
17:26:10.914 [main] DEBUG org.hibernate.cfg.Configuration - Building session factory using internal StandardServiceRegistryBuilder
17:26:10.930 [main] DEBUG org.hibernate.service.spi.ServiceBinding - Overriding existing service binding [org.hibernate.secure.spi.JaccService]
17:26:10.930 [main] DEBUG org.hibernate.cfg.Configuration - Building session factory using provided StandardServiceRegistry
17:26:10.977 [main] DEBUG org.hibernate.cache.internal.RegionFactoryInitiator - Cache region factory : org.hibernate.cache.internal.NoCachingRegionFactory
17:26:11.008 [main] INFO org.hibernate.annotations.common.Version - HCANN000001: Hibernate Commons Annotations {5.0.1.Final}
17:26:11.070 [main] DEBUG org.hibernate.type.BasicTypeRegistry - Adding type registration boolean -&gt; org.hibernate.type.BooleanType@1eef9aef
17:26:11.070 [main] DEBUG org.hibernate.type.BasicTypeRegistry - Adding type registration boolean -&gt; org.hibernate.type.BooleanType@1eef9aef
17:26:11.070 [main] DEBUG org.hibernate.type.BasicTypeRegistry - Adding type registration java.lang.Boolean -&gt; org.hibernate.type.BooleanType@1eef9aef
17:26:11.070 [main] DEBUG org.hibernate.type.BasicTypeRegistry - Adding type registration numeric_boolean -&gt; org.hibernate.type.NumericBooleanType@2e77b8cf
17:26:11.070 [main] DEBUG org.hibernate.type.BasicTypeRegistry - Adding type registration true_false -&gt; org.hibernate.type.TrueFalseType@551a20d6
17:26:11.070 [main] DEBUG org.hibernate.type.BasicTypeRegistry - Adding type registration yes_no -&gt; org.hibernate.type.YesNoType@7555b920
17:26:11.086 [main] DEBUG org.hibernate.type.BasicTypeRegistry - Adding type registration byte -&gt; org.hibernate.type.ByteType@69f63d95
17:26:11.086 [main] DEBUG org.hibernate.type.BasicTypeRegistry - Adding type registration byte -&gt; org.hibernate.type.ByteType@69f63d95
17:26:11.086 [main] DEBUG org.hibernate.type.BasicTypeRegistry - Adding type registration java.lang.Byte -&gt; org.hibernate.type.ByteType@69f63d95
17:26:11.086 [main] DEBUG org.hibernate.type.BasicTypeRegistry - Adding type registration character -&gt; org.hibernate.type.CharacterType@3f093abe
17:26:11.086 [main] DEBUG org.hibernate.type.BasicTypeRegistry - Adding type registration char -&gt; org.hibernate.type.CharacterType@3f093abe
17:26:11.086 [main] DEBUG org.hibernate.type.BasicTypeRegistry - Adding type registration java.lang.Character -&gt; org.hibernate.type.CharacterType@3f093abe
17:26:11.086 [main] DEBUG org.hibernate.type.BasicTypeRegistry - Adding type registration short -&gt; org.hibernate.type.ShortType@3dd69f5a
17:26:11.086 [main] DEBUG org.hibernate.type.BasicTypeRegistry - Adding type registration short -&gt; org.hibernate.type.ShortType@3dd69f5a
17:26:11.086 [main] DEBUG org.hibernate.type.BasicTypeRegistry - Adding type registration java.lang.Short -&gt; org.hibernate.type.ShortType@3dd69f5a
17:26:11.102 [main] DEBUG org.hibernate.type.BasicTypeRegistry - Adding type registration integer -&gt; org.hibernate.type.IntegerType@6bc248ed
17:26:11.102 [main] DEBUG org.hibernate.type.BasicTypeRegistry - Adding type registration int -&gt; org.hibernate.type.IntegerType@6bc248ed
17:26:11.102 [main] DEBUG org.hibernate.type.BasicTypeRegistry - Adding type registration java.lang.Integer -&gt; org.hibernate.type.IntegerType@6bc248ed
17:26:11.102 [main] DEBUG org.hibernate.type.BasicTypeRegistry - Adding type registration long -&gt; org.hibernate.type.LongType@58c540cf
17:26:11.102 [main] DEBUG org.hibernate.type.BasicTypeRegistry - Adding type registration long -&gt; org.hibernate.type.LongType@58c540cf
17:26:11.102 [main] DEBUG org.hibernate.type.BasicTypeRegistry - Adding type registration java.lang.Long -&gt; org.hibernate.type.LongType@58c540cf
17:26:11.102 [main] DEBUG org.hibernate.type.BasicTypeRegistry - Adding type registration float -&gt; org.hibernate.type.FloatType@617fe9e1
17:26:11.102 [main] DEBUG org.hibernate.type.BasicTypeRegistry - Adding type registration float -&gt; org.hibernate.type.FloatType@617fe9e1
17:26:11.102 [main] DEBUG org.hibernate.type.BasicTypeRegistry - Adding type registration java.lang.Float -&gt; org.hibernate.type.FloatType@617fe9e1
17:26:11.102 [main] DEBUG org.hibernate.type.BasicTypeRegistry - Adding type registration double -&gt; org.hibernate.type.DoubleType@5f7f2382
17:26:11.102 [main] DEBUG org.hibernate.type.BasicTypeRegistry - Adding type registration double -&gt; org.hibernate.type.DoubleType@5f7f2382
17:26:11.102 [main] DEBUG org.hibernate.type.BasicTypeRegistry - Adding type registration java.lang.Double -&gt; org.hibernate.type.DoubleType@5f7f2382
17:26:11.102 [main] DEBUG org.hibernate.type.BasicTypeRegistry - Adding type registration big_decimal -&gt; org.hibernate.type.BigDecimalType@452e26d0
17:26:11.102 [main] DEBUG org.hibernate.type.BasicTypeRegistry - Adding type registration java.math.BigDecimal -&gt; org.hibernate.type.BigDecimalType@452e26d0
17:26:11.117 [main] DEBUG org.hibernate.type.BasicTypeRegistry - Adding type registration big_integer -&gt; org.hibernate.type.BigIntegerType@733c423e
17:26:11.117 [main] DEBUG org.hibernate.type.BasicTypeRegistry - Adding type registration java.math.BigInteger -&gt; org.hibernate.type.BigIntegerType@733c423e
17:26:11.117 [main] DEBUG org.hibernate.type.BasicTypeRegistry - Adding type registration string -&gt; org.hibernate.type.StringType@5922ae77
17:26:11.117 [main] DEBUG org.hibernate.type.BasicTypeRegistry - Adding type registration java.lang.String -&gt; org.hibernate.type.StringType@5922ae77
17:26:11.133 [main] DEBUG org.hibernate.type.BasicTypeRegistry - Adding type registration nstring -&gt; org.hibernate.type.StringNVarcharType@3aee3976
17:26:11.133 [main] DEBUG org.hibernate.type.BasicTypeRegistry - Adding type registration ncharacter -&gt; org.hibernate.type.CharacterNCharType@7e0aadd0
17:26:11.133 [main] DEBUG org.hibernate.type.BasicTypeRegistry - Adding type registration url -&gt; org.hibernate.type.UrlType@1494b84d
17:26:11.133 [main] DEBUG org.hibernate.type.BasicTypeRegistry - Adding type registration java.net.URL -&gt; org.hibernate.type.UrlType@1494b84d
17:26:11.133 [main] DEBUG org.hibernate.type.BasicTypeRegistry - Adding type registration Duration -&gt; org.hibernate.type.DurationType@226f885f
17:26:11.133 [main] DEBUG org.hibernate.type.BasicTypeRegistry - Adding type registration java.time.Duration -&gt; org.hibernate.type.DurationType@226f885f
17:26:11.164 [main] DEBUG org.hibernate.type.BasicTypeRegistry - Adding type registration Instant -&gt; org.hibernate.type.InstantType@21a5fd96
17:26:11.164 [main] DEBUG org.hibernate.type.BasicTypeRegistry - Adding type registration java.time.Instant -&gt; org.hibernate.type.InstantType@21a5fd96
17:26:11.164 [main] DEBUG org.hibernate.type.BasicTypeRegistry - Adding type registration LocalDateTime -&gt; org.hibernate.type.LocalDateTimeType@3676ac27
17:26:11.164 [main] DEBUG org.hibernate.type.BasicTypeRegistry - Adding type registration java.time.LocalDateTime -&gt; org.hibernate.type.LocalDateTimeType@3676ac27
17:26:11.164 [main] DEBUG org.hibernate.type.BasicTypeRegistry - Adding type registration LocalDate -&gt; org.hibernate.type.LocalDateType@2b5cb9b2
17:26:11.164 [main] DEBUG org.hibernate.type.BasicTypeRegistry - Adding type registration java.time.LocalDate -&gt; org.hibernate.type.LocalDateType@2b5cb9b2
17:26:11.180 [main] DEBUG org.hibernate.type.BasicTypeRegistry - Adding type registration LocalTime -&gt; org.hibernate.type.LocalTimeType@4fbdc0f0
17:26:11.180 [main] DEBUG org.hibernate.type.BasicTypeRegistry - Adding type registration java.time.LocalTime -&gt; org.hibernate.type.LocalTimeType@4fbdc0f0
17:26:11.180 [main] DEBUG org.hibernate.type.BasicTypeRegistry - Adding type registration OffsetDateTime -&gt; org.hibernate.type.OffsetDateTimeType@aec50a1
17:26:11.180 [main] DEBUG org.hibernate.type.BasicTypeRegistry - Adding type registration java.time.OffsetDateTime -&gt; org.hibernate.type.OffsetDateTimeType@aec50a1
17:26:11.195 [main] DEBUG org.hibernate.type.BasicTypeRegistry - Adding type registration OffsetTime -&gt; org.hibernate.type.OffsetTimeType@7c18432b
17:26:11.195 [main] DEBUG org.hibernate.type.BasicTypeRegistry - Adding type registration java.time.OffsetTime -&gt; org.hibernate.type.OffsetTimeType@7c18432b
17:26:11.195 [main] DEBUG org.hibernate.type.BasicTypeRegistry - Adding type registration ZonedDateTime -&gt; org.hibernate.type.ZonedDateTimeType@408b35bf
17:26:11.195 [main] DEBUG org.hibernate.type.BasicTypeRegistry - Adding type registration java.time.ZonedDateTime -&gt; org.hibernate.type.ZonedDateTimeType@408b35bf
17:26:11.195 [main] DEBUG org.hibernate.type.BasicTypeRegistry - Adding type registration date -&gt; org.hibernate.type.DateType@1a15b789
17:26:11.195 [main] DEBUG org.hibernate.type.BasicTypeRegistry - Adding type registration java.sql.Date -&gt; org.hibernate.type.DateType@1a15b789
17:26:11.195 [main] DEBUG org.hibernate.type.BasicTypeRegistry - Adding type registration time -&gt; org.hibernate.type.TimeType@c1fca1e
17:26:11.195 [main] DEBUG org.hibernate.type.BasicTypeRegistry - Adding type registration java.sql.Time -&gt; org.hibernate.type.TimeType@c1fca1e
17:26:11.195 [main] DEBUG org.hibernate.type.BasicTypeRegistry - Adding type registration timestamp -&gt; org.hibernate.type.TimestampType@31500940
17:26:11.211 [main] DEBUG org.hibernate.type.BasicTypeRegistry - Adding type registration java.sql.Timestamp -&gt; org.hibernate.type.TimestampType@31500940
17:26:11.211 [main] DEBUG org.hibernate.type.BasicTypeRegistry - Adding type registration java.util.Date -&gt; org.hibernate.type.TimestampType@31500940
17:26:11.211 [main] DEBUG org.hibernate.type.BasicTypeRegistry - Adding type registration dbtimestamp -&gt; org.hibernate.type.DbTimestampType@4362d7df
17:26:11.211 [main] DEBUG org.hibernate.type.BasicTypeRegistry - Adding type registration calendar -&gt; org.hibernate.type.CalendarType@24f43aa3
17:26:11.211 [main] DEBUG org.hibernate.type.BasicTypeRegistry - Adding type registration java.util.Calendar -&gt; org.hibernate.type.CalendarType@24f43aa3
17:26:11.211 [main] DEBUG org.hibernate.type.BasicTypeRegistry - Adding type registration java.util.GregorianCalendar -&gt; org.hibernate.type.CalendarType@24f43aa3
17:26:11.211 [main] DEBUG org.hibernate.type.BasicTypeRegistry - Adding type registration calendar_date -&gt; org.hibernate.type.CalendarDateType@7957dc72
17:26:11.211 [main] DEBUG org.hibernate.type.BasicTypeRegistry - Adding type registration locale -&gt; org.hibernate.type.LocaleType@345e5a17
17:26:11.211 [main] DEBUG org.hibernate.type.BasicTypeRegistry - Adding type registration java.util.Locale -&gt; org.hibernate.type.LocaleType@345e5a17
17:26:11.211 [main] DEBUG org.hibernate.type.BasicTypeRegistry - Adding type registration currency -&gt; org.hibernate.type.CurrencyType@402f80f5
17:26:11.211 [main] DEBUG org.hibernate.type.BasicTypeRegistry - Adding type registration java.util.Currency -&gt; org.hibernate.type.CurrencyType@402f80f5
17:26:11.227 [main] DEBUG org.hibernate.type.BasicTypeRegistry - Adding type registration timezone -&gt; org.hibernate.type.TimeZoneType@210386e0
17:26:11.227 [main] DEBUG org.hibernate.type.BasicTypeRegistry - Adding type registration java.util.TimeZone -&gt; org.hibernate.type.TimeZoneType@210386e0
17:26:11.227 [main] DEBUG org.hibernate.type.BasicTypeRegistry - Adding type registration class -&gt; org.hibernate.type.ClassType@d816dde
17:26:11.227 [main] DEBUG org.hibernate.type.BasicTypeRegistry - Adding type registration java.lang.Class -&gt; org.hibernate.type.ClassType@d816dde
17:26:11.227 [main] DEBUG org.hibernate.type.BasicTypeRegistry - Adding type registration uuid-binary -&gt; org.hibernate.type.UUIDBinaryType@7db0565c
17:26:11.227 [main] DEBUG org.hibernate.type.BasicTypeRegistry - Adding type registration java.util.UUID -&gt; org.hibernate.type.UUIDBinaryType@7db0565c
17:26:11.227 [main] DEBUG org.hibernate.type.BasicTypeRegistry - Adding type registration uuid-char -&gt; org.hibernate.type.UUIDCharType@2a551a63
17:26:11.227 [main] DEBUG org.hibernate.type.BasicTypeRegistry - Adding type registration binary -&gt; org.hibernate.type.BinaryType@f5c79a6
17:26:11.227 [main] DEBUG org.hibernate.type.BasicTypeRegistry - Adding type registration byte[] -&gt; org.hibernate.type.BinaryType@f5c79a6
17:26:11.227 [main] DEBUG org.hibernate.type.BasicTypeRegistry - Adding type registration [B -&gt; org.hibernate.type.BinaryType@f5c79a6
17:26:11.227 [main] DEBUG org.hibernate.type.BasicTypeRegistry - Adding type registration wrapper-binary -&gt; org.hibernate.type.WrapperBinaryType@66d23e4a
17:26:11.227 [main] DEBUG org.hibernate.type.BasicTypeRegistry - Adding type registration Byte[] -&gt; org.hibernate.type.WrapperBinaryType@66d23e4a
17:26:11.227 [main] DEBUG org.hibernate.type.BasicTypeRegistry - Adding type registration [Ljava.lang.Byte; -&gt; org.hibernate.type.WrapperBinaryType@66d23e4a
17:26:11.227 [main] DEBUG org.hibernate.type.BasicTypeRegistry - Adding type registration row_version -&gt; org.hibernate.type.RowVersionType@41c07648
17:26:11.242 [main] DEBUG org.hibernate.type.BasicTypeRegistry - Adding type registration image -&gt; org.hibernate.type.ImageType@503d56b5
17:26:11.242 [main] DEBUG org.hibernate.type.BasicTypeRegistry - Adding type registration characters -&gt; org.hibernate.type.CharArrayType@2d35442b
17:26:11.242 [main] DEBUG org.hibernate.type.BasicTypeRegistry - Adding type registration char[] -&gt; org.hibernate.type.CharArrayType@2d35442b
17:26:11.242 [main] DEBUG org.hibernate.type.BasicTypeRegistry - Adding type registration [C -&gt; org.hibernate.type.CharArrayType@2d35442b
17:26:11.242 [main] DEBUG org.hibernate.type.BasicTypeRegistry - Adding type registration wrapper-characters -&gt; org.hibernate.type.CharacterArrayType@2b46a8c1
17:26:11.242 [main] DEBUG org.hibernate.type.BasicTypeRegistry - Adding type registration [Ljava.lang.Character; -&gt; org.hibernate.type.CharacterArrayType@2b46a8c1
17:26:11.242 [main] DEBUG org.hibernate.type.BasicTypeRegistry - Adding type registration Character[] -&gt; org.hibernate.type.CharacterArrayType@2b46a8c1
17:26:11.242 [main] DEBUG org.hibernate.type.BasicTypeRegistry - Adding type registration text -&gt; org.hibernate.type.TextType@3caa4757
17:26:11.242 [main] DEBUG org.hibernate.type.BasicTypeRegistry - Adding type registration ntext -&gt; org.hibernate.type.NTextType@1b39fd82
17:26:11.258 [main] DEBUG org.hibernate.type.BasicTypeRegistry - Adding type registration blob -&gt; org.hibernate.type.BlobType@3c8bdd5b
17:26:11.258 [main] DEBUG org.hibernate.type.BasicTypeRegistry - Adding type registration java.sql.Blob -&gt; org.hibernate.type.BlobType@3c8bdd5b
17:26:11.273 [main] DEBUG org.hibernate.type.BasicTypeRegistry - Adding type registration materialized_blob -&gt; org.hibernate.type.MaterializedBlobType@3a7b503d
17:26:11.289 [main] DEBUG org.hibernate.type.BasicTypeRegistry - Adding type registration clob -&gt; org.hibernate.type.ClobType@12f3afb5
17:26:11.289 [main] DEBUG org.hibernate.type.BasicTypeRegistry - Adding type registration java.sql.Clob -&gt; org.hibernate.type.ClobType@12f3afb5
17:26:11.305 [main] DEBUG org.hibernate.type.BasicTypeRegistry - Adding type registration nclob -&gt; org.hibernate.type.NClobType@3a7704c
17:26:11.305 [main] DEBUG org.hibernate.type.BasicTypeRegistry - Adding type registration java.sql.NClob -&gt; org.hibernate.type.NClobType@3a7704c
17:26:11.305 [main] DEBUG org.hibernate.type.BasicTypeRegistry - Adding type registration materialized_clob -&gt; org.hibernate.type.MaterializedClobType@a23a01d
17:26:11.305 [main] DEBUG org.hibernate.type.BasicTypeRegistry - Adding type registration materialized_nclob -&gt; org.hibernate.type.MaterializedNClobType@24b52d3e
17:26:11.316 [main] DEBUG org.hibernate.type.BasicTypeRegistry - Adding type registration serializable -&gt; org.hibernate.type.SerializableType@7692cd34
17:26:11.324 [main] DEBUG org.hibernate.type.BasicTypeRegistry - Adding type registration object -&gt; org.hibernate.type.ObjectType@19868320
17:26:11.326 [main] DEBUG org.hibernate.type.BasicTypeRegistry - Adding type registration java.lang.Object -&gt; org.hibernate.type.ObjectType@19868320
17:26:11.327 [main] DEBUG org.hibernate.type.BasicTypeRegistry - Adding type registration imm_date -&gt; org.hibernate.type.AdaptedImmutableType@3ef41c66
17:26:11.327 [main] DEBUG org.hibernate.type.BasicTypeRegistry - Adding type registration imm_time -&gt; org.hibernate.type.AdaptedImmutableType@6b739528
17:26:11.327 [main] DEBUG org.hibernate.type.BasicTypeRegistry - Adding type registration imm_timestamp -&gt; org.hibernate.type.AdaptedImmutableType@622ef26a
17:26:11.328 [main] DEBUG org.hibernate.type.BasicTypeRegistry - Adding type registration imm_dbtimestamp -&gt; org.hibernate.type.AdaptedImmutableType@41de5768
17:26:11.328 [main] DEBUG org.hibernate.type.BasicTypeRegistry - Adding type registration imm_calendar -&gt; org.hibernate.type.AdaptedImmutableType@5f577419
17:26:11.329 [main] DEBUG org.hibernate.type.BasicTypeRegistry - Adding type registration imm_calendar_date -&gt; org.hibernate.type.AdaptedImmutableType@28fa700e
[...]
17:26:18.180 [main] DEBUG org.springframework.beans.factory.support.DefaultListableBeanFactory - Creating shared instance of singleton bean &apos;userDAO&apos;
17:26:18.180 [main] DEBUG org.springframework.beans.factory.support.DefaultListableBeanFactory - Creating instance of bean &apos;userDAO&apos;
17:26:18.196 [main] DEBUG org.springframework.beans.factory.annotation.InjectionMetadata - Registered injected element on class [org.codemaster.shoppingbackend.daoimpl.UserDAOImpl]: AutowiredFieldElement for private org.hibernate.SessionFactory org.codemaster.shoppingbackend.daoimpl.UserDAOImpl.sessionFactory
17:26:18.196 [main] DEBUG org.springframework.beans.factory.support.DefaultListableBeanFactory - Eagerly caching bean &apos;userDAO&apos; to allow for resolving potential circular references
17:26:18.211 [main] DEBUG org.springframework.beans.factory.annotation.InjectionMetadata - Processing injected element of bean &apos;userDAO&apos;: AutowiredFieldElement for private org.hibernate.SessionFactory org.codemaster.shoppingbackend.daoimpl.UserDAOImpl.sessionFactory
17:26:18.211 [main] DEBUG org.springframework.core.annotation.AnnotationUtils - Failed to meta-introspect annotation [interface org.springframework.beans.factory.annotation.Autowired]: java.lang.IllegalArgumentException: Annotation must not be null
17:26:18.211 [main] DEBUG org.springframework.beans.factory.support.DefaultListableBeanFactory - Returning cached instance of singleton bean &apos;getSessionFactory&apos;
17:26:18.211 [main] DEBUG org.springframework.beans.factory.annotation.AutowiredAnnotationBeanPostProcessor - Autowiring by type from bean name &apos;userDAO&apos; to bean named &apos;getSessionFactory&apos;
17:26:18.211 [main] DEBUG org.springframework.beans.factory.support.DefaultListableBeanFactory - Returning cached instance of singleton bean &apos;org.springframework.transaction.config.internalTransactionAdvisor&apos;
17:26:18.227 [main] DEBUG org.springframework.transaction.annotation.AnnotationTransactionAttributeSource - Adding transactional method &apos;org.codemaster.shoppingbackend.daoimpl.UserDAOImpl.add&apos; with attribute: PROPAGATION_REQUIRED,ISOLATION_DEFAULT; &apos;&apos;
17:26:18.227 [main] DEBUG org.springframework.aop.framework.autoproxy.InfrastructureAdvisorAutoProxyCreator - Creating implicit proxy for bean &apos;userDAO&apos; with 0 common interceptors and 1 specific interceptors
17:26:18.227 [main] DEBUG org.springframework.aop.framework.JdkDynamicAopProxy - Creating JDK dynamic proxy: target source is SingletonTargetSource for target object [org.codemaster.shoppingbackend.daoimpl.UserDAOImpl@6f8e9d06]
17:26:18.258 [main] DEBUG org.springframework.beans.factory.support.DefaultListableBeanFactory - Finished creating instance of bean &apos;userDAO&apos;
17:26:18.258 [main] DEBUG org.springframework.beans.factory.support.DefaultListableBeanFactory - Creating shared instance of singleton bean &apos;product&apos;
17:26:18.274 [main] DEBUG org.springframework.beans.factory.support.DefaultListableBeanFactory - Creating instance of bean &apos;product&apos;
17:26:18.289 [main] DEBUG org.springframework.beans.factory.support.DefaultListableBeanFactory - Eagerly caching bean &apos;product&apos; to allow for resolving potential circular references
17:26:18.336 [main] DEBUG org.springframework.beans.factory.support.DefaultListableBeanFactory - Returning cached instance of singleton bean &apos;org.springframework.transaction.config.internalTransactionAdvisor&apos;
17:26:18.352 [main] DEBUG org.springframework.beans.factory.support.DefaultListableBeanFactory - Finished creating instance of bean &apos;product&apos;
17:26:18.352 [main] DEBUG org.springframework.beans.factory.support.DefaultListableBeanFactory - Returning cached instance of singleton bean &apos;org.springframework.transaction.annotation.ProxyTransactionManagementConfiguration&apos;
17:26:18.352 [main] DEBUG org.springframework.beans.factory.support.DefaultListableBeanFactory - Returning cached instance of singleton bean &apos;org.springframework.transaction.config.internalTransactionAdvisor&apos;
17:26:18.352 [main] DEBUG org.springframework.beans.factory.support.DefaultListableBeanFactory - Returning cached instance of singleton bean &apos;transactionAttributeSource&apos;
17:26:18.352 [main] DEBUG org.springframework.beans.factory.support.DefaultListableBeanFactory - Returning cached instance of singleton bean &apos;transactionInterceptor&apos;
17:26:18.352 [main] DEBUG org.springframework.beans.factory.support.DefaultListableBeanFactory - Creating shared instance of singleton bean &apos;org.springframework.transaction.config.internalTransactionalEventListenerFactory&apos;
17:26:18.352 [main] DEBUG org.springframework.beans.factory.support.DefaultListableBeanFactory - Creating instance of bean &apos;org.springframework.transaction.config.internalTransactionalEventListenerFactory&apos;
17:26:18.352 [main] DEBUG org.springframework.beans.factory.support.DefaultListableBeanFactory - Returning cached instance of singleton bean &apos;org.springframework.transaction.annotation.ProxyTransactionManagementConfiguration&apos;
17:26:18.446 [main] DEBUG org.springframework.beans.factory.support.DefaultListableBeanFactory - Eagerly caching bean &apos;org.springframework.transaction.config.internalTransactionalEventListenerFactory&apos; to allow for resolving potential circular references
17:26:18.477 [main] DEBUG org.springframework.beans.factory.support.DefaultListableBeanFactory - Returning cached instance of singleton bean &apos;org.springframework.transaction.config.internalTransactionAdvisor&apos;
17:26:18.477 [main] DEBUG org.springframework.beans.factory.support.DefaultListableBeanFactory - Finished creating instance of bean &apos;org.springframework.transaction.config.internalTransactionalEventListenerFactory&apos;
17:26:18.477 [main] DEBUG org.springframework.beans.factory.support.DefaultListableBeanFactory - Returning cached instance of singleton bean &apos;dataSource&apos;
17:26:18.492 [main] DEBUG org.springframework.beans.factory.support.DefaultListableBeanFactory - Returning cached instance of singleton bean &apos;getSessionFactory&apos;
17:26:18.492 [main] DEBUG org.springframework.beans.factory.support.DefaultListableBeanFactory - Creating shared instance of singleton bean &apos;getTransactionManager&apos;
17:26:18.492 [main] DEBUG org.springframework.beans.factory.support.DefaultListableBeanFactory - Creating instance of bean &apos;getTransactionManager&apos;
17:26:18.524 [main] DEBUG org.springframework.beans.factory.support.DefaultListableBeanFactory - Returning cached instance of singleton bean &apos;hibernateConfig&apos;
17:26:18.524 [main] DEBUG org.springframework.beans.factory.support.DefaultListableBeanFactory - Returning cached instance of singleton bean &apos;getSessionFactory&apos;
17:26:18.524 [main] DEBUG org.springframework.beans.factory.support.DefaultListableBeanFactory - Autowiring by type from bean name &apos;getTransactionManager&apos; via factory method to bean named &apos;getSessionFactory&apos;
17:26:18.633 [main] INFO org.springframework.orm.hibernate5.HibernateTransactionManager - Using DataSource [org.apache.commons.dbcp2.BasicDataSource@40dff0b7] of Hibernate SessionFactory for HibernateTransactionManager
17:26:18.727 [main] DEBUG org.springframework.beans.factory.support.DefaultListableBeanFactory - Eagerly caching bean &apos;getTransactionManager&apos; to allow for resolving potential circular references
17:26:18.774 [main] DEBUG org.springframework.beans.factory.support.DefaultListableBeanFactory - Invoking afterPropertiesSet() on bean with name &apos;getTransactionManager&apos;
17:26:18.774 [main] DEBUG org.springframework.beans.factory.support.DefaultListableBeanFactory - Returning cached instance of singleton bean &apos;org.springframework.transaction.config.internalTransactionAdvisor&apos;
17:26:18.805 [main] DEBUG org.springframework.beans.factory.support.DefaultListableBeanFactory - Finished creating instance of bean &apos;getTransactionManager&apos;
17:26:18.805 [main] DEBUG org.springframework.beans.factory.support.DefaultListableBeanFactory - Returning cached instance of singleton bean &apos;org.springframework.aop.config.internalAutoProxyCreator&apos;
17:26:18.821 [main] DEBUG org.springframework.beans.factory.support.DefaultListableBeanFactory - Returning cached instance of singleton bean &apos;org.springframework.context.event.internalEventListenerFactory&apos;
17:26:18.821 [main] DEBUG org.springframework.beans.factory.support.DefaultListableBeanFactory - Returning cached instance of singleton bean &apos;org.springframework.transaction.config.internalTransactionalEventListenerFactory&apos;
17:26:19.164 [main] DEBUG org.springframework.context.annotation.AnnotationConfigApplicationContext - Unable to locate LifecycleProcessor with name &apos;lifecycleProcessor&apos;: using default [org.springframework.context.support.DefaultLifecycleProcessor@162c1dfb]
17:26:19.176 [main] DEBUG org.springframework.beans.factory.support.DefaultListableBeanFactory - Returning cached instance of singleton bean &apos;lifecycleProcessor&apos;
17:26:19.200 [main] DEBUG org.springframework.core.env.PropertySourcesPropertyResolver - Could not find key &apos;spring.liveBeansView.mbeanDomain&apos; in any property source
17:26:19.216 [main] DEBUG org.springframework.beans.factory.support.DefaultListableBeanFactory - Returning cached instance of singleton bean &apos;cartLineDAO&apos;
17:26:19.216 [main] DEBUG org.springframework.beans.factory.support.DefaultListableBeanFactory - Returning cached instance of singleton bean &apos;productDAO&apos;
17:26:19.216 [main] DEBUG org.springframework.beans.factory.support.DefaultListableBeanFactory - Returning cached instance of singleton bean &apos;userDAO&apos;
17:26:19.394 [main] DEBUG org.springframework.transaction.annotation.AnnotationTransactionAttributeSource - Adding transactional method &apos;org.codemaster.shoppingbackend.daoimpl.UserDAOImpl.getByEmail&apos; with attribute: PROPAGATION_REQUIRED,ISOLATION_DEFAULT; &apos;&apos;
17:26:19.425 [main] DEBUG org.springframework.beans.factory.support.DefaultListableBeanFactory - Returning cached instance of singleton bean &apos;getTransactionManager&apos;
17:26:19.444 [main] DEBUG org.springframework.orm.hibernate5.HibernateTransactionManager - Creating new transaction with name [org.codemaster.shoppingbackend.daoimpl.UserDAOImpl.getByEmail]: PROPAGATION_REQUIRED,ISOLATION_DEFAULT; &apos;&apos;
17:26:19.560 [main] DEBUG org.hibernate.stat.internal.StatisticsInitiator - Statistics initialized [enabled=false]
17:26:19.560 [main] DEBUG org.springframework.orm.hibernate5.HibernateTransactionManager - Opened new Session [SessionImpl(PersistenceContext[entityKeys=[],collectionKeys=[]];ActionQueue[insertions=ExecutableList{size=0} updates=ExecutableList{size=0} deletions=ExecutableList{size=0} orphanRemovals=ExecutableList{size=0} collectionCreations=ExecutableList{size=0} collectionRemovals=ExecutableList{size=0} collectionUpdates=ExecutableList{size=0} collectionQueuedOps=ExecutableList{size=0} unresolvedInsertDependencies=null])] for Hibernate transaction
17:26:19.560 [main] DEBUG org.springframework.orm.hibernate5.HibernateTransactionManager - Preparing JDBC Connection of Hibernate Session [SessionImpl(PersistenceContext[entityKeys=[],collectionKeys=[]];ActionQueue[insertions=ExecutableList{size=0} updates=ExecutableList{size=0} deletions=ExecutableList{size=0} orphanRemovals=ExecutableList{size=0} collectionCreations=ExecutableList{size=0} collectionRemovals=ExecutableList{size=0} collectionUpdates=ExecutableList{size=0} collectionQueuedOps=ExecutableList{size=0} unresolvedInsertDependencies=null])]
17:26:19.576 [main] DEBUG org.hibernate.engine.transaction.internal.TransactionImpl - begin
17:26:19.576 [main] DEBUG org.springframework.orm.hibernate5.HibernateTransactionManager - Exposing Hibernate transaction as JDBC transaction [2079229473, URL=jdbc:h2:~/onlineshopping, UserName=SA, H2 JDBC Driver]
17:26:19.607 [main] DEBUG org.hibernate.hql.internal.QueryTranslatorFactoryInitiator - QueryTranslatorFactory : org.hibernate.hql.internal.ast.ASTQueryTranslatorFactory@4ea56bdb
17:26:19.607 [main] INFO org.hibernate.hql.internal.QueryTranslatorFactoryInitiator - HHH000397: Using ASTQueryTranslatorFactory
17:26:19.670 [main] DEBUG org.hibernate.hql.internal.ast.QueryTranslatorImpl - parse() - HQL: FROM org.codemaster.shoppingbackend.dto.User WHERE email = :email
17:26:19.685 [main] DEBUG org.hibernate.hql.internal.ast.ErrorCounter - throwQueryException() : no errors
17:26:19.685 [main] DEBUG org.hibernate.hql.internal.ast.QueryTranslatorImpl - --- HQL AST ---
 \-[QUERY] Node: &apos;query&apos;
    +-[SELECT_FROM] Node: &apos;SELECT_FROM&apos;
    |  \-[FROM] Node: &apos;FROM&apos;
    |     \-[RANGE] Node: &apos;RANGE&apos;
    |        \-[DOT] Node: &apos;.&apos;
    |           +-[DOT] Node: &apos;.&apos;
    |           |  +-[DOT] Node: &apos;.&apos;
    |           |  |  +-[DOT] Node: &apos;.&apos;
    |           |  |  |  +-[IDENT] Node: &apos;org&apos;
    |           |  |  |  \-[IDENT] Node: &apos;codemaster&apos;
    |           |  |  \-[IDENT] Node: &apos;shoppingbackend&apos;
    |           |  \-[IDENT] Node: &apos;dto&apos;
    |           \-[IDENT] Node: &apos;User&apos;
    \-[WHERE] Node: &apos;WHERE&apos;
       \-[EQ] Node: &apos;=&apos;
          +-[IDENT] Node: &apos;email&apos;
          \-[COLON] Node: &apos;:&apos;
             \-[IDENT] Node: &apos;email&apos;

17:26:19.732 [main] DEBUG org.hibernate.hql.internal.antlr.HqlSqlBaseWalker - select &lt;&lt; begin [level=1, statement=select]
17:26:19.764 [main] DEBUG org.hibernate.hql.internal.ast.tree.FromElement - FromClause{level=1} : org.codemaster.shoppingbackend.dto.User (&lt;no alias&gt;) -&gt; user0_
17:26:19.764 [main] DEBUG org.hibernate.hql.internal.ast.tree.FromReferenceNode - Resolved : {synthetic-alias} -&gt; {synthetic-alias}
17:26:19.779 [main] DEBUG org.hibernate.hql.internal.ast.tree.DotNode - getDataType() : email -&gt; org.hibernate.type.StringType@5922ae77
17:26:19.779 [main] DEBUG org.hibernate.hql.internal.ast.tree.FromReferenceNode - Resolved : {synthetic-alias}.email -&gt; user0_.email
17:26:19.779 [main] DEBUG org.hibernate.hql.internal.antlr.HqlSqlBaseWalker - select : finishing up [level=1, statement=select]
17:26:19.779 [main] DEBUG org.hibernate.hql.internal.ast.HqlSqlWalker - processQuery() :  ( SELECT ( FromClause{level=1} user_detail user0_ ) ( WHERE ( = ( user0_.email {synthetic-alias} email ) ? ) ) )
17:26:19.810 [main] DEBUG org.hibernate.hql.internal.ast.HqlSqlWalker - Derived SELECT clause created.
17:26:19.826 [main] DEBUG org.hibernate.hql.internal.ast.util.JoinProcessor - Using FROM fragment [user_detail user0_]
17:26:19.826 [main] DEBUG org.hibernate.hql.internal.antlr.HqlSqlBaseWalker - select &gt;&gt; end [level=1, statement=select]
17:26:19.826 [main] DEBUG org.hibernate.hql.internal.ast.QueryTranslatorImpl - --- SQL AST ---
 \-[SELECT] QueryNode: &apos;SELECT&apos;  querySpaces (user_detail)
    +-[SELECT_CLAUSE] SelectClause: &apos;{derived select clause}&apos;
    |  +-[SELECT_EXPR] SelectExpressionImpl: &apos;user0_.id as id1_7_&apos; {FromElement{explicit,not a collection join,not a fetch join,fetch non-lazy properties,classAlias=null,role=null,tableName=user_detail,tableAlias=user0_,origin=null,columns={,className=org.codemaster.shoppingbackend.dto.User}}}
    |  \-[SQL_TOKEN] SqlFragment: &apos;user0_.contact_number as contact_2_7_, user0_.email as email3_7_, user0_.enabled as enabled4_7_, user0_.first_name as first_na5_7_, user0_.last_name as last_nam6_7_, user0_.password as password7_7_, user0_.role as role8_7_&apos;
    +-[FROM] FromClause: &apos;FROM&apos; FromClause{level=1, fromElementCounter=1, fromElements=1, fromElementByClassAlias=[], fromElementByTableAlias=[user0_], fromElementsByPath=[], collectionJoinFromElementsByPath=[], impliedElements=[]}
    |  \-[FROM_FRAGMENT] FromElement: &apos;user_detail user0_&apos; FromElement{explicit,not a collection join,not a fetch join,fetch non-lazy properties,classAlias=null,role=null,tableName=user_detail,tableAlias=user0_,origin=null,columns={,className=org.codemaster.shoppingbackend.dto.User}}
    \-[WHERE] SqlNode: &apos;WHERE&apos;
       \-[EQ] BinaryLogicOperatorNode: &apos;=&apos;
          +-[DOT] DotNode: &apos;user0_.email&apos; {propertyName=email,dereferenceType=PRIMITIVE,getPropertyPath=email,path={synthetic-alias}.email,tableAlias=user0_,className=org.codemaster.shoppingbackend.dto.User,classAlias=null}
          |  +-[IDENT] IdentNode: &apos;{synthetic-alias}&apos; {originalText={synthetic-alias}}
          |  \-[IDENT] IdentNode: &apos;email&apos; {originalText=email}
          \-[NAMED_PARAM] ParameterNode: &apos;?&apos; {name=email, expectedType=org.hibernate.type.StringType@5922ae77}

17:26:19.826 [main] DEBUG org.hibernate.hql.internal.ast.ErrorCounter - throwQueryException() : no errors
17:26:19.842 [main] DEBUG org.hibernate.hql.internal.ast.QueryTranslatorImpl - HQL: FROM org.codemaster.shoppingbackend.dto.User WHERE email = :email
17:26:19.842 [main] DEBUG org.hibernate.hql.internal.ast.QueryTranslatorImpl - SQL: select user0_.id as id1_7_, user0_.contact_number as contact_2_7_, user0_.email as email3_7_, user0_.enabled as enabled4_7_, user0_.first_name as first_na5_7_, user0_.last_name as last_nam6_7_, user0_.password as password7_7_, user0_.role as role8_7_ from user_detail user0_ where user0_.email=?
17:26:19.842 [main] DEBUG org.hibernate.hql.internal.ast.ErrorCounter - throwQueryException() : no errors
17:26:19.873 [main] DEBUG org.hibernate.SQL - 
    select
        user0_.id as id1_7_,
        user0_.contact_number as contact_2_7_,
        user0_.email as email3_7_,
        user0_.enabled as enabled4_7_,
        user0_.first_name as first_na5_7_,
        user0_.last_name as last_nam6_7_,
        user0_.password as password7_7_,
        user0_.role as role8_7_ 
    from
        user_detail user0_ 
    where
        user0_.email=?
Hibernate: 
    select
        user0_.id as id1_7_,
        user0_.contact_number as contact_2_7_,
        user0_.email as email3_7_,
        user0_.enabled as enabled4_7_,
        user0_.first_name as first_na5_7_,
        user0_.last_name as last_nam6_7_,
        user0_.password as password7_7_,
        user0_.role as role8_7_ 
    from
        user_detail user0_ 
    where
        user0_.email=?
17:26:19.904 [main] DEBUG org.springframework.orm.hibernate5.HibernateTransactionManager - Initiating transaction commit
17:26:19.904 [main] DEBUG org.springframework.orm.hibernate5.HibernateTransactionManager - Committing Hibernate transaction on Session [SessionImpl(PersistenceContext[entityKeys=[],collectionKeys=[]];ActionQueue[insertions=ExecutableList{size=0} updates=ExecutableList{size=0} deletions=ExecutableList{size=0} orphanRemovals=ExecutableList{size=0} collectionCreations=ExecutableList{size=0} collectionRemovals=ExecutableList{size=0} collectionUpdates=ExecutableList{size=0} collectionQueuedOps=ExecutableList{size=0} unresolvedInsertDependencies=null])]
17:26:19.904 [main] DEBUG org.hibernate.engine.transaction.internal.TransactionImpl - committing
17:26:19.920 [main] DEBUG org.springframework.orm.hibernate5.HibernateTransactionManager - Closing Hibernate Session [SessionImpl(PersistenceContext[entityKeys=[],collectionKeys=[]];ActionQueue[insertions=ExecutableList{size=0} updates=ExecutableList{size=0} deletions=ExecutableList{size=0} orphanRemovals=ExecutableList{size=0} collectionCreations=ExecutableList{size=0} collectionRemovals=ExecutableList{size=0} collectionUpdates=ExecutableList{size=0} collectionQueuedOps=ExecutableList{size=0} unresolvedInsertDependencies=null])] after transaction
</system-out>
  </testcase>
</testsuite>