<?xml version="1.0" encoding="UTF-8" ?>
<testsuite tests="4" failures="2" name="org.codemaster.shoppingbackend.test.UserTestCase" time="0.743" errors="0" skipped="0">
  <properties>
[...]
</properties>
  <testcase classname="org.codemaster.shoppingbackend.test.UserTestCase" name="testListActiveProductsByCategory" time="0.52">
    <failure message="Something went wrong while fetching the list of products! expected:&lt;0&gt; but was:&lt;2&gt;" type="java.lang.AssertionError">java.lang.AssertionError: Something went wrong while fetching the list of products! expected:&lt;0&gt; but was:&lt;2&gt;
	at org.junit.Assert.fail(Assert.java:88)
	at org.junit.Assert.failNotEquals(Assert.java:834)
	at org.junit.Assert.assertEquals(Assert.java:645)
	at org.codemaster.shoppingbackend.test.UserTestCase.testListActiveProductsByCategory(UserTestCase.java:80)
	at java.base/jdk.internal.reflect.NativeMethodAccessorImpl.invoke0(Native Method)
	at java.base/jdk.internal.reflect.NativeMethodAccessorImpl.invoke(NativeMethodAccessorImpl.java:62)
	at java.base/jdk.internal.reflect.DelegatingMethodAccessorImpl.invoke(DelegatingMethodAccessorImpl.java:43)
	at java.base/java.lang.reflect.Method.invoke(Method.java:564)
	at org.junit.runners.model.FrameworkMethod$1.runReflectiveCall(FrameworkMethod.java:50)
	at org.junit.internal.runners.model.ReflectiveCallable.run(ReflectiveCallable.java:12)
	at org.junit.runners.model.FrameworkMethod.invokeExplosively(FrameworkMethod.java:47)
	at org.junit.internal.runners.statements.InvokeMethod.evaluate(InvokeMethod.java:17)
	at org.junit.runners.ParentRunner.runLeaf(ParentRunner.java:325)
	at org.junit.runners.BlockJUnit4ClassRunner.runChild(BlockJUnit4ClassRunner.java:78)
	at org.junit.runners.BlockJUnit4ClassRunner.runChild(BlockJUnit4ClassRunner.java:57)
	at org.junit.runners.ParentRunner$3.run(ParentRunner.java:290)
	at org.junit.runners.ParentRunner$1.schedule(ParentRunner.java:71)
	at org.junit.runners.ParentRunner.runChildren(ParentRunner.java:288)
	at org.junit.runners.ParentRunner.access$000(ParentRunner.java:58)
	at org.junit.runners.ParentRunner$2.evaluate(ParentRunner.java:268)
	at org.junit.internal.runners.statements.RunBefores.evaluate(RunBefores.java:26)
	at org.junit.runners.ParentRunner.run(ParentRunner.java:363)
	at org.apache.maven.surefire.junit4.JUnit4Provider.execute(JUnit4Provider.java:252)
	at org.apache.maven.surefire.junit4.JUnit4Provider.executeTestSet(JUnit4Provider.java:141)
	at org.apache.maven.surefire.junit4.JUnit4Provider.invoke(JUnit4Provider.java:112)
	at java.base/jdk.internal.reflect.NativeMethodAccessorImpl.invoke0(Native Method)
	at java.base/jdk.internal.reflect.NativeMethodAccessorImpl.invoke(NativeMethodAccessorImpl.java:62)
	at java.base/jdk.internal.reflect.DelegatingMethodAccessorImpl.invoke(DelegatingMethodAccessorImpl.java:43)
	at java.base/java.lang.reflect.Method.invoke(Method.java:564)
	at org.apache.maven.surefire.util.ReflectionUtils.invokeMethodWithArray(ReflectionUtils.java:189)
	at org.apache.maven.surefire.booter.ProviderFactory$ProviderProxy.invoke(ProviderFactory.java:165)
	at org.apache.maven.surefire.booter.ProviderFactory.invokeProvider(ProviderFactory.java:85)
	at org.apache.maven.surefire.booter.ForkedBooter.runSuitesInProcess(ForkedBooter.java:115)
	at org.apache.maven.surefire.booter.ForkedBooter.main(ForkedBooter.java:75)
</failure>
    <system-out>17:26:19.935 [main] DEBUG org.springframework.core.env.StandardEnvironment - Adding PropertySource &apos;systemProperties&apos; with lowest search precedence
17:26:19.935 [main] DEBUG org.springframework.core.env.StandardEnvironment - Adding PropertySource &apos;systemEnvironment&apos; with lowest search precedence
17:26:19.935 [main] DEBUG org.springframework.core.env.StandardEnvironment - Initialized StandardEnvironment with PropertySources [MapPropertySource@1411054469 {name=&apos;systemProperties&apos;, properties={sun.desktop=windows, awt.toolkit=sun.awt.windows.WToolkit, java.specification.version=9, file.encoding.pkg=sun.io, sun.cpu.isalist=amd64, sun.jnu.encoding=Cp1252, java.class.path=C:\Users\burha\eclipse-workspace\shoppingbackend\target\test-classes;C:\Users\burha\eclipse-workspace\shoppingbackend\target\classes;C:\Users\burha\.m2\repository\junit\junit\4.12\junit-4.12.jar;C:\Users\burha\.m2\repository\org\hamcrest\hamcrest-core\1.3\hamcrest-core-1.3.jar;C:\Users\burha\.m2\repository\org\springframework\spring-core\5.0.2.RELEASE\spring-core-5.0.2.RELEASE.jar;C:\Users\burha\.m2\repository\org\springframework\spring-jcl\5.0.2.RELEASE\spring-jcl-5.0.2.RELEASE.jar;C:\Users\burha\.m2\repository\commons-logging\commons-logging\1.2\commons-logging-1.2.jar;C:\Users\burha\.m2\repository\org\springframework\spring-context\5.0.2.RELEASE\spring-context-5.0.2.RELEASE.jar;C:\Users\burha\.m2\repository\org\springframework\spring-aop\5.0.2.RELEASE\spring-aop-5.0.2.RELEASE.jar;C:\Users\burha\.m2\repository\org\springframework\spring-beans\5.0.2.RELEASE\spring-beans-5.0.2.RELEASE.jar;C:\Users\burha\.m2\repository\org\springframework\spring-expression\5.0.2.RELEASE\spring-expression-5.0.2.RELEASE.jar;C:\Users\burha\.m2\repository\org\springframework\spring-web\5.0.2.RELEASE\spring-web-5.0.2.RELEASE.jar;C:\Users\burha\.m2\repository\org\springframework\spring-orm\5.0.2.RELEASE\spring-orm-5.0.2.RELEASE.jar;C:\Users\burha\.m2\repository\org\springframework\spring-jdbc\5.0.2.RELEASE\spring-jdbc-5.0.2.RELEASE.jar;C:\Users\burha\.m2\repository\org\springframework\spring-tx\5.0.2.RELEASE\spring-tx-5.0.2.RELEASE.jar;C:\Users\burha\.m2\repository\com\h2database\h2\1.4.196\h2-1.4.196.jar;C:\Users\burha\.m2\repository\org\hibernate\hibernate-core\5.2.12.Final\hibernate-core-5.2.12.Final.jar;C:\Users\burha\.m2\repository\org\jboss\logging\jboss-logging\3.3.0.Final\jboss-logging-3.3.0.Final.jar;C:\Users\burha\.m2\repository\org\hibernate\javax\persistence\hibernate-jpa-2.1-api\1.0.0.Final\hibernate-jpa-2.1-api-1.0.0.Final.jar;C:\Users\burha\.m2\repository\org\javassist\javassist\3.20.0-GA\javassist-3.20.0-GA.jar;C:\Users\burha\.m2\repository\antlr\antlr\2.7.7\antlr-2.7.7.jar;C:\Users\burha\.m2\repository\org\jboss\spec\javax\transaction\jboss-transaction-api_1.2_spec\1.0.1.Final\jboss-transaction-api_1.2_spec-1.0.1.Final.jar;C:\Users\burha\.m2\repository\org\jboss\jandex\2.0.3.Final\jandex-2.0.3.Final.jar;C:\Users\burha\.m2\repository\com\fasterxml\classmate\1.3.0\classmate-1.3.0.jar;C:\Users\burha\.m2\repository\dom4j\dom4j\1.6.1\dom4j-1.6.1.jar;C:\Users\burha\.m2\repository\org\hibernate\common\hibernate-commons-annotations\5.0.1.Final\hibernate-commons-annotations-5.0.1.Final.jar;C:\Users\burha\.m2\repository\org\apache\commons\commons-dbcp2\2.1.1\commons-dbcp2-2.1.1.jar;C:\Users\burha\.m2\repository\org\apache\commons\commons-pool2\2.4.2\commons-pool2-2.4.2.jar;C:\Users\burha\.m2\repository\com\fasterxml\jackson\core\jackson-databind\2.9.2\jackson-databind-2.9.2.jar;C:\Users\burha\.m2\repository\com\fasterxml\jackson\core\jackson-core\2.9.2\jackson-core-2.9.2.jar;C:\Users\burha\.m2\repository\com\fasterxml\jackson\core\jackson-annotations\2.9.2\jackson-annotations-2.9.2.jar;C:\Users\burha\.m2\repository\ch\qos\logback\logback-classic\1.2.1\logback-classic-1.2.1.jar;C:\Users\burha\.m2\repository\ch\qos\logback\logback-core\1.2.1\logback-core-1.2.1.jar;C:\Users\burha\.m2\repository\org\slf4j\slf4j-api\1.7.22\slf4j-api-1.7.22.jar;C:\Users\burha\.m2\repository\org\slf4j\jcl-over-slf4j\1.7.24\jcl-over-slf4j-1.7.24.jar;C:\Users\burha\.m2\repository\org\hibernate\hibernate-validator\5.4.1.Final\hibernate-validator-5.4.1.Final.jar;C:\Users\burha\.m2\repository\javax\validation\validation-api\1.1.0.Final\validation-api-1.1.0.Final.jar;C:\Users\burha\.m2\repository\javax\xml\bind\jaxb-api\2.3.0\jaxb-api-2.3.0.jar;C:\Users\burha\.m2\repository\org\eclipse\persistence\eclipselink\2.7.0\eclipselink-2.7.0.jar;C:\Users\burha\.m2\repository\org\eclipse\persistence\javax.persistence\2.2.0\javax.persistence-2.2.0.jar;C:\Users\burha\.m2\repository\org\eclipse\persistence\commonj.sdo\2.1.1\commonj.sdo-2.1.1.jar;C:\Users\burha\.m2\repository\org\glassfish\javax.json\1.0.4\javax.json-1.0.4.jar;, java.vm.vendor=Oracle Corporation, sun.arch.data.model=64, user.variant=, java.vendor.url=http://java.oracle.com/, user.timezone=Asia/Calcutta, os.name=Windows 10, java.vm.specification.version=9, sun.java.launcher=SUN_STANDARD, user.country=IN, sun.boot.library.path=C:\Program Files\Java\jdk-9.0.1\bin, sun.java.command=C:\Users\burha\eclipse-workspace\shoppingbackend\target\surefire\surefirebooter9984604139632362257.jar C:\Users\burha\eclipse-workspace\shoppingbackend\target\surefire\surefire12498105600398127685tmp C:\Users\burha\eclipse-workspace\shoppingbackend\target\surefire\surefire_015710395096518565385tmp, jdk.debug=release, surefire.test.class.path=C:\Users\burha\eclipse-workspace\shoppingbackend\target\test-classes;C:\Users\burha\eclipse-workspace\shoppingbackend\target\classes;C:\Users\burha\.m2\repository\junit\junit\4.12\junit-4.12.jar;C:\Users\burha\.m2\repository\org\hamcrest\hamcrest-core\1.3\hamcrest-core-1.3.jar;C:\Users\burha\.m2\repository\org\springframework\spring-core\5.0.2.RELEASE\spring-core-5.0.2.RELEASE.jar;C:\Users\burha\.m2\repository\org\springframework\spring-jcl\5.0.2.RELEASE\spring-jcl-5.0.2.RELEASE.jar;C:\Users\burha\.m2\repository\commons-logging\commons-logging\1.2\commons-logging-1.2.jar;C:\Users\burha\.m2\repository\org\springframework\spring-context\5.0.2.RELEASE\spring-context-5.0.2.RELEASE.jar;C:\Users\burha\.m2\repository\org\springframework\spring-aop\5.0.2.RELEASE\spring-aop-5.0.2.RELEASE.jar;C:\Users\burha\.m2\repository\org\springframework\spring-beans\5.0.2.RELEASE\spring-beans-5.0.2.RELEASE.jar;C:\Users\burha\.m2\repository\org\springframework\spring-expression\5.0.2.RELEASE\spring-expression-5.0.2.RELEASE.jar;C:\Users\burha\.m2\repository\org\springframework\spring-web\5.0.2.RELEASE\spring-web-5.0.2.RELEASE.jar;C:\Users\burha\.m2\repository\org\springframework\spring-orm\5.0.2.RELEASE\spring-orm-5.0.2.RELEASE.jar;C:\Users\burha\.m2\repository\org\springframework\spring-jdbc\5.0.2.RELEASE\spring-jdbc-5.0.2.RELEASE.jar;C:\Users\burha\.m2\repository\org\springframework\spring-tx\5.0.2.RELEASE\spring-tx-5.0.2.RELEASE.jar;C:\Users\burha\.m2\repository\com\h2database\h2\1.4.196\h2-1.4.196.jar;C:\Users\burha\.m2\repository\org\hibernate\hibernate-core\5.2.12.Final\hibernate-core-5.2.12.Final.jar;C:\Users\burha\.m2\repository\org\jboss\logging\jboss-logging\3.3.0.Final\jboss-logging-3.3.0.Final.jar;C:\Users\burha\.m2\repository\org\hibernate\javax\persistence\hibernate-jpa-2.1-api\1.0.0.Final\hibernate-jpa-2.1-api-1.0.0.Final.jar;C:\Users\burha\.m2\repository\org\javassist\javassist\3.20.0-GA\javassist-3.20.0-GA.jar;C:\Users\burha\.m2\repository\antlr\antlr\2.7.7\antlr-2.7.7.jar;C:\Users\burha\.m2\repository\org\jboss\spec\javax\transaction\jboss-transaction-api_1.2_spec\1.0.1.Final\jboss-transaction-api_1.2_spec-1.0.1.Final.jar;C:\Users\burha\.m2\repository\org\jboss\jandex\2.0.3.Final\jandex-2.0.3.Final.jar;C:\Users\burha\.m2\repository\com\fasterxml\classmate\1.3.0\classmate-1.3.0.jar;C:\Users\burha\.m2\repository\dom4j\dom4j\1.6.1\dom4j-1.6.1.jar;C:\Users\burha\.m2\repository\org\hibernate\common\hibernate-commons-annotations\5.0.1.Final\hibernate-commons-annotations-5.0.1.Final.jar;C:\Users\burha\.m2\repository\org\apache\commons\commons-dbcp2\2.1.1\commons-dbcp2-2.1.1.jar;C:\Users\burha\.m2\repository\org\apache\commons\commons-pool2\2.4.2\commons-pool2-2.4.2.jar;C:\Users\burha\.m2\repository\com\fasterxml\jackson\core\jackson-databind\2.9.2\jackson-databind-2.9.2.jar;C:\Users\burha\.m2\repository\com\fasterxml\jackson\core\jackson-core\2.9.2\jackson-core-2.9.2.jar;C:\Users\burha\.m2\repository\com\fasterxml\jackson\core\jackson-annotations\2.9.2\jackson-annotations-2.9.2.jar;C:\Users\burha\.m2\repository\ch\qos\logback\logback-classic\1.2.1\logback-classic-1.2.1.jar;C:\Users\burha\.m2\repository\ch\qos\logback\logback-core\1.2.1\logback-core-1.2.1.jar;C:\Users\burha\.m2\repository\org\slf4j\slf4j-api\1.7.22\slf4j-api-1.7.22.jar;C:\Users\burha\.m2\repository\org\slf4j\jcl-over-slf4j\1.7.24\jcl-over-slf4j-1.7.24.jar;C:\Users\burha\.m2\repository\org\hibernate\hibernate-validator\5.4.1.Final\hibernate-validator-5.4.1.Final.jar;C:\Users\burha\.m2\repository\javax\validation\validation-api\1.1.0.Final\validation-api-1.1.0.Final.jar;C:\Users\burha\.m2\repository\javax\xml\bind\jaxb-api\2.3.0\jaxb-api-2.3.0.jar;C:\Users\burha\.m2\repository\org\eclipse\persistence\eclipselink\2.7.0\eclipselink-2.7.0.jar;C:\Users\burha\.m2\repository\org\eclipse\persistence\javax.persistence\2.2.0\javax.persistence-2.2.0.jar;C:\Users\burha\.m2\repository\org\eclipse\persistence\commonj.sdo\2.1.1\commonj.sdo-2.1.1.jar;C:\Users\burha\.m2\repository\org\glassfish\javax.json\1.0.4\javax.json-1.0.4.jar;, sun.cpu.endian=little, user.home=C:\Users\burha, user.language=en, java.specification.vendor=Oracle Corporation, java.home=C:\Program Files\Java\jdk-9.0.1, file.separator=\, basedir=C:\Users\burha\eclipse-workspace\shoppingbackend, java.vm.compressedOopsMode=32-bit, line.separator=
, java.vm.specification.vendor=Oracle Corporation, java.specification.name=Java Platform API Specification, java.awt.graphicsenv=sun.awt.Win32GraphicsEnvironment, surefire.real.class.path=C:\Users\burha\eclipse-workspace\shoppingbackend\target\surefire\surefirebooter9984604139632362257.jar, user.script=, sun.management.compiler=HotSpot 64-Bit Tiered Compilers, java.runtime.version=9.0.1+11, user.name=burha, path.separator=;, os.version=10.0, java.runtime.name=Java(TM) SE Runtime Environment, file.encoding=Cp1252, java.vm.name=Java HotSpot(TM) 64-Bit Server VM, localRepository=C:\Users\burha\.m2\repository, java.vendor.url.bug=http://bugreport.java.com/bugreport/, java.io.tmpdir=C:\Users\burha\AppData\Local\Temp\, java.version=9.0.1, user.dir=C:\Users\burha\eclipse-workspace\shoppingbackend, os.arch=amd64, java.vm.specification.name=Java Virtual Machine Specification, java.awt.printerjob=sun.awt.windows.WPrinterJob, sun.os.patch.level=, java.library.path=C:\Program Files\Java\jdk-9.0.1\bin;C:\WINDOWS\Sun\Java\bin;C:\WINDOWS\system32;C:\WINDOWS;C:\ProgramData\Oracle\Java\javapath;C:\WINDOWS\system32;C:\WINDOWS;C:\WINDOWS\System32\Wbem;C:\WINDOWS\System32\WindowsPowerShell\v1.0\;C:\Users\burha\AppData\Local\Microsoft\WindowsApps;;., java.vm.info=mixed mode, java.vendor=Oracle Corporation, java.vm.version=9.0.1+11, sun.io.unicode.encoding=UnicodeLittle, java.class.version=53.0}}, SystemEnvironmentPropertySource@1146867354 {name=&apos;systemEnvironment&apos;, properties={JAVA=C:\Program Files\Java\jdk-9.0.1, PATH=C:\ProgramData\Oracle\Java\javapath;C:\WINDOWS\system32;C:\WINDOWS;C:\WINDOWS\System32\Wbem;C:\WINDOWS\System32\WindowsPowerShell\v1.0\;C:\Users\burha\AppData\Local\Microsoft\WindowsApps;, USERDOMAIN_ROAMINGPROFILE=DESKTOP-OEA2D0R, LOCALAPPDATA=C:\Users\burha\AppData\Local, PROCESSOR_LEVEL=6, SYSTEMDRIVE=C:, COMMONPROGRAMFILES(X86)=C:\Program Files (x86)\Common Files, USERDOMAIN=DESKTOP-OEA2D0R, LOGONSERVER=\\DESKTOP-OEA2D0R, PROMPT=$P$G, SESSIONNAME=Console, ALLUSERSPROFILE=C:\ProgramData, PROGRAMFILES(X86)=C:\Program Files (x86), PROCESSOR_ARCHITECTURE=AMD64, PROGRAMFILES=C:\Program Files, =C:=C:\Users\burha\eclipse-workspace\shoppingbackend, APPDATA=C:\Users\burha\AppData\Roaming, PSMODULEPATH=C:\Program Files\WindowsPowerShell\Modules;C:\WINDOWS\system32\WindowsPowerShell\v1.0\Modules, PROGRAMW6432=C:\Program Files, PROGRAMDATA=C:\ProgramData, SYSTEMROOT=C:\WINDOWS, USERNAME=burha, ONEDRIVE=C:\Users\burha\OneDrive, PATHEXT=.COM;.EXE;.BAT;.CMD;.VBS;.VBE;.JS;.JSE;.WSF;.WSH;.MSC, OS=Windows_NT, COMMONPROGRAMW6432=C:\Program Files\Common Files, COMPUTERNAME=DESKTOP-OEA2D0R, COMMONPROGRAMFILES=C:\Program Files\Common Files, COMSPEC=C:\WINDOWS\system32\cmd.exe, PROCESSOR_REVISION=2a07, WINDIR=C:\WINDOWS, HOMEPATH=\Users\burha, TEMP=C:\Users\burha\AppData\Local\Temp, HOMEDRIVE=C:, PROCESSOR_IDENTIFIER=Intel64 Family 6 Model 42 Stepping 7, GenuineIntel, USERPROFILE=C:\Users\burha, TMP=C:\Users\burha\AppData\Local\Temp, PUBLIC=C:\Users\Public, NUMBER_OF_PROCESSORS=4, =::=::\}}]
17:26:20.045 [main] DEBUG org.springframework.core.io.support.PathMatchingResourcePatternResolver - Resolved classpath location [org/codemaster/] to resources [URL [file:/C:/Users/burha/eclipse-workspace/shoppingbackend/target/test-classes/org/codemaster/], URL [file:/C:/Users/burha/eclipse-workspace/shoppingbackend/target/classes/org/codemaster/]]
17:26:20.045 [main] DEBUG org.springframework.core.io.support.PathMatchingResourcePatternResolver - Looking for matching resources in directory tree [C:\Users\burha\eclipse-workspace\shoppingbackend\target\test-classes\org\codemaster]
17:26:20.060 [main] DEBUG org.springframework.core.io.support.PathMatchingResourcePatternResolver - Searching directory [C:\Users\burha\eclipse-workspace\shoppingbackend\target\test-classes\org\codemaster] for files matching pattern [C:/Users/burha/eclipse-workspace/shoppingbackend/target/test-classes/org/codemaster/**/*.class]
17:26:20.060 [main] DEBUG org.springframework.core.io.support.PathMatchingResourcePatternResolver - Searching directory [C:\Users\burha\eclipse-workspace\shoppingbackend\target\test-classes\org\codemaster\shoppingbackend] for files matching pattern [C:/Users/burha/eclipse-workspace/shoppingbackend/target/test-classes/org/codemaster/**/*.class]
17:26:20.060 [main] DEBUG org.springframework.core.io.support.PathMatchingResourcePatternResolver - Searching directory [C:\Users\burha\eclipse-workspace\shoppingbackend\target\test-classes\org\codemaster\shoppingbackend\test] for files matching pattern [C:/Users/burha/eclipse-workspace/shoppingbackend/target/test-classes/org/codemaster/**/*.class]
17:26:20.060 [main] DEBUG org.springframework.core.io.support.PathMatchingResourcePatternResolver - Looking for matching resources in directory tree [C:\Users\burha\eclipse-workspace\shoppingbackend\target\classes\org\codemaster]
17:26:20.060 [main] DEBUG org.springframework.core.io.support.PathMatchingResourcePatternResolver - Searching directory [C:\Users\burha\eclipse-workspace\shoppingbackend\target\classes\org\codemaster] for files matching pattern [C:/Users/burha/eclipse-workspace/shoppingbackend/target/classes/org/codemaster/**/*.class]
17:26:20.060 [main] DEBUG org.springframework.core.io.support.PathMatchingResourcePatternResolver - Searching directory [C:\Users\burha\eclipse-workspace\shoppingbackend\target\classes\org\codemaster\shoppingbackend] for files matching pattern [C:/Users/burha/eclipse-workspace/shoppingbackend/target/classes/org/codemaster/**/*.class]
17:26:20.060 [main] DEBUG org.springframework.core.io.support.PathMatchingResourcePatternResolver - Searching directory [C:\Users\burha\eclipse-workspace\shoppingbackend\target\classes\org\codemaster\shoppingbackend\config] for files matching pattern [C:/Users/burha/eclipse-workspace/shoppingbackend/target/classes/org/codemaster/**/*.class]
17:26:20.060 [main] DEBUG org.springframework.core.io.support.PathMatchingResourcePatternResolver - Searching directory [C:\Users\burha\eclipse-workspace\shoppingbackend\target\classes\org\codemaster\shoppingbackend\dao] for files matching pattern [C:/Users/burha/eclipse-workspace/shoppingbackend/target/classes/org/codemaster/**/*.class]
17:26:20.060 [main] DEBUG org.springframework.core.io.support.PathMatchingResourcePatternResolver - Searching directory [C:\Users\burha\eclipse-workspace\shoppingbackend\target\classes\org\codemaster\shoppingbackend\daoimpl] for files matching pattern [C:/Users/burha/eclipse-workspace/shoppingbackend/target/classes/org/codemaster/**/*.class]
17:26:20.076 [main] DEBUG org.springframework.core.io.support.PathMatchingResourcePatternResolver - Searching directory [C:\Users\burha\eclipse-workspace\shoppingbackend\target\classes\org\codemaster\shoppingbackend\dto] for files matching pattern [C:/Users/burha/eclipse-workspace/shoppingbackend/target/classes/org/codemaster/**/*.class]
17:26:20.076 [main] DEBUG org.springframework.core.io.support.PathMatchingResourcePatternResolver - Resolved location pattern [classpath*:org/codemaster/**/*.class] to resources [file [C:\Users\burha\eclipse-workspace\shoppingbackend\target\test-classes\org\codemaster\shoppingbackend\AppTest.class], file [C:\Users\burha\eclipse-workspace\shoppingbackend\target\test-classes\org\codemaster\shoppingbackend\test\CartLineTestCase.class], file [C:\Users\burha\eclipse-workspace\shoppingbackend\target\test-classes\org\codemaster\shoppingbackend\test\UserTestCase.class], file [C:\Users\burha\eclipse-workspace\shoppingbackend\target\classes\org\codemaster\shoppingbackend\App.class], file [C:\Users\burha\eclipse-workspace\shoppingbackend\target\classes\org\codemaster\shoppingbackend\config\HibernateConfig.class], file [C:\Users\burha\eclipse-workspace\shoppingbackend\target\classes\org\codemaster\shoppingbackend\dao\CartLineDAO.class], file [C:\Users\burha\eclipse-workspace\shoppingbackend\target\classes\org\codemaster\shoppingbackend\dao\CategoryDAO.class], file [C:\Users\burha\eclipse-workspace\shoppingbackend\target\classes\org\codemaster\shoppingbackend\dao\ProductDAO.class], file [C:\Users\burha\eclipse-workspace\shoppingbackend\target\classes\org\codemaster\shoppingbackend\dao\UserDAO.class], file [C:\Users\burha\eclipse-workspace\shoppingbackend\target\classes\org\codemaster\shoppingbackend\daoimpl\CartLineDAOImpl.class], file [C:\Users\burha\eclipse-workspace\shoppingbackend\target\classes\org\codemaster\shoppingbackend\daoimpl\CategoryDAOImpl.class], file [C:\Users\burha\eclipse-workspace\shoppingbackend\target\classes\org\codemaster\shoppingbackend\daoimpl\ProductDAOImpl.class], file [C:\Users\burha\eclipse-workspace\shoppingbackend\target\classes\org\codemaster\shoppingbackend\daoimpl\UserDAOImpl.class], file [C:\Users\burha\eclipse-workspace\shoppingbackend\target\classes\org\codemaster\shoppingbackend\dto\Address.class], file [C:\Users\burha\eclipse-workspace\shoppingbackend\target\classes\org\codemaster\shoppingbackend\dto\Cart.class], file [C:\Users\burha\eclipse-workspace\shoppingbackend\target\classes\org\codemaster\shoppingbackend\dto\CartLine.class], file [C:\Users\burha\eclipse-workspace\shoppingbackend\target\classes\org\codemaster\shoppingbackend\dto\Category.class], file [C:\Users\burha\eclipse-workspace\shoppingbackend\target\classes\org\codemaster\shoppingbackend\dto\OrderDetail.class], file [C:\Users\burha\eclipse-workspace\shoppingbackend\target\classes\org\codemaster\shoppingbackend\dto\OrderItem.class], file [C:\Users\burha\eclipse-workspace\shoppingbackend\target\classes\org\codemaster\shoppingbackend\dto\Product.class], file [C:\Users\burha\eclipse-workspace\shoppingbackend\target\classes\org\codemaster\shoppingbackend\dto\User.class]]
17:26:20.092 [main] DEBUG org.springframework.context.annotation.ClassPathBeanDefinitionScanner - Identified candidate component class: file [C:\Users\burha\eclipse-workspace\shoppingbackend\target\classes\org\codemaster\shoppingbackend\config\HibernateConfig.class]
17:26:20.092 [main] DEBUG org.springframework.context.annotation.ClassPathBeanDefinitionScanner - Identified candidate component class: file [C:\Users\burha\eclipse-workspace\shoppingbackend\target\classes\org\codemaster\shoppingbackend\daoimpl\CartLineDAOImpl.class]
17:26:20.107 [main] DEBUG org.springframework.context.annotation.ClassPathBeanDefinitionScanner - Identified candidate component class: file [C:\Users\burha\eclipse-workspace\shoppingbackend\target\classes\org\codemaster\shoppingbackend\daoimpl\CategoryDAOImpl.class]
17:26:20.107 [main] DEBUG org.springframework.context.annotation.ClassPathBeanDefinitionScanner - Identified candidate component class: file [C:\Users\burha\eclipse-workspace\shoppingbackend\target\classes\org\codemaster\shoppingbackend\daoimpl\ProductDAOImpl.class]
17:26:20.107 [main] DEBUG org.springframework.context.annotation.ClassPathBeanDefinitionScanner - Identified candidate component class: file [C:\Users\burha\eclipse-workspace\shoppingbackend\target\classes\org\codemaster\shoppingbackend\daoimpl\UserDAOImpl.class]
17:26:20.123 [main] DEBUG org.springframework.context.annotation.ClassPathBeanDefinitionScanner - Identified candidate component class: file [C:\Users\burha\eclipse-workspace\shoppingbackend\target\classes\org\codemaster\shoppingbackend\dto\Product.class]
17:26:20.123 [main] INFO org.springframework.context.annotation.AnnotationConfigApplicationContext - Refreshing org.springframework.context.annotation.AnnotationConfigApplicationContext@2dba05b1: startup date [Thu Dec 07 17:26:20 IST 2017]; root of context hierarchy
17:26:20.123 [main] DEBUG org.springframework.context.annotation.AnnotationConfigApplicationContext - Bean factory for org.springframework.context.annotation.AnnotationConfigApplicationContext@2dba05b1: org.springframework.beans.factory.support.DefaultListableBeanFactory@118acf70: defining beans [org.springframework.context.annotation.internalConfigurationAnnotationProcessor,org.springframework.context.annotation.internalAutowiredAnnotationProcessor,org.springframework.context.annotation.internalRequiredAnnotationProcessor,org.springframework.context.annotation.internalPersistenceAnnotationProcessor,org.springframework.context.event.internalEventListenerProcessor,org.springframework.context.event.internalEventListenerFactory,hibernateConfig,cartLineDAO,categoryDAO,productDAO,userDAO,product]; root of factory hierarchy
17:26:20.139 [main] DEBUG org.springframework.beans.factory.support.DefaultListableBeanFactory - Creating shared instance of singleton bean &apos;org.springframework.context.annotation.internalConfigurationAnnotationProcessor&apos;
17:26:20.139 [main] DEBUG org.springframework.beans.factory.support.DefaultListableBeanFactory - Creating instance of bean &apos;org.springframework.context.annotation.internalConfigurationAnnotationProcessor&apos;
17:26:20.139 [main] DEBUG org.springframework.beans.factory.support.DefaultListableBeanFactory - Eagerly caching bean &apos;org.springframework.context.annotation.internalConfigurationAnnotationProcessor&apos; to allow for resolving potential circular references
17:26:20.139 [main] DEBUG org.springframework.beans.factory.support.DefaultListableBeanFactory - Finished creating instance of bean &apos;org.springframework.context.annotation.internalConfigurationAnnotationProcessor&apos;
17:26:20.217 [main] DEBUG org.springframework.core.io.support.PathMatchingResourcePatternResolver - Resolved classpath location [org/codemaster/] to resources [URL [file:/C:/Users/burha/eclipse-workspace/shoppingbackend/target/test-classes/org/codemaster/], URL [file:/C:/Users/burha/eclipse-workspace/shoppingbackend/target/classes/org/codemaster/]]
17:26:20.232 [main] DEBUG org.springframework.core.io.support.PathMatchingResourcePatternResolver - Looking for matching resources in directory tree [C:\Users\burha\eclipse-workspace\shoppingbackend\target\test-classes\org\codemaster]
17:26:20.232 [main] DEBUG org.springframework.core.io.support.PathMatchingResourcePatternResolver - Searching directory [C:\Users\burha\eclipse-workspace\shoppingbackend\target\test-classes\org\codemaster] for files matching pattern [C:/Users/burha/eclipse-workspace/shoppingbackend/target/test-classes/org/codemaster/**/*.class]
17:26:20.232 [main] DEBUG org.springframework.core.io.support.PathMatchingResourcePatternResolver - Searching directory [C:\Users\burha\eclipse-workspace\shoppingbackend\target\test-classes\org\codemaster\shoppingbackend] for files matching pattern [C:/Users/burha/eclipse-workspace/shoppingbackend/target/test-classes/org/codemaster/**/*.class]
17:26:20.232 [main] DEBUG org.springframework.core.io.support.PathMatchingResourcePatternResolver - Searching directory [C:\Users\burha\eclipse-workspace\shoppingbackend\target\test-classes\org\codemaster\shoppingbackend\test] for files matching pattern [C:/Users/burha/eclipse-workspace/shoppingbackend/target/test-classes/org/codemaster/**/*.class]
17:26:20.232 [main] DEBUG org.springframework.core.io.support.PathMatchingResourcePatternResolver - Looking for matching resources in directory tree [C:\Users\burha\eclipse-workspace\shoppingbackend\target\classes\org\codemaster]
17:26:20.248 [main] DEBUG org.springframework.core.io.support.PathMatchingResourcePatternResolver - Searching directory [C:\Users\burha\eclipse-workspace\shoppingbackend\target\classes\org\codemaster] for files matching pattern [C:/Users/burha/eclipse-workspace/shoppingbackend/target/classes/org/codemaster/**/*.class]
17:26:20.248 [main] DEBUG org.springframework.core.io.support.PathMatchingResourcePatternResolver - Searching directory [C:\Users\burha\eclipse-workspace\shoppingbackend\target\classes\org\codemaster\shoppingbackend] for files matching pattern [C:/Users/burha/eclipse-workspace/shoppingbackend/target/classes/org/codemaster/**/*.class]
17:26:20.264 [main] DEBUG org.springframework.core.io.support.PathMatchingResourcePatternResolver - Searching directory [C:\Users\burha\eclipse-workspace\shoppingbackend\target\classes\org\codemaster\shoppingbackend\config] for files matching pattern [C:/Users/burha/eclipse-workspace/shoppingbackend/target/classes/org/codemaster/**/*.class]
17:26:20.264 [main] DEBUG org.springframework.core.io.support.PathMatchingResourcePatternResolver - Searching directory [C:\Users\burha\eclipse-workspace\shoppingbackend\target\classes\org\codemaster\shoppingbackend\dao] for files matching pattern [C:/Users/burha/eclipse-workspace/shoppingbackend/target/classes/org/codemaster/**/*.class]
17:26:20.264 [main] DEBUG org.springframework.core.io.support.PathMatchingResourcePatternResolver - Searching directory [C:\Users\burha\eclipse-workspace\shoppingbackend\target\classes\org\codemaster\shoppingbackend\daoimpl] for files matching pattern [C:/Users/burha/eclipse-workspace/shoppingbackend/target/classes/org/codemaster/**/*.class]
17:26:20.264 [main] DEBUG org.springframework.core.io.support.PathMatchingResourcePatternResolver - Searching directory [C:\Users\burha\eclipse-workspace\shoppingbackend\target\classes\org\codemaster\shoppingbackend\dto] for files matching pattern [C:/Users/burha/eclipse-workspace/shoppingbackend/target/classes/org/codemaster/**/*.class]
17:26:20.295 [main] DEBUG org.springframework.core.io.support.PathMatchingResourcePatternResolver - Resolved location pattern [classpath*:org/codemaster/**/*.class] to resources [file [C:\Users\burha\eclipse-workspace\shoppingbackend\target\test-classes\org\codemaster\shoppingbackend\AppTest.class], file [C:\Users\burha\eclipse-workspace\shoppingbackend\target\test-classes\org\codemaster\shoppingbackend\test\CartLineTestCase.class], file [C:\Users\burha\eclipse-workspace\shoppingbackend\target\test-classes\org\codemaster\shoppingbackend\test\UserTestCase.class], file [C:\Users\burha\eclipse-workspace\shoppingbackend\target\classes\org\codemaster\shoppingbackend\App.class], file [C:\Users\burha\eclipse-workspace\shoppingbackend\target\classes\org\codemaster\shoppingbackend\config\HibernateConfig.class], file [C:\Users\burha\eclipse-workspace\shoppingbackend\target\classes\org\codemaster\shoppingbackend\dao\CartLineDAO.class], file [C:\Users\burha\eclipse-workspace\shoppingbackend\target\classes\org\codemaster\shoppingbackend\dao\CategoryDAO.class], file [C:\Users\burha\eclipse-workspace\shoppingbackend\target\classes\org\codemaster\shoppingbackend\dao\ProductDAO.class], file [C:\Users\burha\eclipse-workspace\shoppingbackend\target\classes\org\codemaster\shoppingbackend\dao\UserDAO.class], file [C:\Users\burha\eclipse-workspace\shoppingbackend\target\classes\org\codemaster\shoppingbackend\daoimpl\CartLineDAOImpl.class], file [C:\Users\burha\eclipse-workspace\shoppingbackend\target\classes\org\codemaster\shoppingbackend\daoimpl\CategoryDAOImpl.class], file [C:\Users\burha\eclipse-workspace\shoppingbackend\target\classes\org\codemaster\shoppingbackend\daoimpl\ProductDAOImpl.class], file [C:\Users\burha\eclipse-workspace\shoppingbackend\target\classes\org\codemaster\shoppingbackend\daoimpl\UserDAOImpl.class], file [C:\Users\burha\eclipse-workspace\shoppingbackend\target\classes\org\codemaster\shoppingbackend\dto\Address.class], file [C:\Users\burha\eclipse-workspace\shoppingbackend\target\classes\org\codemaster\shoppingbackend\dto\Cart.class], file [C:\Users\burha\eclipse-workspace\shoppingbackend\target\classes\org\codemaster\shoppingbackend\dto\CartLine.class], file [C:\Users\burha\eclipse-workspace\shoppingbackend\target\classes\org\codemaster\shoppingbackend\dto\Category.class], file [C:\Users\burha\eclipse-workspace\shoppingbackend\target\classes\org\codemaster\shoppingbackend\dto\OrderDetail.class], file [C:\Users\burha\eclipse-workspace\shoppingbackend\target\classes\org\codemaster\shoppingbackend\dto\OrderItem.class], file [C:\Users\burha\eclipse-workspace\shoppingbackend\target\classes\org\codemaster\shoppingbackend\dto\Product.class], file [C:\Users\burha\eclipse-workspace\shoppingbackend\target\classes\org\codemaster\shoppingbackend\dto\User.class]]
17:26:20.295 [main] DEBUG org.springframework.context.annotation.ClassPathBeanDefinitionScanner - Identified candidate component class: file [C:\Users\burha\eclipse-workspace\shoppingbackend\target\classes\org\codemaster\shoppingbackend\daoimpl\CartLineDAOImpl.class]
17:26:20.295 [main] DEBUG org.springframework.context.annotation.ClassPathBeanDefinitionScanner - Identified candidate component class: file [C:\Users\burha\eclipse-workspace\shoppingbackend\target\classes\org\codemaster\shoppingbackend\daoimpl\CategoryDAOImpl.class]
17:26:20.295 [main] DEBUG org.springframework.context.annotation.ClassPathBeanDefinitionScanner - Identified candidate component class: file [C:\Users\burha\eclipse-workspace\shoppingbackend\target\classes\org\codemaster\shoppingbackend\daoimpl\ProductDAOImpl.class]
17:26:20.295 [main] DEBUG org.springframework.context.annotation.ClassPathBeanDefinitionScanner - Identified candidate component class: file [C:\Users\burha\eclipse-workspace\shoppingbackend\target\classes\org\codemaster\shoppingbackend\daoimpl\UserDAOImpl.class]
17:26:20.310 [main] DEBUG org.springframework.context.annotation.ClassPathBeanDefinitionScanner - Identified candidate component class: file [C:\Users\burha\eclipse-workspace\shoppingbackend\target\classes\org\codemaster\shoppingbackend\dto\Product.class]
17:26:20.420 [main] DEBUG org.springframework.context.annotation.ConfigurationClassBeanDefinitionReader - Registered bean definition for imported class &apos;org.springframework.transaction.annotation.ProxyTransactionManagementConfiguration&apos;
17:26:20.420 [main] DEBUG org.springframework.context.annotation.ConfigurationClassBeanDefinitionReader - Registering bean definition for @Bean method org.springframework.transaction.annotation.ProxyTransactionManagementConfiguration.org.springframework.transaction.config.internalTransactionAdvisor()
17:26:20.420 [main] DEBUG org.springframework.context.annotation.ConfigurationClassBeanDefinitionReader - Registering bean definition for @Bean method org.springframework.transaction.annotation.ProxyTransactionManagementConfiguration.transactionAttributeSource()
17:26:20.420 [main] DEBUG org.springframework.context.annotation.ConfigurationClassBeanDefinitionReader - Registering bean definition for @Bean method org.springframework.transaction.annotation.ProxyTransactionManagementConfiguration.transactionInterceptor()
17:26:20.435 [main] DEBUG org.springframework.context.annotation.ConfigurationClassBeanDefinitionReader - Registering bean definition for @Bean method org.springframework.transaction.annotation.ProxyTransactionManagementConfiguration.org.springframework.transaction.config.internalTransactionalEventListenerFactory()
17:26:20.435 [main] DEBUG org.springframework.context.annotation.ConfigurationClassBeanDefinitionReader - Registering bean definition for @Bean method org.codemaster.shoppingbackend.config.HibernateConfig.dataSource()
17:26:20.435 [main] DEBUG org.springframework.context.annotation.ConfigurationClassBeanDefinitionReader - Registering bean definition for @Bean method org.codemaster.shoppingbackend.config.HibernateConfig.getSessionFactory()
17:26:20.435 [main] DEBUG org.springframework.context.annotation.ConfigurationClassBeanDefinitionReader - Registering bean definition for @Bean method org.codemaster.shoppingbackend.config.HibernateConfig.getTransactionManager()
17:26:20.435 [main] DEBUG org.springframework.context.annotation.ConfigurationClassEnhancer - Successfully enhanced org.codemaster.shoppingbackend.config.HibernateConfig; enhanced class name is: org.codemaster.shoppingbackend.config.HibernateConfig$$EnhancerBySpringCGLIB$$c51d169c
17:26:20.435 [main] DEBUG org.springframework.context.annotation.ConfigurationClassPostProcessor - Replacing bean definition &apos;hibernateConfig&apos; existing class &apos;org.codemaster.shoppingbackend.config.HibernateConfig&apos; with enhanced class &apos;org.codemaster.shoppingbackend.config.HibernateConfig$$EnhancerBySpringCGLIB$$c51d169c&apos;
17:26:20.451 [main] DEBUG org.springframework.context.annotation.ConfigurationClassEnhancer - Successfully enhanced org.springframework.transaction.annotation.ProxyTransactionManagementConfiguration; enhanced class name is: org.springframework.transaction.annotation.ProxyTransactionManagementConfiguration$$EnhancerBySpringCGLIB$$c14d738
17:26:20.451 [main] DEBUG org.springframework.context.annotation.ConfigurationClassPostProcessor - Replacing bean definition &apos;org.springframework.transaction.annotation.ProxyTransactionManagementConfiguration&apos; existing class &apos;org.springframework.transaction.annotation.ProxyTransactionManagementConfiguration&apos; with enhanced class &apos;org.springframework.transaction.annotation.ProxyTransactionManagementConfiguration$$EnhancerBySpringCGLIB$$c14d738&apos;
17:26:20.451 [main] DEBUG org.springframework.beans.factory.support.DefaultListableBeanFactory - Creating shared instance of singleton bean &apos;org.springframework.context.annotation.internalAutowiredAnnotationProcessor&apos;
17:26:20.451 [main] DEBUG org.springframework.beans.factory.support.DefaultListableBeanFactory - Creating instance of bean &apos;org.springframework.context.annotation.internalAutowiredAnnotationProcessor&apos;
17:26:20.467 [main] DEBUG org.springframework.beans.factory.support.DefaultListableBeanFactory - Eagerly caching bean &apos;org.springframework.context.annotation.internalAutowiredAnnotationProcessor&apos; to allow for resolving potential circular references
17:26:20.467 [main] DEBUG org.springframework.beans.factory.support.DefaultListableBeanFactory - Finished creating instance of bean &apos;org.springframework.context.annotation.internalAutowiredAnnotationProcessor&apos;
17:26:20.467 [main] DEBUG org.springframework.beans.factory.support.DefaultListableBeanFactory - Creating shared instance of singleton bean &apos;org.springframework.context.annotation.internalRequiredAnnotationProcessor&apos;
17:26:20.467 [main] DEBUG org.springframework.beans.factory.support.DefaultListableBeanFactory - Creating instance of bean &apos;org.springframework.context.annotation.internalRequiredAnnotationProcessor&apos;
17:26:20.467 [main] DEBUG org.springframework.beans.factory.support.DefaultListableBeanFactory - Eagerly caching bean &apos;org.springframework.context.annotation.internalRequiredAnnotationProcessor&apos; to allow for resolving potential circular references
17:26:20.482 [main] DEBUG org.springframework.beans.factory.support.DefaultListableBeanFactory - Finished creating instance of bean &apos;org.springframework.context.annotation.internalRequiredAnnotationProcessor&apos;
17:26:20.482 [main] DEBUG org.springframework.beans.factory.support.DefaultListableBeanFactory - Creating shared instance of singleton bean &apos;org.springframework.context.annotation.internalPersistenceAnnotationProcessor&apos;
17:26:20.482 [main] DEBUG org.springframework.beans.factory.support.DefaultListableBeanFactory - Creating instance of bean &apos;org.springframework.context.annotation.internalPersistenceAnnotationProcessor&apos;
17:26:20.482 [main] DEBUG org.springframework.beans.factory.support.DefaultListableBeanFactory - Eagerly caching bean &apos;org.springframework.context.annotation.internalPersistenceAnnotationProcessor&apos; to allow for resolving potential circular references
17:26:20.482 [main] DEBUG org.springframework.beans.factory.support.DefaultListableBeanFactory - Finished creating instance of bean &apos;org.springframework.context.annotation.internalPersistenceAnnotationProcessor&apos;
17:26:20.482 [main] DEBUG org.springframework.beans.factory.support.DefaultListableBeanFactory - Creating shared instance of singleton bean &apos;org.springframework.aop.config.internalAutoProxyCreator&apos;
17:26:20.482 [main] DEBUG org.springframework.beans.factory.support.DefaultListableBeanFactory - Creating instance of bean &apos;org.springframework.aop.config.internalAutoProxyCreator&apos;
17:26:20.498 [main] DEBUG org.springframework.beans.factory.support.DefaultListableBeanFactory - Eagerly caching bean &apos;org.springframework.aop.config.internalAutoProxyCreator&apos; to allow for resolving potential circular references
17:26:20.498 [main] DEBUG org.springframework.beans.factory.support.DefaultListableBeanFactory - Finished creating instance of bean &apos;org.springframework.aop.config.internalAutoProxyCreator&apos;
17:26:20.498 [main] DEBUG org.springframework.context.annotation.AnnotationConfigApplicationContext - Unable to locate MessageSource with name &apos;messageSource&apos;: using default [org.springframework.context.support.DelegatingMessageSource@b2c4a8b]
17:26:20.498 [main] DEBUG org.springframework.context.annotation.AnnotationConfigApplicationContext - Unable to locate ApplicationEventMulticaster with name &apos;applicationEventMulticaster&apos;: using default [org.springframework.context.event.SimpleApplicationEventMulticaster@7f2c57fe]
17:26:20.514 [main] DEBUG org.springframework.beans.factory.support.DefaultListableBeanFactory - Pre-instantiating singletons in org.springframework.beans.factory.support.DefaultListableBeanFactory@118acf70: defining beans [org.springframework.context.annotation.internalConfigurationAnnotationProcessor,org.springframework.context.annotation.internalAutowiredAnnotationProcessor,org.springframework.context.annotation.internalRequiredAnnotationProcessor,org.springframework.context.annotation.internalPersistenceAnnotationProcessor,org.springframework.context.event.internalEventListenerProcessor,org.springframework.context.event.internalEventListenerFactory,hibernateConfig,cartLineDAO,categoryDAO,productDAO,userDAO,product,org.springframework.transaction.annotation.ProxyTransactionManagementConfiguration,org.springframework.transaction.config.internalTransactionAdvisor,transactionAttributeSource,transactionInterceptor,org.springframework.transaction.config.internalTransactionalEventListenerFactory,dataSource,getSessionFactory,getTransactionManager,org.springframework.aop.config.internalAutoProxyCreator]; root of factory hierarchy
17:26:20.514 [main] DEBUG org.springframework.beans.factory.support.DefaultListableBeanFactory - Returning cached instance of singleton bean &apos;org.springframework.context.annotation.internalConfigurationAnnotationProcessor&apos;
17:26:20.514 [main] DEBUG org.springframework.beans.factory.support.DefaultListableBeanFactory - Returning cached instance of singleton bean &apos;org.springframework.context.annotation.internalAutowiredAnnotationProcessor&apos;
17:26:20.514 [main] DEBUG org.springframework.beans.factory.support.DefaultListableBeanFactory - Returning cached instance of singleton bean &apos;org.springframework.context.annotation.internalRequiredAnnotationProcessor&apos;
17:26:20.514 [main] DEBUG org.springframework.beans.factory.support.DefaultListableBeanFactory - Returning cached instance of singleton bean &apos;org.springframework.context.annotation.internalPersistenceAnnotationProcessor&apos;
17:26:20.514 [main] DEBUG org.springframework.beans.factory.support.DefaultListableBeanFactory - Creating shared instance of singleton bean &apos;org.springframework.context.event.internalEventListenerProcessor&apos;
17:26:20.514 [main] DEBUG org.springframework.beans.factory.support.DefaultListableBeanFactory - Creating instance of bean &apos;org.springframework.context.event.internalEventListenerProcessor&apos;
17:26:20.514 [main] DEBUG org.springframework.beans.factory.support.DefaultListableBeanFactory - Eagerly caching bean &apos;org.springframework.context.event.internalEventListenerProcessor&apos; to allow for resolving potential circular references
17:26:20.529 [main] DEBUG org.springframework.beans.factory.support.DefaultListableBeanFactory - Creating shared instance of singleton bean &apos;org.springframework.transaction.config.internalTransactionAdvisor&apos;
17:26:20.529 [main] DEBUG org.springframework.beans.factory.support.DefaultListableBeanFactory - Creating instance of bean &apos;org.springframework.transaction.config.internalTransactionAdvisor&apos;
17:26:20.529 [main] DEBUG org.springframework.beans.factory.support.DefaultListableBeanFactory - Creating shared instance of singleton bean &apos;org.springframework.transaction.annotation.ProxyTransactionManagementConfiguration&apos;
17:26:20.529 [main] DEBUG org.springframework.beans.factory.support.DefaultListableBeanFactory - Creating instance of bean &apos;org.springframework.transaction.annotation.ProxyTransactionManagementConfiguration&apos;
17:26:20.592 [main] DEBUG org.springframework.beans.factory.annotation.InjectionMetadata - Registered injected element on class [org.springframework.transaction.annotation.ProxyTransactionManagementConfiguration$$EnhancerBySpringCGLIB$$c14d738]: AutowiredMethodElement for void org.springframework.transaction.annotation.AbstractTransactionManagementConfiguration.setConfigurers(java.util.Collection)
17:26:20.592 [main] DEBUG org.springframework.beans.factory.support.DefaultListableBeanFactory - Eagerly caching bean &apos;org.springframework.transaction.annotation.ProxyTransactionManagementConfiguration&apos; to allow for resolving potential circular references
17:26:20.592 [main] DEBUG org.springframework.beans.factory.annotation.InjectionMetadata - Processing injected element of bean &apos;org.springframework.transaction.annotation.ProxyTransactionManagementConfiguration&apos;: AutowiredMethodElement for void org.springframework.transaction.annotation.AbstractTransactionManagementConfiguration.setConfigurers(java.util.Collection)
17:26:20.639 [main] DEBUG org.springframework.beans.factory.support.DefaultListableBeanFactory - Returning cached instance of singleton bean &apos;org.springframework.context.annotation.ConfigurationClassPostProcessor.importRegistry&apos;
17:26:20.654 [main] DEBUG org.springframework.aop.framework.autoproxy.BeanFactoryAdvisorRetrievalHelper - Skipping currently created advisor &apos;org.springframework.transaction.config.internalTransactionAdvisor&apos;
17:26:20.654 [main] DEBUG org.springframework.beans.factory.support.DefaultListableBeanFactory - Finished creating instance of bean &apos;org.springframework.transaction.annotation.ProxyTransactionManagementConfiguration&apos;
17:26:20.654 [main] DEBUG org.springframework.beans.factory.support.DefaultListableBeanFactory - Creating shared instance of singleton bean &apos;transactionAttributeSource&apos;
17:26:20.670 [main] DEBUG org.springframework.beans.factory.support.DefaultListableBeanFactory - Creating instance of bean &apos;transactionAttributeSource&apos;
17:26:20.670 [main] DEBUG org.springframework.beans.factory.support.DefaultListableBeanFactory - Returning cached instance of singleton bean &apos;org.springframework.transaction.annotation.ProxyTransactionManagementConfiguration&apos;
17:26:20.670 [main] DEBUG org.springframework.beans.factory.support.DefaultListableBeanFactory - Eagerly caching bean &apos;transactionAttributeSource&apos; to allow for resolving potential circular references
17:26:20.670 [main] DEBUG org.springframework.aop.framework.autoproxy.BeanFactoryAdvisorRetrievalHelper - Skipping currently created advisor &apos;org.springframework.transaction.config.internalTransactionAdvisor&apos;
17:26:20.685 [main] DEBUG org.springframework.beans.factory.support.DefaultListableBeanFactory - Finished creating instance of bean &apos;transactionAttributeSource&apos;
17:26:20.685 [main] DEBUG org.springframework.beans.factory.support.DefaultListableBeanFactory - Creating shared instance of singleton bean &apos;transactionInterceptor&apos;
17:26:20.685 [main] DEBUG org.springframework.beans.factory.support.DefaultListableBeanFactory - Creating instance of bean &apos;transactionInterceptor&apos;
17:26:20.685 [main] DEBUG org.springframework.beans.factory.support.DefaultListableBeanFactory - Returning cached instance of singleton bean &apos;org.springframework.transaction.annotation.ProxyTransactionManagementConfiguration&apos;
17:26:20.685 [main] DEBUG org.springframework.beans.factory.support.DefaultListableBeanFactory - Returning cached instance of singleton bean &apos;transactionAttributeSource&apos;
17:26:20.701 [main] DEBUG org.springframework.beans.factory.support.DefaultListableBeanFactory - Eagerly caching bean &apos;transactionInterceptor&apos; to allow for resolving potential circular references
17:26:20.701 [main] DEBUG org.springframework.beans.factory.support.DefaultListableBeanFactory - Invoking afterPropertiesSet() on bean with name &apos;transactionInterceptor&apos;
17:26:20.701 [main] DEBUG org.springframework.beans.factory.support.DefaultListableBeanFactory - Finished creating instance of bean &apos;transactionInterceptor&apos;
17:26:20.701 [main] DEBUG org.springframework.beans.factory.support.DefaultListableBeanFactory - Eagerly caching bean &apos;org.springframework.transaction.config.internalTransactionAdvisor&apos; to allow for resolving potential circular references
17:26:20.748 [main] DEBUG org.springframework.beans.factory.support.DefaultListableBeanFactory - Finished creating instance of bean &apos;org.springframework.transaction.config.internalTransactionAdvisor&apos;
17:26:20.764 [main] DEBUG org.springframework.beans.factory.support.DefaultListableBeanFactory - Finished creating instance of bean &apos;org.springframework.context.event.internalEventListenerProcessor&apos;
17:26:20.764 [main] DEBUG org.springframework.beans.factory.support.DefaultListableBeanFactory - Creating shared instance of singleton bean &apos;org.springframework.context.event.internalEventListenerFactory&apos;
17:26:20.764 [main] DEBUG org.springframework.beans.factory.support.DefaultListableBeanFactory - Creating instance of bean &apos;org.springframework.context.event.internalEventListenerFactory&apos;
17:26:20.764 [main] DEBUG org.springframework.beans.factory.support.DefaultListableBeanFactory - Eagerly caching bean &apos;org.springframework.context.event.internalEventListenerFactory&apos; to allow for resolving potential circular references
17:26:20.764 [main] DEBUG org.springframework.beans.factory.support.DefaultListableBeanFactory - Returning cached instance of singleton bean &apos;org.springframework.transaction.config.internalTransactionAdvisor&apos;
17:26:20.779 [main] DEBUG org.springframework.beans.factory.support.DefaultListableBeanFactory - Finished creating instance of bean &apos;org.springframework.context.event.internalEventListenerFactory&apos;
17:26:20.779 [main] DEBUG org.springframework.beans.factory.support.DefaultListableBeanFactory - Creating shared instance of singleton bean &apos;hibernateConfig&apos;
17:26:20.779 [main] DEBUG org.springframework.beans.factory.support.DefaultListableBeanFactory - Creating instance of bean &apos;hibernateConfig&apos;
17:26:20.779 [main] DEBUG org.springframework.beans.factory.support.DefaultListableBeanFactory - Eagerly caching bean &apos;hibernateConfig&apos; to allow for resolving potential circular references
17:26:20.779 [main] DEBUG org.springframework.beans.factory.support.DefaultListableBeanFactory - Returning cached instance of singleton bean &apos;org.springframework.transaction.config.internalTransactionAdvisor&apos;
17:26:20.826 [main] DEBUG org.springframework.beans.factory.support.DefaultListableBeanFactory - Finished creating instance of bean &apos;hibernateConfig&apos;
17:26:20.826 [main] DEBUG org.springframework.beans.factory.support.DefaultListableBeanFactory - Creating shared instance of singleton bean &apos;cartLineDAO&apos;
17:26:20.826 [main] DEBUG org.springframework.beans.factory.support.DefaultListableBeanFactory - Creating instance of bean &apos;cartLineDAO&apos;
17:26:20.842 [main] DEBUG org.springframework.beans.factory.annotation.InjectionMetadata - Registered injected element on class [org.codemaster.shoppingbackend.daoimpl.CartLineDAOImpl]: AutowiredFieldElement for private org.hibernate.SessionFactory org.codemaster.shoppingbackend.daoimpl.CartLineDAOImpl.sessionFactory
17:26:20.842 [main] DEBUG org.springframework.beans.factory.support.DefaultListableBeanFactory - Eagerly caching bean &apos;cartLineDAO&apos; to allow for resolving potential circular references
17:26:20.842 [main] DEBUG org.springframework.beans.factory.annotation.InjectionMetadata - Processing injected element of bean &apos;cartLineDAO&apos;: AutowiredFieldElement for private org.hibernate.SessionFactory org.codemaster.shoppingbackend.daoimpl.CartLineDAOImpl.sessionFactory
17:26:20.842 [main] DEBUG org.springframework.core.annotation.AnnotationUtils - Failed to meta-introspect annotation [interface org.springframework.beans.factory.annotation.Autowired]: java.lang.IllegalArgumentException: Annotation must not be null
17:26:20.842 [main] DEBUG org.springframework.beans.factory.support.DefaultListableBeanFactory - Creating shared instance of singleton bean &apos;getSessionFactory&apos;
17:26:20.842 [main] DEBUG org.springframework.beans.factory.support.DefaultListableBeanFactory - Creating instance of bean &apos;getSessionFactory&apos;
17:26:20.842 [main] DEBUG org.springframework.beans.factory.support.DefaultListableBeanFactory - Returning cached instance of singleton bean &apos;hibernateConfig&apos;
17:26:20.857 [main] DEBUG org.springframework.beans.factory.support.DefaultListableBeanFactory - Creating shared instance of singleton bean &apos;dataSource&apos;
17:26:20.857 [main] DEBUG org.springframework.beans.factory.support.DefaultListableBeanFactory - Creating instance of bean &apos;dataSource&apos;
17:26:20.857 [main] DEBUG org.springframework.beans.factory.support.DefaultListableBeanFactory - Returning cached instance of singleton bean &apos;hibernateConfig&apos;
17:26:20.857 [main] DEBUG org.springframework.beans.factory.support.DefaultListableBeanFactory - Eagerly caching bean &apos;dataSource&apos; to allow for resolving potential circular references
17:26:20.873 [main] DEBUG org.springframework.beans.factory.support.DefaultListableBeanFactory - Returning cached instance of singleton bean &apos;org.springframework.transaction.config.internalTransactionAdvisor&apos;
17:26:20.920 [main] DEBUG org.springframework.beans.factory.support.DefaultListableBeanFactory - Finished creating instance of bean &apos;dataSource&apos;
17:26:20.920 [main] DEBUG org.springframework.beans.factory.support.DefaultListableBeanFactory - Autowiring by type from bean name &apos;getSessionFactory&apos; via factory method to bean named &apos;dataSource&apos;
17:26:20.920 [main] DEBUG org.hibernate.integrator.internal.IntegratorServiceImpl - Adding Integrator [org.hibernate.cfg.beanvalidation.BeanValidationIntegrator].
17:26:20.920 [main] DEBUG org.hibernate.integrator.internal.IntegratorServiceImpl - Adding Integrator [org.hibernate.secure.spi.JaccIntegrator].
17:26:20.920 [main] DEBUG org.hibernate.integrator.internal.IntegratorServiceImpl - Adding Integrator [org.hibernate.cache.internal.CollectionCacheInvalidator].
17:26:20.935 [main] DEBUG org.springframework.core.io.support.PathMatchingResourcePatternResolver - Resolved classpath location [org/codemaster/] to resources [URL [file:/C:/Users/burha/eclipse-workspace/shoppingbackend/target/test-classes/org/codemaster/], URL [file:/C:/Users/burha/eclipse-workspace/shoppingbackend/target/classes/org/codemaster/]]
17:26:20.935 [main] DEBUG org.springframework.core.io.support.PathMatchingResourcePatternResolver - Looking for matching resources in directory tree [C:\Users\burha\eclipse-workspace\shoppingbackend\target\test-classes\org\codemaster]
17:26:20.935 [main] DEBUG org.springframework.core.io.support.PathMatchingResourcePatternResolver - Searching directory [C:\Users\burha\eclipse-workspace\shoppingbackend\target\test-classes\org\codemaster] for files matching pattern [C:/Users/burha/eclipse-workspace/shoppingbackend/target/test-classes/org/codemaster/**/*.class]
17:26:20.935 [main] DEBUG org.springframework.core.io.support.PathMatchingResourcePatternResolver - Searching directory [C:\Users\burha\eclipse-workspace\shoppingbackend\target\test-classes\org\codemaster\shoppingbackend] for files matching pattern [C:/Users/burha/eclipse-workspace/shoppingbackend/target/test-classes/org/codemaster/**/*.class]
17:26:20.951 [main] DEBUG org.springframework.core.io.support.PathMatchingResourcePatternResolver - Searching directory [C:\Users\burha\eclipse-workspace\shoppingbackend\target\test-classes\org\codemaster\shoppingbackend\test] for files matching pattern [C:/Users/burha/eclipse-workspace/shoppingbackend/target/test-classes/org/codemaster/**/*.class]
17:26:20.951 [main] DEBUG org.springframework.core.io.support.PathMatchingResourcePatternResolver - Looking for matching resources in directory tree [C:\Users\burha\eclipse-workspace\shoppingbackend\target\classes\org\codemaster]
17:26:20.951 [main] DEBUG org.springframework.core.io.support.PathMatchingResourcePatternResolver - Searching directory [C:\Users\burha\eclipse-workspace\shoppingbackend\target\classes\org\codemaster] for files matching pattern [C:/Users/burha/eclipse-workspace/shoppingbackend/target/classes/org/codemaster/**/*.class]
17:26:20.982 [main] DEBUG org.springframework.core.io.support.PathMatchingResourcePatternResolver - Searching directory [C:\Users\burha\eclipse-workspace\shoppingbackend\target\classes\org\codemaster\shoppingbackend] for files matching pattern [C:/Users/burha/eclipse-workspace/shoppingbackend/target/classes/org/codemaster/**/*.class]
17:26:20.982 [main] DEBUG org.springframework.core.io.support.PathMatchingResourcePatternResolver - Searching directory [C:\Users\burha\eclipse-workspace\shoppingbackend\target\classes\org\codemaster\shoppingbackend\config] for files matching pattern [C:/Users/burha/eclipse-workspace/shoppingbackend/target/classes/org/codemaster/**/*.class]
17:26:20.982 [main] DEBUG org.springframework.core.io.support.PathMatchingResourcePatternResolver - Searching directory [C:\Users\burha\eclipse-workspace\shoppingbackend\target\classes\org\codemaster\shoppingbackend\dao] for files matching pattern [C:/Users/burha/eclipse-workspace/shoppingbackend/target/classes/org/codemaster/**/*.class]
17:26:20.982 [main] DEBUG org.springframework.core.io.support.PathMatchingResourcePatternResolver - Searching directory [C:\Users\burha\eclipse-workspace\shoppingbackend\target\classes\org\codemaster\shoppingbackend\daoimpl] for files matching pattern [C:/Users/burha/eclipse-workspace/shoppingbackend/target/classes/org/codemaster/**/*.class]
17:26:20.998 [main] DEBUG org.springframework.core.io.support.PathMatchingResourcePatternResolver - Searching directory [C:\Users\burha\eclipse-workspace\shoppingbackend\target\classes\org\codemaster\shoppingbackend\dto] for files matching pattern [C:/Users/burha/eclipse-workspace/shoppingbackend/target/classes/org/codemaster/**/*.class]
17:26:21.014 [main] DEBUG org.springframework.core.io.support.PathMatchingResourcePatternResolver - Resolved location pattern [classpath*:org/codemaster/**/*.class] to resources [file [C:\Users\burha\eclipse-workspace\shoppingbackend\target\test-classes\org\codemaster\shoppingbackend\AppTest.class], file [C:\Users\burha\eclipse-workspace\shoppingbackend\target\test-classes\org\codemaster\shoppingbackend\test\CartLineTestCase.class], file [C:\Users\burha\eclipse-workspace\shoppingbackend\target\test-classes\org\codemaster\shoppingbackend\test\UserTestCase.class], file [C:\Users\burha\eclipse-workspace\shoppingbackend\target\classes\org\codemaster\shoppingbackend\App.class], file [C:\Users\burha\eclipse-workspace\shoppingbackend\target\classes\org\codemaster\shoppingbackend\config\HibernateConfig.class], file [C:\Users\burha\eclipse-workspace\shoppingbackend\target\classes\org\codemaster\shoppingbackend\dao\CartLineDAO.class], file [C:\Users\burha\eclipse-workspace\shoppingbackend\target\classes\org\codemaster\shoppingbackend\dao\CategoryDAO.class], file [C:\Users\burha\eclipse-workspace\shoppingbackend\target\classes\org\codemaster\shoppingbackend\dao\ProductDAO.class], file [C:\Users\burha\eclipse-workspace\shoppingbackend\target\classes\org\codemaster\shoppingbackend\dao\UserDAO.class], file [C:\Users\burha\eclipse-workspace\shoppingbackend\target\classes\org\codemaster\shoppingbackend\daoimpl\CartLineDAOImpl.class], file [C:\Users\burha\eclipse-workspace\shoppingbackend\target\classes\org\codemaster\shoppingbackend\daoimpl\CategoryDAOImpl.class], file [C:\Users\burha\eclipse-workspace\shoppingbackend\target\classes\org\codemaster\shoppingbackend\daoimpl\ProductDAOImpl.class], file [C:\Users\burha\eclipse-workspace\shoppingbackend\target\classes\org\codemaster\shoppingbackend\daoimpl\UserDAOImpl.class], file [C:\Users\burha\eclipse-workspace\shoppingbackend\target\classes\org\codemaster\shoppingbackend\dto\Address.class], file [C:\Users\burha\eclipse-workspace\shoppingbackend\target\classes\org\codemaster\shoppingbackend\dto\Cart.class], file [C:\Users\burha\eclipse-workspace\shoppingbackend\target\classes\org\codemaster\shoppingbackend\dto\CartLine.class], file [C:\Users\burha\eclipse-workspace\shoppingbackend\target\classes\org\codemaster\shoppingbackend\dto\Category.class], file [C:\Users\burha\eclipse-workspace\shoppingbackend\target\classes\org\codemaster\shoppingbackend\dto\OrderDetail.class], file [C:\Users\burha\eclipse-workspace\shoppingbackend\target\classes\org\codemaster\shoppingbackend\dto\OrderItem.class], file [C:\Users\burha\eclipse-workspace\shoppingbackend\target\classes\org\codemaster\shoppingbackend\dto\Product.class], file [C:\Users\burha\eclipse-workspace\shoppingbackend\target\classes\org\codemaster\shoppingbackend\dto\User.class]]
17:26:21.029 [main] DEBUG org.hibernate.cfg.Configuration - Building session factory using internal StandardServiceRegistryBuilder
17:26:21.045 [main] DEBUG org.hibernate.service.spi.ServiceBinding - Overriding existing service binding [org.hibernate.secure.spi.JaccService]
17:26:21.045 [main] DEBUG org.hibernate.cfg.Configuration - Building session factory using provided StandardServiceRegistry
17:26:21.045 [main] DEBUG org.hibernate.cache.internal.RegionFactoryInitiator - Cache region factory : org.hibernate.cache.internal.NoCachingRegionFactory
17:26:21.045 [main] DEBUG org.hibernate.type.BasicTypeRegistry - Adding type registration boolean -&gt; org.hibernate.type.BooleanType@1eef9aef
17:26:21.045 [main] DEBUG org.hibernate.type.BasicTypeRegistry - Adding type registration boolean -&gt; org.hibernate.type.BooleanType@1eef9aef
17:26:21.045 [main] DEBUG org.hibernate.type.BasicTypeRegistry - Adding type registration java.lang.Boolean -&gt; org.hibernate.type.BooleanType@1eef9aef
17:26:21.045 [main] DEBUG org.hibernate.type.BasicTypeRegistry - Adding type registration numeric_boolean -&gt; org.hibernate.type.NumericBooleanType@2e77b8cf
17:26:21.045 [main] DEBUG org.hibernate.type.BasicTypeRegistry - Adding type registration true_false -&gt; org.hibernate.type.TrueFalseType@551a20d6
17:26:21.045 [main] DEBUG org.hibernate.type.BasicTypeRegistry - Adding type registration yes_no -&gt; org.hibernate.type.YesNoType@7555b920
17:26:21.045 [main] DEBUG org.hibernate.type.BasicTypeRegistry - Adding type registration byte -&gt; org.hibernate.type.ByteType@69f63d95
17:26:21.045 [main] DEBUG org.hibernate.type.BasicTypeRegistry - Adding type registration byte -&gt; org.hibernate.type.ByteType@69f63d95
17:26:21.045 [main] DEBUG org.hibernate.type.BasicTypeRegistry - Adding type registration java.lang.Byte -&gt; org.hibernate.type.ByteType@69f63d95
17:26:21.045 [main] DEBUG org.hibernate.type.BasicTypeRegistry - Adding type registration character -&gt; org.hibernate.type.CharacterType@3f093abe
17:26:21.045 [main] DEBUG org.hibernate.type.BasicTypeRegistry - Adding type registration char -&gt; org.hibernate.type.CharacterType@3f093abe
17:26:21.045 [main] DEBUG org.hibernate.type.BasicTypeRegistry - Adding type registration java.lang.Character -&gt; org.hibernate.type.CharacterType@3f093abe
17:26:21.045 [main] DEBUG org.hibernate.type.BasicTypeRegistry - Adding type registration short -&gt; org.hibernate.type.ShortType@3dd69f5a
17:26:21.045 [main] DEBUG org.hibernate.type.BasicTypeRegistry - Adding type registration short -&gt; org.hibernate.type.ShortType@3dd69f5a
17:26:21.060 [main] DEBUG org.hibernate.type.BasicTypeRegistry - Adding type registration java.lang.Short -&gt; org.hibernate.type.ShortType@3dd69f5a
17:26:21.060 [main] DEBUG org.hibernate.type.BasicTypeRegistry - Adding type registration integer -&gt; org.hibernate.type.IntegerType@6bc248ed
17:26:21.060 [main] DEBUG org.hibernate.type.BasicTypeRegistry - Adding type registration int -&gt; org.hibernate.type.IntegerType@6bc248ed
17:26:21.060 [main] DEBUG org.hibernate.type.BasicTypeRegistry - Adding type registration java.lang.Integer -&gt; org.hibernate.type.IntegerType@6bc248ed
17:26:21.060 [main] DEBUG org.hibernate.type.BasicTypeRegistry - Adding type registration long -&gt; org.hibernate.type.LongType@58c540cf
17:26:21.060 [main] DEBUG org.hibernate.type.BasicTypeRegistry - Adding type registration long -&gt; org.hibernate.type.LongType@58c540cf
17:26:21.060 [main] DEBUG org.hibernate.type.BasicTypeRegistry - Adding type registration java.lang.Long -&gt; org.hibernate.type.LongType@58c540cf
17:26:21.060 [main] DEBUG org.hibernate.type.BasicTypeRegistry - Adding type registration float -&gt; org.hibernate.type.FloatType@617fe9e1
17:26:21.060 [main] DEBUG org.hibernate.type.BasicTypeRegistry - Adding type registration float -&gt; org.hibernate.type.FloatType@617fe9e1
17:26:21.060 [main] DEBUG org.hibernate.type.BasicTypeRegistry - Adding type registration java.lang.Float -&gt; org.hibernate.type.FloatType@617fe9e1
17:26:21.060 [main] DEBUG org.hibernate.type.BasicTypeRegistry - Adding type registration double -&gt; org.hibernate.type.DoubleType@5f7f2382
17:26:21.060 [main] DEBUG org.hibernate.type.BasicTypeRegistry - Adding type registration double -&gt; org.hibernate.type.DoubleType@5f7f2382
17:26:21.060 [main] DEBUG org.hibernate.type.BasicTypeRegistry - Adding type registration java.lang.Double -&gt; org.hibernate.type.DoubleType@5f7f2382
17:26:21.060 [main] DEBUG org.hibernate.type.BasicTypeRegistry - Adding type registration big_decimal -&gt; org.hibernate.type.BigDecimalType@452e26d0
17:26:21.060 [main] DEBUG org.hibernate.type.BasicTypeRegistry - Adding type registration java.math.BigDecimal -&gt; org.hibernate.type.BigDecimalType@452e26d0
17:26:21.060 [main] DEBUG org.hibernate.type.BasicTypeRegistry - Adding type registration big_integer -&gt; org.hibernate.type.BigIntegerType@733c423e
17:26:21.060 [main] DEBUG org.hibernate.type.BasicTypeRegistry - Adding type registration java.math.BigInteger -&gt; org.hibernate.type.BigIntegerType@733c423e
17:26:21.060 [main] DEBUG org.hibernate.type.BasicTypeRegistry - Adding type registration string -&gt; org.hibernate.type.StringType@5922ae77
17:26:21.060 [main] DEBUG org.hibernate.type.BasicTypeRegistry - Adding type registration java.lang.String -&gt; org.hibernate.type.StringType@5922ae77
17:26:21.060 [main] DEBUG org.hibernate.type.BasicTypeRegistry - Adding type registration nstring -&gt; org.hibernate.type.StringNVarcharType@3aee3976
17:26:21.060 [main] DEBUG org.hibernate.type.BasicTypeRegistry - Adding type registration ncharacter -&gt; org.hibernate.type.CharacterNCharType@7e0aadd0
17:26:21.060 [main] DEBUG org.hibernate.type.BasicTypeRegistry - Adding type registration url -&gt; org.hibernate.type.UrlType@1494b84d
17:26:21.060 [main] DEBUG org.hibernate.type.BasicTypeRegistry - Adding type registration java.net.URL -&gt; org.hibernate.type.UrlType@1494b84d
17:26:21.060 [main] DEBUG org.hibernate.type.BasicTypeRegistry - Adding type registration Duration -&gt; org.hibernate.type.DurationType@226f885f
17:26:21.060 [main] DEBUG org.hibernate.type.BasicTypeRegistry - Adding type registration java.time.Duration -&gt; org.hibernate.type.DurationType@226f885f
17:26:21.060 [main] DEBUG org.hibernate.type.BasicTypeRegistry - Adding type registration Instant -&gt; org.hibernate.type.InstantType@21a5fd96
17:26:21.060 [main] DEBUG org.hibernate.type.BasicTypeRegistry - Adding type registration java.time.Instant -&gt; org.hibernate.type.InstantType@21a5fd96
17:26:21.060 [main] DEBUG org.hibernate.type.BasicTypeRegistry - Adding type registration LocalDateTime -&gt; org.hibernate.type.LocalDateTimeType@3676ac27
17:26:21.060 [main] DEBUG org.hibernate.type.BasicTypeRegistry - Adding type registration java.time.LocalDateTime -&gt; org.hibernate.type.LocalDateTimeType@3676ac27
17:26:21.060 [main] DEBUG org.hibernate.type.BasicTypeRegistry - Adding type registration LocalDate -&gt; org.hibernate.type.LocalDateType@2b5cb9b2
17:26:21.060 [main] DEBUG org.hibernate.type.BasicTypeRegistry - Adding type registration java.time.LocalDate -&gt; org.hibernate.type.LocalDateType@2b5cb9b2
17:26:21.060 [main] DEBUG org.hibernate.type.BasicTypeRegistry - Adding type registration LocalTime -&gt; org.hibernate.type.LocalTimeType@4fbdc0f0
17:26:21.060 [main] DEBUG org.hibernate.type.BasicTypeRegistry - Adding type registration java.time.LocalTime -&gt; org.hibernate.type.LocalTimeType@4fbdc0f0
17:26:21.060 [main] DEBUG org.hibernate.type.BasicTypeRegistry - Adding type registration OffsetDateTime -&gt; org.hibernate.type.OffsetDateTimeType@aec50a1
17:26:21.060 [main] DEBUG org.hibernate.type.BasicTypeRegistry - Adding type registration java.time.OffsetDateTime -&gt; org.hibernate.type.OffsetDateTimeType@aec50a1
17:26:21.060 [main] DEBUG org.hibernate.type.BasicTypeRegistry - Adding type registration OffsetTime -&gt; org.hibernate.type.OffsetTimeType@7c18432b
17:26:21.060 [main] DEBUG org.hibernate.type.BasicTypeRegistry - Adding type registration java.time.OffsetTime -&gt; org.hibernate.type.OffsetTimeType@7c18432b
17:26:21.060 [main] DEBUG org.hibernate.type.BasicTypeRegistry - Adding type registration ZonedDateTime -&gt; org.hibernate.type.ZonedDateTimeType@408b35bf
17:26:21.060 [main] DEBUG org.hibernate.type.BasicTypeRegistry - Adding type registration java.time.ZonedDateTime -&gt; org.hibernate.type.ZonedDateTimeType@408b35bf
17:26:21.060 [main] DEBUG org.hibernate.type.BasicTypeRegistry - Adding type registration date -&gt; org.hibernate.type.DateType@1a15b789
17:26:21.060 [main] DEBUG org.hibernate.type.BasicTypeRegistry - Adding type registration java.sql.Date -&gt; org.hibernate.type.DateType@1a15b789
17:26:21.060 [main] DEBUG org.hibernate.type.BasicTypeRegistry - Adding type registration time -&gt; org.hibernate.type.TimeType@c1fca1e
17:26:21.060 [main] DEBUG org.hibernate.type.BasicTypeRegistry - Adding type registration java.sql.Time -&gt; org.hibernate.type.TimeType@c1fca1e
17:26:21.060 [main] DEBUG org.hibernate.type.BasicTypeRegistry - Adding type registration timestamp -&gt; org.hibernate.type.TimestampType@31500940
17:26:21.060 [main] DEBUG org.hibernate.type.BasicTypeRegistry - Adding type registration java.sql.Timestamp -&gt; org.hibernate.type.TimestampType@31500940
17:26:21.060 [main] DEBUG org.hibernate.type.BasicTypeRegistry - Adding type registration java.util.Date -&gt; org.hibernate.type.TimestampType@31500940
17:26:21.060 [main] DEBUG org.hibernate.type.BasicTypeRegistry - Adding type registration dbtimestamp -&gt; org.hibernate.type.DbTimestampType@4362d7df
17:26:21.060 [main] DEBUG org.hibernate.type.BasicTypeRegistry - Adding type registration calendar -&gt; org.hibernate.type.CalendarType@24f43aa3
17:26:21.060 [main] DEBUG org.hibernate.type.BasicTypeRegistry - Adding type registration java.util.Calendar -&gt; org.hibernate.type.CalendarType@24f43aa3
17:26:21.076 [main] DEBUG org.hibernate.type.BasicTypeRegistry - Adding type registration java.util.GregorianCalendar -&gt; org.hibernate.type.CalendarType@24f43aa3
17:26:21.076 [main] DEBUG org.hibernate.type.BasicTypeRegistry - Adding type registration calendar_date -&gt; org.hibernate.type.CalendarDateType@7957dc72
17:26:21.092 [main] DEBUG org.hibernate.type.BasicTypeRegistry - Adding type registration locale -&gt; org.hibernate.type.LocaleType@345e5a17
17:26:21.092 [main] DEBUG org.hibernate.type.BasicTypeRegistry - Adding type registration java.util.Locale -&gt; org.hibernate.type.LocaleType@345e5a17
17:26:21.092 [main] DEBUG org.hibernate.type.BasicTypeRegistry - Adding type registration currency -&gt; org.hibernate.type.CurrencyType@402f80f5
17:26:21.092 [main] DEBUG org.hibernate.type.BasicTypeRegistry - Adding type registration java.util.Currency -&gt; org.hibernate.type.CurrencyType@402f80f5
17:26:21.092 [main] DEBUG org.hibernate.type.BasicTypeRegistry - Adding type registration timezone -&gt; org.hibernate.type.TimeZoneType@210386e0
17:26:21.092 [main] DEBUG org.hibernate.type.BasicTypeRegistry - Adding type registration java.util.TimeZone -&gt; org.hibernate.type.TimeZoneType@210386e0
17:26:21.092 [main] DEBUG org.hibernate.type.BasicTypeRegistry - Adding type registration class -&gt; org.hibernate.type.ClassType@d816dde
17:26:21.092 [main] DEBUG org.hibernate.type.BasicTypeRegistry - Adding type registration java.lang.Class -&gt; org.hibernate.type.ClassType@d816dde
17:26:21.092 [main] DEBUG org.hibernate.type.BasicTypeRegistry - Adding type registration uuid-binary -&gt; org.hibernate.type.UUIDBinaryType@7db0565c
17:26:21.092 [main] DEBUG org.hibernate.type.BasicTypeRegistry - Adding type registration java.util.UUID -&gt; org.hibernate.type.UUIDBinaryType@7db0565c
17:26:21.092 [main] DEBUG org.hibernate.type.BasicTypeRegistry - Adding type registration uuid-char -&gt; org.hibernate.type.UUIDCharType@2a551a63
17:26:21.092 [main] DEBUG org.hibernate.type.BasicTypeRegistry - Adding type registration binary -&gt; org.hibernate.type.BinaryType@f5c79a6
17:26:21.092 [main] DEBUG org.hibernate.type.BasicTypeRegistry - Adding type registration byte[] -&gt; org.hibernate.type.BinaryType@f5c79a6
17:26:21.092 [main] DEBUG org.hibernate.type.BasicTypeRegistry - Adding type registration [B -&gt; org.hibernate.type.BinaryType@f5c79a6
17:26:21.092 [main] DEBUG org.hibernate.type.BasicTypeRegistry - Adding type registration wrapper-binary -&gt; org.hibernate.type.WrapperBinaryType@66d23e4a
17:26:21.092 [main] DEBUG org.hibernate.type.BasicTypeRegistry - Adding type registration Byte[] -&gt; org.hibernate.type.WrapperBinaryType@66d23e4a
17:26:21.092 [main] DEBUG org.hibernate.type.BasicTypeRegistry - Adding type registration [Ljava.lang.Byte; -&gt; org.hibernate.type.WrapperBinaryType@66d23e4a
17:26:21.092 [main] DEBUG org.hibernate.type.BasicTypeRegistry - Adding type registration row_version -&gt; org.hibernate.type.RowVersionType@41c07648
17:26:21.092 [main] DEBUG org.hibernate.type.BasicTypeRegistry - Adding type registration image -&gt; org.hibernate.type.ImageType@503d56b5
17:26:21.092 [main] DEBUG org.hibernate.type.BasicTypeRegistry - Adding type registration characters -&gt; org.hibernate.type.CharArrayType@2d35442b
17:26:21.092 [main] DEBUG org.hibernate.type.BasicTypeRegistry - Adding type registration char[] -&gt; org.hibernate.type.CharArrayType@2d35442b
17:26:21.092 [main] DEBUG org.hibernate.type.BasicTypeRegistry - Adding type registration [C -&gt; org.hibernate.type.CharArrayType@2d35442b
17:26:21.092 [main] DEBUG org.hibernate.type.BasicTypeRegistry - Adding type registration wrapper-characters -&gt; org.hibernate.type.CharacterArrayType@2b46a8c1
17:26:21.092 [main] DEBUG org.hibernate.type.BasicTypeRegistry - Adding type registration [Ljava.lang.Character; -&gt; org.hibernate.type.CharacterArrayType@2b46a8c1
17:26:21.092 [main] DEBUG org.hibernate.type.BasicTypeRegistry - Adding type registration Character[] -&gt; org.hibernate.type.CharacterArrayType@2b46a8c1
17:26:21.092 [main] DEBUG org.hibernate.type.BasicTypeRegistry - Adding type registration text -&gt; org.hibernate.type.TextType@3caa4757
17:26:21.092 [main] DEBUG org.hibernate.type.BasicTypeRegistry - Adding type registration ntext -&gt; org.hibernate.type.NTextType@1b39fd82
17:26:21.092 [main] DEBUG org.hibernate.type.BasicTypeRegistry - Adding type registration blob -&gt; org.hibernate.type.BlobType@3c8bdd5b
17:26:21.092 [main] DEBUG org.hibernate.type.BasicTypeRegistry - Adding type registration java.sql.Blob -&gt; org.hibernate.type.BlobType@3c8bdd5b
17:26:21.092 [main] DEBUG org.hibernate.type.BasicTypeRegistry - Adding type registration materialized_blob -&gt; org.hibernate.type.MaterializedBlobType@3a7b503d
17:26:21.092 [main] DEBUG org.hibernate.type.BasicTypeRegistry - Adding type registration clob -&gt; org.hibernate.type.ClobType@12f3afb5
17:26:21.092 [main] DEBUG org.hibernate.type.BasicTypeRegistry - Adding type registration java.sql.Clob -&gt; org.hibernate.type.ClobType@12f3afb5
17:26:21.092 [main] DEBUG org.hibernate.type.BasicTypeRegistry - Adding type registration nclob -&gt; org.hibernate.type.NClobType@3a7704c
17:26:21.092 [main] DEBUG org.hibernate.type.BasicTypeRegistry - Adding type registration java.sql.NClob -&gt; org.hibernate.type.NClobType@3a7704c
17:26:21.092 [main] DEBUG org.hibernate.type.BasicTypeRegistry - Adding type registration materialized_clob -&gt; org.hibernate.type.MaterializedClobType@a23a01d
17:26:21.092 [main] DEBUG org.hibernate.type.BasicTypeRegistry - Adding type registration materialized_nclob -&gt; org.hibernate.type.MaterializedNClobType@24b52d3e
17:26:21.092 [main] DEBUG org.hibernate.type.BasicTypeRegistry - Adding type registration serializable -&gt; org.hibernate.type.SerializableType@7692cd34
17:26:21.092 [main] DEBUG org.hibernate.type.BasicTypeRegistry - Adding type registration object -&gt; org.hibernate.type.ObjectType@19868320
17:26:21.092 [main] DEBUG org.hibernate.type.BasicTypeRegistry - Adding type registration java.lang.Object -&gt; org.hibernate.type.ObjectType@19868320
17:26:21.092 [main] DEBUG org.hibernate.type.BasicTypeRegistry - Adding type registration imm_date -&gt; org.hibernate.type.AdaptedImmutableType@6070775e
17:26:21.092 [main] DEBUG org.hibernate.type.BasicTypeRegistry - Adding type registration imm_time -&gt; org.hibernate.type.AdaptedImmutableType@b5ac0c1
17:26:21.092 [main] DEBUG org.hibernate.type.BasicTypeRegistry - Adding type registration imm_timestamp -&gt; org.hibernate.type.AdaptedImmutableType@224c7de4
17:26:21.092 [main] DEBUG org.hibernate.type.BasicTypeRegistry - Adding type registration imm_dbtimestamp -&gt; org.hibernate.type.AdaptedImmutableType@36ad229b
17:26:21.092 [main] DEBUG org.hibernate.type.BasicTypeRegistry - Adding type registration imm_calendar -&gt; org.hibernate.type.AdaptedImmutableType@55846997
17:26:21.092 [main] DEBUG org.hibernate.type.BasicTypeRegistry - Adding type registration imm_calendar_date -&gt; org.hibernate.type.AdaptedImmutableType@805e72e
17:26:21.092 [main] DEBUG org.hibernate.type.BasicTypeRegistry - Adding type registration imm_binary -&gt; org.hibernate.type.AdaptedImmutableType@49671897
[...]
        product0_.unit_price as unit_pr11_6_,
        product0_.views as views12_6_ 
    from
        Product product0_ 
    where
        product0_.is_active=? 
        and product0_.category_id=?
17:26:24.094 [main] DEBUG org.hibernate.loader.Loader - Result set row: 0
17:26:24.126 [main] DEBUG org.hibernate.loader.Loader - Result row: EntityKey[org.codemaster.shoppingbackend.dto.Product#1]
17:26:24.196 [main] DEBUG org.hibernate.loader.Loader - Result set row: 1
17:26:24.199 [main] DEBUG org.hibernate.loader.Loader - Result row: EntityKey[org.codemaster.shoppingbackend.dto.Product#2]
17:26:24.201 [main] DEBUG org.hibernate.engine.internal.TwoPhaseLoad - Resolving associations for [org.codemaster.shoppingbackend.dto.Product#1]
17:26:24.204 [main] DEBUG org.hibernate.engine.internal.TwoPhaseLoad - Done materializing entity [org.codemaster.shoppingbackend.dto.Product#1]
17:26:24.204 [main] DEBUG org.hibernate.engine.internal.TwoPhaseLoad - Resolving associations for [org.codemaster.shoppingbackend.dto.Product#2]
17:26:24.204 [main] DEBUG org.hibernate.engine.internal.TwoPhaseLoad - Done materializing entity [org.codemaster.shoppingbackend.dto.Product#2]
17:26:24.220 [main] DEBUG org.springframework.orm.hibernate5.HibernateTransactionManager - Initiating transaction commit
17:26:24.220 [main] DEBUG org.springframework.orm.hibernate5.HibernateTransactionManager - Committing Hibernate transaction on Session [SessionImpl(PersistenceContext[entityKeys=[EntityKey[org.codemaster.shoppingbackend.dto.Product#2], EntityKey[org.codemaster.shoppingbackend.dto.Product#1]],collectionKeys=[]];ActionQueue[insertions=ExecutableList{size=0} updates=ExecutableList{size=0} deletions=ExecutableList{size=0} orphanRemovals=ExecutableList{size=0} collectionCreations=ExecutableList{size=0} collectionRemovals=ExecutableList{size=0} collectionUpdates=ExecutableList{size=0} collectionQueuedOps=ExecutableList{size=0} unresolvedInsertDependencies=null])]
17:26:24.220 [main] DEBUG org.hibernate.engine.transaction.internal.TransactionImpl - committing
17:26:24.220 [main] DEBUG org.hibernate.event.internal.AbstractFlushingEventListener - Processing flush-time cascades
17:26:24.305 [main] DEBUG org.hibernate.event.internal.AbstractFlushingEventListener - Dirty checking collections
17:26:24.317 [main] DEBUG org.hibernate.event.internal.AbstractFlushingEventListener - Flushed: 0 insertions, 0 updates, 0 deletions to 2 objects
17:26:24.317 [main] DEBUG org.hibernate.event.internal.AbstractFlushingEventListener - Flushed: 0 (re)creations, 0 updates, 0 removals to 0 collections
17:26:24.333 [main] DEBUG org.hibernate.internal.util.EntityPrinter - Listing entities:
17:26:24.349 [main] DEBUG org.hibernate.internal.util.EntityPrinter - org.codemaster.shoppingbackend.dto.Product{unitPrice=12.0, code=PRDBE3990EF49, quantity=6, supplierId=1, purchases=4, name=qw, active=true, description=qw, id=2, brand=qw, categoryId=1, views=54}
17:26:24.349 [main] DEBUG org.hibernate.internal.util.EntityPrinter - org.codemaster.shoppingbackend.dto.Product{unitPrice=25000.0, code=PRD8BD45ACC7D, quantity=0, supplierId=3, purchases=5, name=Product, active=true, description=This is some description clothes., id=1, brand=nike, categoryId=1, views=20}
17:26:24.364 [main] DEBUG org.springframework.orm.hibernate5.HibernateTransactionManager - Closing Hibernate Session [SessionImpl(PersistenceContext[entityKeys=[EntityKey[org.codemaster.shoppingbackend.dto.Product#2], EntityKey[org.codemaster.shoppingbackend.dto.Product#1]],collectionKeys=[]];ActionQueue[insertions=ExecutableList{size=0} updates=ExecutableList{size=0} deletions=ExecutableList{size=0} orphanRemovals=ExecutableList{size=0} collectionCreations=ExecutableList{size=0} collectionRemovals=ExecutableList{size=0} collectionUpdates=ExecutableList{size=0} collectionQueuedOps=ExecutableList{size=0} unresolvedInsertDependencies=null])] after transaction
</system-out>
  </testcase>
  <testcase classname="org.codemaster.shoppingbackend.test.UserTestCase" name="testListActiveProducts" time="0.112">
    <failure message="Something went wrong while fetching the list of products! expected:&lt;0&gt; but was:&lt;2&gt;" type="java.lang.AssertionError">java.lang.AssertionError: Something went wrong while fetching the list of products! expected:&lt;0&gt; but was:&lt;2&gt;
	at org.junit.Assert.fail(Assert.java:88)
	at org.junit.Assert.failNotEquals(Assert.java:834)
	at org.junit.Assert.assertEquals(Assert.java:645)
	at org.codemaster.shoppingbackend.test.UserTestCase.testListActiveProducts(UserTestCase.java:71)
	at java.base/jdk.internal.reflect.NativeMethodAccessorImpl.invoke0(Native Method)
	at java.base/jdk.internal.reflect.NativeMethodAccessorImpl.invoke(NativeMethodAccessorImpl.java:62)
	at java.base/jdk.internal.reflect.DelegatingMethodAccessorImpl.invoke(DelegatingMethodAccessorImpl.java:43)
	at java.base/java.lang.reflect.Method.invoke(Method.java:564)
	at org.junit.runners.model.FrameworkMethod$1.runReflectiveCall(FrameworkMethod.java:50)
	at org.junit.internal.runners.model.ReflectiveCallable.run(ReflectiveCallable.java:12)
	at org.junit.runners.model.FrameworkMethod.invokeExplosively(FrameworkMethod.java:47)
	at org.junit.internal.runners.statements.InvokeMethod.evaluate(InvokeMethod.java:17)
	at org.junit.runners.ParentRunner.runLeaf(ParentRunner.java:325)
	at org.junit.runners.BlockJUnit4ClassRunner.runChild(BlockJUnit4ClassRunner.java:78)
	at org.junit.runners.BlockJUnit4ClassRunner.runChild(BlockJUnit4ClassRunner.java:57)
	at org.junit.runners.ParentRunner$3.run(ParentRunner.java:290)
	at org.junit.runners.ParentRunner$1.schedule(ParentRunner.java:71)
	at org.junit.runners.ParentRunner.runChildren(ParentRunner.java:288)
	at org.junit.runners.ParentRunner.access$000(ParentRunner.java:58)
	at org.junit.runners.ParentRunner$2.evaluate(ParentRunner.java:268)
	at org.junit.internal.runners.statements.RunBefores.evaluate(RunBefores.java:26)
	at org.junit.runners.ParentRunner.run(ParentRunner.java:363)
	at org.apache.maven.surefire.junit4.JUnit4Provider.execute(JUnit4Provider.java:252)
	at org.apache.maven.surefire.junit4.JUnit4Provider.executeTestSet(JUnit4Provider.java:141)
	at org.apache.maven.surefire.junit4.JUnit4Provider.invoke(JUnit4Provider.java:112)
	at java.base/jdk.internal.reflect.NativeMethodAccessorImpl.invoke0(Native Method)
	at java.base/jdk.internal.reflect.NativeMethodAccessorImpl.invoke(NativeMethodAccessorImpl.java:62)
	at java.base/jdk.internal.reflect.DelegatingMethodAccessorImpl.invoke(DelegatingMethodAccessorImpl.java:43)
	at java.base/java.lang.reflect.Method.invoke(Method.java:564)
	at org.apache.maven.surefire.util.ReflectionUtils.invokeMethodWithArray(ReflectionUtils.java:189)
	at org.apache.maven.surefire.booter.ProviderFactory$ProviderProxy.invoke(ProviderFactory.java:165)
	at org.apache.maven.surefire.booter.ProviderFactory.invokeProvider(ProviderFactory.java:85)
	at org.apache.maven.surefire.booter.ForkedBooter.runSuitesInProcess(ForkedBooter.java:115)
	at org.apache.maven.surefire.booter.ForkedBooter.main(ForkedBooter.java:75)
</failure>
    <system-out>17:26:24.427 [main] DEBUG org.springframework.transaction.annotation.AnnotationTransactionAttributeSource - Adding transactional method &apos;org.codemaster.shoppingbackend.daoimpl.ProductDAOImpl.listActiveProducts&apos; with attribute: PROPAGATION_REQUIRED,ISOLATION_DEFAULT; &apos;&apos;
17:26:24.427 [main] DEBUG org.springframework.orm.hibernate5.HibernateTransactionManager - Creating new transaction with name [org.codemaster.shoppingbackend.daoimpl.ProductDAOImpl.listActiveProducts]: PROPAGATION_REQUIRED,ISOLATION_DEFAULT; &apos;&apos;
17:26:24.427 [main] DEBUG org.springframework.orm.hibernate5.HibernateTransactionManager - Opened new Session [SessionImpl(PersistenceContext[entityKeys=[],collectionKeys=[]];ActionQueue[insertions=ExecutableList{size=0} updates=ExecutableList{size=0} deletions=ExecutableList{size=0} orphanRemovals=ExecutableList{size=0} collectionCreations=ExecutableList{size=0} collectionRemovals=ExecutableList{size=0} collectionUpdates=ExecutableList{size=0} collectionQueuedOps=ExecutableList{size=0} unresolvedInsertDependencies=null])] for Hibernate transaction
17:26:24.427 [main] DEBUG org.springframework.orm.hibernate5.HibernateTransactionManager - Preparing JDBC Connection of Hibernate Session [SessionImpl(PersistenceContext[entityKeys=[],collectionKeys=[]];ActionQueue[insertions=ExecutableList{size=0} updates=ExecutableList{size=0} deletions=ExecutableList{size=0} orphanRemovals=ExecutableList{size=0} collectionCreations=ExecutableList{size=0} collectionRemovals=ExecutableList{size=0} collectionUpdates=ExecutableList{size=0} collectionQueuedOps=ExecutableList{size=0} unresolvedInsertDependencies=null])]
17:26:24.443 [main] DEBUG org.hibernate.engine.transaction.internal.TransactionImpl - begin
17:26:24.458 [main] DEBUG org.springframework.orm.hibernate5.HibernateTransactionManager - Exposing Hibernate transaction as JDBC transaction [2047521920, URL=jdbc:h2:~/onlineshopping, UserName=SA, H2 JDBC Driver]
17:26:24.458 [main] DEBUG org.hibernate.hql.internal.ast.QueryTranslatorImpl - parse() - HQL: FROM org.codemaster.shoppingbackend.dto.Product WHERE active = :active
17:26:24.458 [main] DEBUG org.hibernate.hql.internal.ast.ErrorCounter - throwQueryException() : no errors
17:26:24.474 [main] DEBUG org.hibernate.hql.internal.ast.QueryTranslatorImpl - --- HQL AST ---
 \-[QUERY] Node: &apos;query&apos;
    +-[SELECT_FROM] Node: &apos;SELECT_FROM&apos;
    |  \-[FROM] Node: &apos;FROM&apos;
    |     \-[RANGE] Node: &apos;RANGE&apos;
    |        \-[DOT] Node: &apos;.&apos;
    |           +-[DOT] Node: &apos;.&apos;
    |           |  +-[DOT] Node: &apos;.&apos;
    |           |  |  +-[DOT] Node: &apos;.&apos;
    |           |  |  |  +-[IDENT] Node: &apos;org&apos;
    |           |  |  |  \-[IDENT] Node: &apos;codemaster&apos;
    |           |  |  \-[IDENT] Node: &apos;shoppingbackend&apos;
    |           |  \-[IDENT] Node: &apos;dto&apos;
    |           \-[IDENT] Node: &apos;Product&apos;
    \-[WHERE] Node: &apos;WHERE&apos;
       \-[EQ] Node: &apos;=&apos;
          +-[IDENT] Node: &apos;active&apos;
          \-[COLON] Node: &apos;:&apos;
             \-[IDENT] Node: &apos;active&apos;

17:26:24.474 [main] DEBUG org.hibernate.hql.internal.antlr.HqlSqlBaseWalker - select &lt;&lt; begin [level=1, statement=select]
17:26:24.490 [main] DEBUG org.hibernate.hql.internal.ast.tree.FromElement - FromClause{level=1} : org.codemaster.shoppingbackend.dto.Product (&lt;no alias&gt;) -&gt; product0_
17:26:24.490 [main] DEBUG org.hibernate.hql.internal.ast.tree.FromReferenceNode - Resolved : {synthetic-alias} -&gt; {synthetic-alias}
17:26:24.490 [main] DEBUG org.hibernate.hql.internal.ast.tree.DotNode - getDataType() : active -&gt; org.hibernate.type.BooleanType@1eef9aef
17:26:24.490 [main] DEBUG org.hibernate.hql.internal.ast.tree.FromReferenceNode - Resolved : {synthetic-alias}.active -&gt; product0_.is_active
17:26:24.490 [main] DEBUG org.hibernate.hql.internal.antlr.HqlSqlBaseWalker - select : finishing up [level=1, statement=select]
17:26:24.490 [main] DEBUG org.hibernate.hql.internal.ast.HqlSqlWalker - processQuery() :  ( SELECT ( FromClause{level=1} Product product0_ ) ( WHERE ( = ( product0_.is_active {synthetic-alias} active ) ? ) ) )
17:26:24.490 [main] DEBUG org.hibernate.hql.internal.ast.HqlSqlWalker - Derived SELECT clause created.
17:26:24.490 [main] DEBUG org.hibernate.hql.internal.ast.util.JoinProcessor - Using FROM fragment [Product product0_]
17:26:24.490 [main] DEBUG org.hibernate.hql.internal.antlr.HqlSqlBaseWalker - select &gt;&gt; end [level=1, statement=select]
17:26:24.505 [main] DEBUG org.hibernate.hql.internal.ast.QueryTranslatorImpl - --- SQL AST ---
 \-[SELECT] QueryNode: &apos;SELECT&apos;  querySpaces (Product)
    +-[SELECT_CLAUSE] SelectClause: &apos;{derived select clause}&apos;
    |  +-[SELECT_EXPR] SelectExpressionImpl: &apos;product0_.id as id1_6_&apos; {FromElement{explicit,not a collection join,not a fetch join,fetch non-lazy properties,classAlias=null,role=null,tableName=Product,tableAlias=product0_,origin=null,columns={,className=org.codemaster.shoppingbackend.dto.Product}}}
    |  \-[SQL_TOKEN] SqlFragment: &apos;product0_.is_active as is_activ2_6_, product0_.brand as brand3_6_, product0_.category_id as category4_6_, product0_.code as code5_6_, product0_.description as descript6_6_, product0_.name as name7_6_, product0_.purchases as purchase8_6_, product0_.quantity as quantity9_6_, product0_.supplier_id as supplie10_6_, product0_.unit_price as unit_pr11_6_, product0_.views as views12_6_&apos;
    +-[FROM] FromClause: &apos;FROM&apos; FromClause{level=1, fromElementCounter=1, fromElements=1, fromElementByClassAlias=[], fromElementByTableAlias=[product0_], fromElementsByPath=[], collectionJoinFromElementsByPath=[], impliedElements=[]}
    |  \-[FROM_FRAGMENT] FromElement: &apos;Product product0_&apos; FromElement{explicit,not a collection join,not a fetch join,fetch non-lazy properties,classAlias=null,role=null,tableName=Product,tableAlias=product0_,origin=null,columns={,className=org.codemaster.shoppingbackend.dto.Product}}
    \-[WHERE] SqlNode: &apos;WHERE&apos;
       \-[EQ] BinaryLogicOperatorNode: &apos;=&apos;
          +-[DOT] DotNode: &apos;product0_.is_active&apos; {propertyName=active,dereferenceType=PRIMITIVE,getPropertyPath=active,path={synthetic-alias}.active,tableAlias=product0_,className=org.codemaster.shoppingbackend.dto.Product,classAlias=null}
          |  +-[IDENT] IdentNode: &apos;{synthetic-alias}&apos; {originalText={synthetic-alias}}
          |  \-[IDENT] IdentNode: &apos;active&apos; {originalText=active}
          \-[NAMED_PARAM] ParameterNode: &apos;?&apos; {name=active, expectedType=org.hibernate.type.BooleanType@1eef9aef}

17:26:24.505 [main] DEBUG org.hibernate.hql.internal.ast.ErrorCounter - throwQueryException() : no errors
17:26:24.505 [main] DEBUG org.hibernate.hql.internal.ast.QueryTranslatorImpl - HQL: FROM org.codemaster.shoppingbackend.dto.Product WHERE active = :active
17:26:24.505 [main] DEBUG org.hibernate.hql.internal.ast.QueryTranslatorImpl - SQL: select product0_.id as id1_6_, product0_.is_active as is_activ2_6_, product0_.brand as brand3_6_, product0_.category_id as category4_6_, product0_.code as code5_6_, product0_.description as descript6_6_, product0_.name as name7_6_, product0_.purchases as purchase8_6_, product0_.quantity as quantity9_6_, product0_.supplier_id as supplie10_6_, product0_.unit_price as unit_pr11_6_, product0_.views as views12_6_ from Product product0_ where product0_.is_active=?
17:26:24.505 [main] DEBUG org.hibernate.hql.internal.ast.ErrorCounter - throwQueryException() : no errors
17:26:24.505 [main] DEBUG org.hibernate.SQL - 
    select
        product0_.id as id1_6_,
        product0_.is_active as is_activ2_6_,
        product0_.brand as brand3_6_,
        product0_.category_id as category4_6_,
        product0_.code as code5_6_,
        product0_.description as descript6_6_,
        product0_.name as name7_6_,
        product0_.purchases as purchase8_6_,
        product0_.quantity as quantity9_6_,
        product0_.supplier_id as supplie10_6_,
        product0_.unit_price as unit_pr11_6_,
        product0_.views as views12_6_ 
    from
        Product product0_ 
    where
        product0_.is_active=?
Hibernate: 
    select
        product0_.id as id1_6_,
        product0_.is_active as is_activ2_6_,
        product0_.brand as brand3_6_,
        product0_.category_id as category4_6_,
        product0_.code as code5_6_,
        product0_.description as descript6_6_,
        product0_.name as name7_6_,
        product0_.purchases as purchase8_6_,
        product0_.quantity as quantity9_6_,
        product0_.supplier_id as supplie10_6_,
        product0_.unit_price as unit_pr11_6_,
        product0_.views as views12_6_ 
    from
        Product product0_ 
    where
        product0_.is_active=?
17:26:24.505 [main] DEBUG org.hibernate.loader.Loader - Result set row: 0
17:26:24.505 [main] DEBUG org.hibernate.loader.Loader - Result row: EntityKey[org.codemaster.shoppingbackend.dto.Product#1]
17:26:24.505 [main] DEBUG org.hibernate.loader.Loader - Result set row: 1
17:26:24.505 [main] DEBUG org.hibernate.loader.Loader - Result row: EntityKey[org.codemaster.shoppingbackend.dto.Product#2]
17:26:24.505 [main] DEBUG org.hibernate.engine.internal.TwoPhaseLoad - Resolving associations for [org.codemaster.shoppingbackend.dto.Product#1]
17:26:24.505 [main] DEBUG org.hibernate.engine.internal.TwoPhaseLoad - Done materializing entity [org.codemaster.shoppingbackend.dto.Product#1]
17:26:24.505 [main] DEBUG org.hibernate.engine.internal.TwoPhaseLoad - Resolving associations for [org.codemaster.shoppingbackend.dto.Product#2]
17:26:24.505 [main] DEBUG org.hibernate.engine.internal.TwoPhaseLoad - Done materializing entity [org.codemaster.shoppingbackend.dto.Product#2]
17:26:24.505 [main] DEBUG org.springframework.orm.hibernate5.HibernateTransactionManager - Initiating transaction commit
17:26:24.505 [main] DEBUG org.springframework.orm.hibernate5.HibernateTransactionManager - Committing Hibernate transaction on Session [SessionImpl(PersistenceContext[entityKeys=[EntityKey[org.codemaster.shoppingbackend.dto.Product#2], EntityKey[org.codemaster.shoppingbackend.dto.Product#1]],collectionKeys=[]];ActionQueue[insertions=ExecutableList{size=0} updates=ExecutableList{size=0} deletions=ExecutableList{size=0} orphanRemovals=ExecutableList{size=0} collectionCreations=ExecutableList{size=0} collectionRemovals=ExecutableList{size=0} collectionUpdates=ExecutableList{size=0} collectionQueuedOps=ExecutableList{size=0} unresolvedInsertDependencies=null])]
17:26:24.505 [main] DEBUG org.hibernate.engine.transaction.internal.TransactionImpl - committing
17:26:24.505 [main] DEBUG org.hibernate.event.internal.AbstractFlushingEventListener - Processing flush-time cascades
17:26:24.505 [main] DEBUG org.hibernate.event.internal.AbstractFlushingEventListener - Dirty checking collections
17:26:24.505 [main] DEBUG org.hibernate.event.internal.AbstractFlushingEventListener - Flushed: 0 insertions, 0 updates, 0 deletions to 2 objects
17:26:24.505 [main] DEBUG org.hibernate.event.internal.AbstractFlushingEventListener - Flushed: 0 (re)creations, 0 updates, 0 removals to 0 collections
17:26:24.505 [main] DEBUG org.hibernate.internal.util.EntityPrinter - Listing entities:
17:26:24.505 [main] DEBUG org.hibernate.internal.util.EntityPrinter - org.codemaster.shoppingbackend.dto.Product{unitPrice=12.0, code=PRDBE3990EF49, quantity=6, supplierId=1, purchases=4, name=qw, active=true, description=qw, id=2, brand=qw, categoryId=1, views=54}
17:26:24.505 [main] DEBUG org.hibernate.internal.util.EntityPrinter - org.codemaster.shoppingbackend.dto.Product{unitPrice=25000.0, code=PRD8BD45ACC7D, quantity=0, supplierId=3, purchases=5, name=Product, active=true, description=This is some description clothes., id=1, brand=nike, categoryId=1, views=20}
17:26:24.505 [main] DEBUG org.springframework.orm.hibernate5.HibernateTransactionManager - Closing Hibernate Session [SessionImpl(PersistenceContext[entityKeys=[EntityKey[org.codemaster.shoppingbackend.dto.Product#2], EntityKey[org.codemaster.shoppingbackend.dto.Product#1]],collectionKeys=[]];ActionQueue[insertions=ExecutableList{size=0} updates=ExecutableList{size=0} deletions=ExecutableList{size=0} orphanRemovals=ExecutableList{size=0} collectionCreations=ExecutableList{size=0} collectionRemovals=ExecutableList{size=0} collectionUpdates=ExecutableList{size=0} collectionQueuedOps=ExecutableList{size=0} unresolvedInsertDependencies=null])] after transaction
</system-out>
  </testcase>
  <testcase classname="org.codemaster.shoppingbackend.test.UserTestCase" name="testGetLatestActiveProduct" time="0"/>
  <testcase classname="org.codemaster.shoppingbackend.test.UserTestCase" name="testCRUDProduct" time="0.111"/>
</testsuite>